2018-02-13 18:48:19,140 - HackerNewsParser - INFO - Get item #162666...
2018-02-13 18:48:38,421 - HackerNewsParser - INFO - Get item #162666...
2018-02-13 18:58:16,890 - HackerNewsParser - INFO - Get item #166666...
2018-02-13 18:58:45,328 - HackerNewsParser - INFO - Get item #154666...
2018-02-13 18:58:46,843 - HackerNewsParser - ERROR - Timeout: https://hacker-news.firebaseio.com/v0/item/154666.json?print=pretty. Try 1 of 4 (set timeout to 1)
2018-02-13 18:59:16,546 - HackerNewsParser - INFO - Get item #166557...
2018-02-13 19:02:43,468 - HackerNewsParser - INFO - Get item #154665...
2018-02-13 19:03:56,468 - HackerNewsParser - INFO - Get item #16250675...
2018-02-13 19:04:06,875 - HackerNewsParser - INFO - Get item #16250675...
2018-02-17 16:09:24,464 - HackerNewsParser - INFO - Get item #16250675...
2018-02-17 16:11:29,645 - HackerNewsParser - INFO - Get item #16250675...
2018-02-17 16:14:11,550 - HackerNewsParser - INFO - Get item #16250675...
2018-02-17 16:21:36,907 - HackerNewsParser - INFO - Get item #16250675...
2018-02-17 17:12:07,921 - HackerNewsParser - INFO - Get item #16250675...
2018-02-18 12:22:07,261 - HackerNewsParser - INFO - Get category 'jobstories'...
2018-02-18 12:22:07,980 - HackerNewsParser - INFO - Get item #16404959...
2018-02-18 12:22:08,704 - HackerNewsParser - INFO - Get item #16403899...
2018-02-18 12:22:09,343 - HackerNewsParser - INFO - Get item #16402652...
2018-02-18 12:22:10,000 - HackerNewsParser - INFO - Get item #16401405...
2018-02-18 12:22:10,641 - HackerNewsParser - INFO - Get item #16400317...
2018-02-18 12:22:11,278 - HackerNewsParser - INFO - Get item #16399670...
2018-02-18 12:22:11,946 - HackerNewsParser - INFO - Get item #16398823...
2018-02-18 12:22:12,610 - HackerNewsParser - INFO - Get item #16395829...
2018-02-18 12:22:13,274 - HackerNewsParser - INFO - Get item #16393177...
2018-02-18 12:22:13,917 - HackerNewsParser - INFO - Get item #16391244...
2018-02-18 12:22:14,551 - HackerNewsParser - INFO - Get item #16390425...
2018-02-18 12:22:15,188 - HackerNewsParser - INFO - Get item #16389589...
2018-02-18 12:22:16,297 - HackerNewsParser - INFO - Get item #16388859...
2018-02-18 12:22:16,932 - HackerNewsParser - INFO - Get item #16387328...
2018-02-18 12:22:17,587 - HackerNewsParser - INFO - Get item #16385666...
2018-02-18 12:22:18,234 - HackerNewsParser - INFO - Get item #16383411...
2018-02-18 12:22:18,865 - HackerNewsParser - INFO - Get item #16382653...
2018-02-18 12:22:19,507 - HackerNewsParser - INFO - Get item #16381963...
2018-02-18 12:22:20,190 - HackerNewsParser - INFO - Get item #16381212...
2018-02-18 12:22:20,833 - HackerNewsParser - INFO - Get item #16379737...
2018-02-18 12:22:21,492 - HackerNewsParser - INFO - Get item #16377840...
2018-02-18 12:22:22,129 - HackerNewsParser - INFO - Get item #16375390...
2018-02-18 12:22:22,666 - HackerNewsParser - INFO - Get item #16374434...
2018-02-18 12:22:23,227 - HackerNewsParser - INFO - Get item #16373638...
2018-02-18 12:22:23,862 - HackerNewsParser - INFO - Get item #16372700...
2018-02-18 12:22:24,518 - HackerNewsParser - INFO - Get item #16371113...
2018-02-18 12:22:25,164 - HackerNewsParser - INFO - Get item #16368939...
2018-02-18 12:22:25,808 - HackerNewsParser - INFO - Get item #16366489...
2018-02-18 12:22:26,446 - HackerNewsParser - INFO - In category 'jobstories' get 28 records
2018-02-18 13:27:54,320 - HackerNewsParser - INFO - Get category 'jobstories'...
2018-02-18 13:27:54,976 - HackerNewsParser - INFO - Get item #16404959...
2018-02-18 13:27:55,620 - HackerNewsParser - INFO - Get item #16403899...
2018-02-18 13:27:56,259 - HackerNewsParser - INFO - Get item #16402652...
2018-02-18 13:27:56,903 - HackerNewsParser - INFO - Get item #16401405...
2018-02-18 13:27:57,559 - HackerNewsParser - INFO - Get item #16400317...
2018-02-18 13:27:58,210 - HackerNewsParser - INFO - Get item #16399670...
2018-02-18 13:27:58,853 - HackerNewsParser - INFO - Get item #16398823...
2018-02-18 13:27:59,521 - HackerNewsParser - INFO - Get item #16395829...
2018-02-18 13:28:00,160 - HackerNewsParser - INFO - Get item #16393177...
2018-02-18 13:28:00,826 - HackerNewsParser - INFO - Get item #16391244...
2018-02-18 13:28:01,488 - HackerNewsParser - INFO - Get item #16390425...
2018-02-18 13:28:02,131 - HackerNewsParser - INFO - Get item #16389589...
2018-02-18 13:28:02,775 - HackerNewsParser - INFO - Get item #16388859...
2018-02-18 13:28:03,421 - HackerNewsParser - INFO - Get item #16387328...
2018-02-18 13:28:04,065 - HackerNewsParser - INFO - Get item #16385666...
2018-02-18 13:28:04,745 - HackerNewsParser - INFO - Get item #16383411...
2018-02-18 13:28:05,404 - HackerNewsParser - INFO - Get item #16382653...
2018-02-18 13:28:06,072 - HackerNewsParser - INFO - Get item #16381963...
2018-02-18 13:28:06,729 - HackerNewsParser - INFO - Get item #16381212...
2018-02-18 13:28:07,801 - HackerNewsParser - INFO - Get item #16379737...
2018-02-18 13:28:08,436 - HackerNewsParser - INFO - Get item #16377840...
2018-02-18 13:28:09,088 - HackerNewsParser - INFO - Get item #16375390...
2018-02-18 13:28:09,728 - HackerNewsParser - INFO - Get item #16374434...
2018-02-18 13:28:10,386 - HackerNewsParser - INFO - Get item #16373638...
2018-02-18 13:28:11,025 - HackerNewsParser - INFO - Get item #16372700...
2018-02-18 13:28:11,663 - HackerNewsParser - INFO - Get item #16371113...
2018-02-18 13:28:12,294 - HackerNewsParser - INFO - Get item #16368939...
2018-02-18 13:28:12,929 - HackerNewsParser - INFO - Get item #16366489...
2018-02-18 13:28:13,566 - HackerNewsParser - INFO - In category 'jobstories' get 28 records
2018-02-18 13:58:31,250 - HackerNewsParser - INFO - Get category 'jobstories'...
2018-02-18 13:58:31,908 - HackerNewsParser - INFO - Get item #16404959...
2018-02-18 13:58:32,558 - HackerNewsParser - INFO - Get item #16403899...
2018-02-18 13:58:33,209 - HackerNewsParser - INFO - Get item #16402652...
2018-02-18 13:58:33,866 - HackerNewsParser - INFO - Get item #16401405...
2018-02-18 13:58:34,518 - HackerNewsParser - INFO - Get item #16400317...
2018-02-18 13:58:35,159 - HackerNewsParser - INFO - Get item #16399670...
2018-02-18 13:58:35,832 - HackerNewsParser - INFO - Get item #16398823...
2018-02-18 13:58:36,497 - HackerNewsParser - INFO - Get item #16395829...
2018-02-18 13:58:37,153 - HackerNewsParser - INFO - Get item #16393177...
2018-02-18 13:58:37,805 - HackerNewsParser - INFO - Get item #16391244...
2018-02-18 13:58:38,450 - HackerNewsParser - INFO - Get item #16390425...
2018-02-18 13:58:39,114 - HackerNewsParser - INFO - Get item #16389589...
2018-02-18 13:58:39,761 - HackerNewsParser - INFO - Get item #16388859...
2018-02-18 13:58:40,413 - HackerNewsParser - INFO - Get item #16387328...
2018-02-18 13:58:41,049 - HackerNewsParser - INFO - Get item #16385666...
2018-02-18 13:58:41,690 - HackerNewsParser - INFO - Get item #16383411...
2018-02-18 13:58:42,355 - HackerNewsParser - INFO - Get item #16382653...
2018-02-18 13:58:43,011 - HackerNewsParser - INFO - Get item #16381963...
2018-02-18 13:58:43,668 - HackerNewsParser - INFO - Get item #16381212...
2018-02-18 13:58:44,303 - HackerNewsParser - INFO - Get item #16379737...
2018-02-18 13:58:44,951 - HackerNewsParser - INFO - Get item #16377840...
2018-02-18 13:58:45,601 - HackerNewsParser - INFO - Get item #16375390...
2018-02-18 13:58:46,243 - HackerNewsParser - INFO - Get item #16374434...
2018-02-18 13:58:46,888 - HackerNewsParser - INFO - Get item #16373638...
2018-02-18 13:58:47,556 - HackerNewsParser - INFO - Get item #16372700...
2018-02-18 13:58:48,194 - HackerNewsParser - INFO - Get item #16371113...
2018-02-18 13:58:48,827 - HackerNewsParser - INFO - Get item #16368939...
2018-02-18 13:58:49,496 - HackerNewsParser - INFO - Get item #16366489...
2018-02-18 13:58:50,165 - HackerNewsParser - INFO - In category 'jobstories' get 28 records
2018-02-18 14:02:26,537 - HackerNewsParser - INFO - Get category 'jobstories'...
2018-02-18 14:02:27,685 - HackerNewsParser - INFO - Get item #16404959...
2018-02-18 14:02:28,327 - HackerNewsParser - INFO - Get item #16403899...
2018-02-18 14:02:28,968 - HackerNewsParser - INFO - Get item #16402652...
2018-02-18 14:02:29,641 - HackerNewsParser - INFO - Get item #16401405...
2018-02-18 14:02:30,323 - HackerNewsParser - INFO - Get item #16400317...
2018-02-18 14:02:30,973 - HackerNewsParser - INFO - Get item #16399670...
2018-02-18 14:02:31,623 - HackerNewsParser - INFO - Get item #16398823...
2018-02-18 14:02:32,283 - HackerNewsParser - INFO - Get item #16395829...
2018-02-18 14:02:32,932 - HackerNewsParser - INFO - Get item #16393177...
2018-02-18 14:02:33,581 - HackerNewsParser - INFO - Get item #16391244...
2018-02-18 14:02:34,222 - HackerNewsParser - INFO - Get item #16390425...
2018-02-18 14:02:34,871 - HackerNewsParser - INFO - Get item #16389589...
2018-02-18 14:02:35,525 - HackerNewsParser - INFO - Get item #16388859...
2018-02-18 14:02:36,181 - HackerNewsParser - INFO - Get item #16387328...
2018-02-18 14:02:36,826 - HackerNewsParser - INFO - Get item #16385666...
2018-02-18 14:02:37,503 - HackerNewsParser - INFO - Get item #16383411...
2018-02-18 14:02:38,160 - HackerNewsParser - INFO - Get item #16382653...
2018-02-18 14:02:38,801 - HackerNewsParser - INFO - Get item #16381963...
2018-02-18 14:02:39,443 - HackerNewsParser - INFO - Get item #16381212...
2018-02-18 14:02:40,117 - HackerNewsParser - INFO - Get item #16379737...
2018-02-18 14:02:40,756 - HackerNewsParser - INFO - Get item #16377840...
2018-02-18 14:02:41,389 - HackerNewsParser - INFO - Get item #16375390...
2018-02-18 14:02:42,033 - HackerNewsParser - INFO - Get item #16374434...
2018-02-18 14:02:42,686 - HackerNewsParser - INFO - Get item #16373638...
2018-02-18 14:02:43,326 - HackerNewsParser - INFO - Get item #16372700...
2018-02-18 14:02:43,965 - HackerNewsParser - INFO - Get item #16371113...
2018-02-18 14:02:44,614 - HackerNewsParser - INFO - Get item #16368939...
2018-02-18 14:02:50,317 - HackerNewsParser - INFO - Get item #16366489...
2018-02-18 14:02:51,017 - HackerNewsParser - INFO - In category 'jobstories' get 28 records
2018-02-18 14:05:41,434 - HackerNewsParser - INFO - Get category 'jobstories'...
2018-02-18 14:05:42,908 - HackerNewsParser - ERROR - Timeout: https://hacker-news.firebaseio.com/v0/jobstories.json?print=pretty. Try 1 of 4 (set timeout to 1)
2018-02-18 14:05:43,554 - HackerNewsParser - INFO - Get item #16404959...
2018-02-18 14:05:44,194 - HackerNewsParser - INFO - Get item #16403899...
2018-02-18 14:05:44,831 - HackerNewsParser - INFO - Get item #16402652...
2018-02-18 14:05:45,490 - HackerNewsParser - INFO - Get item #16401405...
2018-02-18 14:05:46,135 - HackerNewsParser - INFO - Get item #16400317...
2018-02-18 14:05:46,835 - HackerNewsParser - INFO - Get item #16399670...
2018-02-18 14:05:47,548 - HackerNewsParser - INFO - Get item #16398823...
2018-02-18 14:05:48,212 - HackerNewsParser - INFO - Get item #16395829...
2018-02-18 14:05:48,845 - HackerNewsParser - INFO - Get item #16393177...
2018-02-18 14:05:49,495 - HackerNewsParser - INFO - Get item #16391244...
2018-02-18 14:05:50,160 - HackerNewsParser - INFO - Get item #16390425...
2018-02-18 14:05:50,802 - HackerNewsParser - INFO - Get item #16389589...
2018-02-18 14:05:51,452 - HackerNewsParser - INFO - Get item #16388859...
2018-02-18 14:05:52,105 - HackerNewsParser - INFO - Get item #16387328...
2018-02-18 14:05:52,747 - HackerNewsParser - INFO - Get item #16385666...
2018-02-18 14:05:53,385 - HackerNewsParser - INFO - Get item #16383411...
2018-02-18 14:05:54,039 - HackerNewsParser - INFO - Get item #16382653...
2018-02-18 14:05:54,693 - HackerNewsParser - INFO - Get item #16381963...
2018-02-18 14:05:55,338 - HackerNewsParser - INFO - Get item #16381212...
2018-02-18 14:05:55,995 - HackerNewsParser - INFO - Get item #16379737...
2018-02-18 14:05:56,637 - HackerNewsParser - INFO - Get item #16377840...
2018-02-18 14:05:57,271 - HackerNewsParser - INFO - Get item #16375390...
2018-02-18 14:05:57,914 - HackerNewsParser - INFO - Get item #16374434...
2018-02-18 14:05:58,560 - HackerNewsParser - INFO - Get item #16373638...
2018-02-18 14:05:59,195 - HackerNewsParser - INFO - Get item #16372700...
2018-02-18 14:05:59,840 - HackerNewsParser - INFO - Get item #16371113...
2018-02-18 14:06:00,475 - HackerNewsParser - INFO - Get item #16368939...
2018-02-18 14:06:01,118 - HackerNewsParser - INFO - Get item #16366489...
2018-02-18 14:06:01,755 - HackerNewsParser - INFO - In category 'jobstories' get 28 records
2018-02-18 16:42:54,296 - HackerNewsParser - INFO - Get category 'jobstories'...
2018-02-18 16:42:55,002 - HackerNewsParser - INFO - Get item #16404959...
2018-02-18 16:42:55,718 - HackerNewsParser - INFO - Get item #16403899...
2018-02-18 16:42:56,377 - HackerNewsParser - INFO - Get item #16402652...
2018-02-18 16:42:57,020 - HackerNewsParser - INFO - Get item #16401405...
2018-02-18 16:42:57,664 - HackerNewsParser - INFO - Get item #16400317...
2018-02-18 16:42:58,433 - HackerNewsParser - INFO - Get item #16399670...
2018-02-18 16:42:59,108 - HackerNewsParser - INFO - Get item #16398823...
2018-02-18 16:42:59,752 - HackerNewsParser - INFO - Get item #16395829...
2018-02-18 16:43:00,929 - HackerNewsParser - INFO - Get item #16393177...
2018-02-18 16:43:01,579 - HackerNewsParser - INFO - Get item #16391244...
2018-02-18 16:43:02,214 - HackerNewsParser - INFO - Get item #16390425...
2018-02-18 16:43:02,857 - HackerNewsParser - INFO - Get item #16389589...
2018-02-18 16:43:03,501 - HackerNewsParser - INFO - Get item #16388859...
2018-02-18 16:43:04,149 - HackerNewsParser - INFO - Get item #16387328...
2018-02-18 16:43:04,812 - HackerNewsParser - INFO - Get item #16385666...
2018-02-18 16:43:05,465 - HackerNewsParser - INFO - Get item #16383411...
2018-02-18 16:43:06,107 - HackerNewsParser - INFO - Get item #16382653...
2018-02-18 16:43:06,755 - HackerNewsParser - INFO - Get item #16381963...
2018-02-18 16:43:07,403 - HackerNewsParser - INFO - Get item #16381212...
2018-02-18 16:43:08,047 - HackerNewsParser - INFO - Get item #16379737...
2018-02-18 16:43:08,689 - HackerNewsParser - INFO - Get item #16377840...
2018-02-18 16:43:09,333 - HackerNewsParser - INFO - Get item #16375390...
2018-02-18 16:43:09,993 - HackerNewsParser - INFO - Get item #16374434...
2018-02-18 16:43:10,637 - HackerNewsParser - INFO - Get item #16373638...
2018-02-18 16:43:11,311 - HackerNewsParser - INFO - Get item #16372700...
2018-02-18 16:43:11,978 - HackerNewsParser - INFO - Get item #16371113...
2018-02-18 16:43:12,619 - HackerNewsParser - INFO - Get item #16368939...
2018-02-18 16:43:13,287 - HackerNewsParser - INFO - Get item #16366489...
2018-02-18 16:43:14,176 - HackerNewsParser - INFO - In category 'jobstories' get 28 records
2018-02-18 19:32:47,555 - HackerNewsParser - INFO - Get category 'topstories'...
2018-02-18 19:32:48,209 - HackerNewsParser - INFO - Get item #16406471...
2018-02-18 19:32:48,863 - HackerNewsParser - INFO - Get item #16406963...
2018-02-18 19:32:49,511 - HackerNewsParser - INFO - Get item #16407484...
2018-02-18 19:32:50,187 - HackerNewsParser - INFO - Get item #16404052...
2018-02-18 19:32:50,862 - HackerNewsParser - INFO - Get item #16406822...
2018-02-18 19:32:52,231 - HackerNewsParser - INFO - Get item #16406946...
2018-02-18 19:32:52,926 - HackerNewsParser - INFO - Get item #16406359...
2018-02-18 19:32:53,580 - HackerNewsParser - INFO - Get item #16407170...
2018-02-18 19:32:54,227 - HackerNewsParser - INFO - Get item #16406761...
2018-02-18 19:32:54,874 - HackerNewsParser - INFO - Get item #16407135...
2018-02-18 19:32:55,590 - HackerNewsParser - INFO - Get item #16406861...
2018-02-18 19:32:56,237 - HackerNewsParser - INFO - Get item #16406664...
2018-02-18 19:32:56,884 - HackerNewsParser - INFO - Get item #16405426...
2018-02-18 19:32:57,522 - HackerNewsParser - INFO - Get item #16406663...
2018-02-18 19:32:58,175 - HackerNewsParser - INFO - Get item #16406044...
2018-02-18 19:32:58,819 - HackerNewsParser - INFO - Get item #16404452...
2018-02-18 19:33:00,312 - HackerNewsParser - ERROR - Timeout: https://hacker-news.firebaseio.com/v0/item/16404452.json?print=pretty. Try 1 of 4 (set timeout to 1)
2018-02-18 19:33:00,967 - HackerNewsParser - INFO - Get item #16404038...
2018-02-18 19:33:01,608 - HackerNewsParser - INFO - Get item #16403062...
2018-02-18 19:33:02,261 - HackerNewsParser - INFO - Get item #16405255...
2018-02-18 19:33:02,921 - HackerNewsParser - INFO - Get item #16407215...
2018-02-18 19:33:03,655 - HackerNewsParser - INFO - Get item #16405362...
2018-02-18 19:33:04,328 - HackerNewsParser - INFO - Get item #16404389...
2018-02-18 19:33:04,981 - HackerNewsParser - INFO - Get item #16404078...
2018-02-18 19:33:05,624 - HackerNewsParser - INFO - Get item #16407324...
2018-02-18 19:33:06,275 - HackerNewsParser - INFO - Get item #16405760...
2018-02-18 19:33:06,926 - HackerNewsParser - INFO - Get item #16406967...
2018-02-18 19:33:07,588 - HackerNewsParser - INFO - Get item #16391730...
2018-02-18 19:33:08,233 - HackerNewsParser - INFO - Get item #16402006...
2018-02-18 19:33:08,896 - HackerNewsParser - INFO - Get item #16400916...
2018-02-18 19:33:09,543 - HackerNewsParser - INFO - Get item #16406017...
2018-02-18 19:33:10,224 - HackerNewsParser - INFO - Get item #16402975...
2018-02-18 19:33:10,863 - HackerNewsParser - INFO - Get item #16405046...
2018-02-18 19:33:12,085 - HackerNewsParser - INFO - Get item #16406431...
2018-02-18 19:33:12,729 - HackerNewsParser - INFO - Get item #16392223...
2018-02-18 19:33:13,366 - HackerNewsParser - INFO - Get item #16405252...
2018-02-18 19:33:14,007 - HackerNewsParser - INFO - Get item #16405771...
2018-02-18 19:33:14,668 - HackerNewsParser - INFO - Get item #16406180...
2018-02-18 19:33:15,310 - HackerNewsParser - INFO - Get item #16405164...
2018-02-18 19:33:15,962 - HackerNewsParser - INFO - Get item #16404230...
2018-02-18 19:33:16,613 - HackerNewsParser - INFO - Get item #16405123...
2018-02-18 19:33:17,254 - HackerNewsParser - INFO - Get item #16406225...
2018-02-18 19:33:17,901 - HackerNewsParser - INFO - Get item #16401042...
2018-02-18 19:33:18,557 - HackerNewsParser - INFO - Get item #16402623...
2018-02-18 19:33:19,203 - HackerNewsParser - INFO - Get item #16404551...
2018-02-18 19:33:19,889 - HackerNewsParser - INFO - Get item #16402754...
2018-02-18 19:33:20,613 - HackerNewsParser - INFO - Get item #16405166...
2018-02-18 19:33:21,480 - HackerNewsParser - INFO - Get item #16404718...
2018-02-18 19:33:22,125 - HackerNewsParser - INFO - Get item #16404250...
2018-02-18 19:33:22,782 - HackerNewsParser - INFO - Get item #16404385...
2018-02-18 19:33:23,423 - HackerNewsParser - INFO - Get item #16405926...
2018-02-18 19:33:24,075 - HackerNewsParser - INFO - Get item #16401991...
2018-02-18 19:33:24,725 - HackerNewsParser - INFO - Get item #16406716...
2018-02-18 19:33:25,377 - HackerNewsParser - INFO - Get item #16403219...
2018-02-18 19:33:26,040 - HackerNewsParser - INFO - Get item #16406512...
2018-02-18 19:33:26,770 - HackerNewsParser - INFO - Get item #16405533...
2018-02-18 19:33:27,404 - HackerNewsParser - INFO - Get item #16404504...
2018-02-18 19:33:28,899 - HackerNewsParser - ERROR - Timeout: https://hacker-news.firebaseio.com/v0/item/16404504.json?print=pretty. Try 1 of 4 (set timeout to 1)
2018-02-18 19:33:29,548 - HackerNewsParser - INFO - Get item #16404985...
2018-02-18 19:33:30,208 - HackerNewsParser - INFO - Get item #16405536...
2018-02-18 19:33:30,865 - HackerNewsParser - INFO - Get item #16400925...
2018-02-18 19:33:31,537 - HackerNewsParser - INFO - Get item #16406210...
2018-02-18 19:33:32,187 - HackerNewsParser - INFO - Get item #16405649...
2018-02-18 19:33:32,876 - HackerNewsParser - INFO - Get item #16406885...
2018-02-18 19:33:33,556 - HackerNewsParser - INFO - Get item #16402336...
2018-02-18 19:33:34,214 - HackerNewsParser - INFO - Get item #16407582...
2018-02-18 19:33:34,892 - HackerNewsParser - INFO - Get item #16400763...
2018-02-18 19:33:35,542 - HackerNewsParser - INFO - Get item #16402352...
2018-02-18 19:33:36,204 - HackerNewsParser - INFO - Get item #16403486...
2018-02-18 19:33:36,872 - HackerNewsParser - INFO - Get item #16406498...
2018-02-18 19:33:37,534 - HackerNewsParser - INFO - Get item #16406059...
2018-02-18 19:33:38,199 - HackerNewsParser - INFO - Get item #16391805...
2018-02-18 19:33:38,792 - HackerNewsParser - INFO - Get item #16404959...
2018-02-18 19:33:39,455 - HackerNewsParser - INFO - Get item #16404604...
2018-02-18 19:33:40,131 - HackerNewsParser - INFO - Get item #16403160...
2018-02-18 19:33:40,786 - HackerNewsParser - INFO - Get item #16391610...
2018-02-18 19:33:41,462 - HackerNewsParser - INFO - Get item #16401687...
2018-02-18 19:33:42,150 - HackerNewsParser - INFO - Get item #16405511...
2018-02-18 19:33:42,813 - HackerNewsParser - INFO - Get item #16400320...
2018-02-18 19:33:44,245 - HackerNewsParser - INFO - Get item #16403747...
2018-02-18 19:33:44,977 - HackerNewsParser - INFO - Get item #16405981...
2018-02-18 19:33:46,475 - HackerNewsParser - INFO - Get item #16399646...
2018-02-18 19:33:47,145 - HackerNewsParser - INFO - Get item #16395372...
2018-02-18 19:33:47,799 - HackerNewsParser - INFO - Get item #16392698...
2018-02-18 19:33:48,467 - HackerNewsParser - INFO - Get item #16406173...
2018-02-18 19:33:49,110 - HackerNewsParser - INFO - Get item #16404418...
2018-02-18 19:33:49,780 - HackerNewsParser - INFO - Get item #16398106...
2018-02-18 19:33:50,462 - HackerNewsParser - INFO - Get item #16403086...
2018-02-18 19:33:51,133 - HackerNewsParser - INFO - Get item #16402470...
2018-02-18 19:33:51,793 - HackerNewsParser - INFO - Get item #16399562...
2018-02-18 19:33:52,461 - HackerNewsParser - INFO - Get item #16402165...
2018-02-18 19:33:53,127 - HackerNewsParser - INFO - Get item #16399759...
2018-02-18 19:33:53,797 - HackerNewsParser - INFO - Get item #16405136...
2018-02-18 19:33:54,455 - HackerNewsParser - INFO - Get item #16403967...
2018-02-18 19:33:55,114 - HackerNewsParser - INFO - Get item #16388833...
2018-02-18 19:33:55,765 - HackerNewsParser - INFO - Get item #16392608...
2018-02-18 19:33:56,440 - HackerNewsParser - INFO - Get item #16391600...
2018-02-18 19:33:57,102 - HackerNewsParser - INFO - Get item #16395630...
2018-02-18 19:33:57,772 - HackerNewsParser - INFO - Get item #16404978...
2018-02-18 19:33:58,436 - HackerNewsParser - INFO - Get item #16395379...
2018-02-18 19:33:59,080 - HackerNewsParser - INFO - Get item #16380345...
2018-02-18 19:33:59,734 - HackerNewsParser - INFO - Get item #16400950...
2018-02-18 19:34:00,378 - HackerNewsParser - INFO - Get item #16402943...
2018-02-18 19:34:01,030 - HackerNewsParser - INFO - Get item #16396318...
2018-02-18 19:34:01,700 - HackerNewsParser - INFO - Get item #16394274...
2018-02-18 19:34:02,351 - HackerNewsParser - INFO - Get item #16403248...
2018-02-18 19:34:03,787 - HackerNewsParser - INFO - Get item #16390046...
2018-02-18 19:34:04,500 - HackerNewsParser - INFO - Get item #16403619...
2018-02-18 19:34:05,326 - HackerNewsParser - INFO - Get item #16401314...
2018-02-18 19:34:06,002 - HackerNewsParser - INFO - Get item #16398220...
2018-02-18 19:34:06,678 - HackerNewsParser - INFO - Get item #16402688...
2018-02-18 19:34:07,333 - HackerNewsParser - INFO - Get item #16399079...
2018-02-18 19:34:07,992 - HackerNewsParser - INFO - Get item #16405904...
2018-02-18 19:34:08,631 - HackerNewsParser - INFO - Get item #16403754...
2018-02-18 19:34:09,273 - HackerNewsParser - INFO - Get item #16400788...
2018-02-18 19:34:09,937 - HackerNewsParser - INFO - Get item #16393873...
2018-02-18 19:34:10,609 - HackerNewsParser - INFO - Get item #16394604...
2018-02-18 19:34:11,247 - HackerNewsParser - INFO - Get item #16401234...
2018-02-18 19:34:11,897 - HackerNewsParser - INFO - Get item #16392392...
2018-02-18 19:34:12,556 - HackerNewsParser - INFO - Get item #16403099...
2018-02-18 19:34:13,270 - HackerNewsParser - INFO - Get item #16398582...
2018-02-18 19:34:13,921 - HackerNewsParser - INFO - Get item #16394828...
2018-02-18 19:34:14,579 - HackerNewsParser - INFO - Get item #16392096...
2018-02-18 19:34:15,286 - HackerNewsParser - INFO - Get item #16400497...
2018-02-18 19:34:15,956 - HackerNewsParser - INFO - Get item #16402439...
2018-02-18 19:34:16,878 - HackerNewsParser - INFO - Get item #16378458...
2018-02-18 19:34:17,555 - HackerNewsParser - INFO - Get item #16398830...
2018-02-18 19:34:18,227 - HackerNewsParser - INFO - Get item #16386444...
2018-02-18 19:34:18,886 - HackerNewsParser - INFO - Get item #16386175...
2018-02-18 19:34:19,532 - HackerNewsParser - INFO - Get item #16386012...
2018-02-18 19:34:20,181 - HackerNewsParser - INFO - Get item #16394265...
2018-02-18 19:34:21,534 - HackerNewsParser - INFO - Get item #16393566...
2018-02-18 19:34:22,179 - HackerNewsParser - INFO - Get item #16394041...
2018-02-18 19:34:22,819 - HackerNewsParser - INFO - Get item #16395698...
2018-02-18 19:34:23,462 - HackerNewsParser - INFO - Get item #16398719...
2018-02-18 19:34:24,131 - HackerNewsParser - INFO - Get item #16399423...
2018-02-18 19:34:24,796 - HackerNewsParser - INFO - Get item #16399883...
2018-02-18 19:34:25,446 - HackerNewsParser - INFO - Get item #16398767...
2018-02-18 19:34:26,209 - HackerNewsParser - INFO - Get item #16400271...
2018-02-18 19:34:26,869 - HackerNewsParser - INFO - Get item #16394227...
2018-02-18 19:34:27,555 - HackerNewsParser - INFO - Get item #16385264...
2018-02-18 19:34:28,202 - HackerNewsParser - INFO - Get item #16400095...
2018-02-18 19:34:28,839 - HackerNewsParser - INFO - Get item #16401267...
2018-02-18 19:34:29,476 - HackerNewsParser - INFO - Get item #16385440...
2018-02-18 19:34:30,155 - HackerNewsParser - INFO - Get item #16383990...
2018-02-18 19:34:30,854 - HackerNewsParser - INFO - Get item #16400948...
2018-02-18 19:34:31,503 - HackerNewsParser - INFO - Get item #16399602...
2018-02-18 19:34:32,152 - HackerNewsParser - INFO - Get item #16395222...
2018-02-18 19:34:32,808 - HackerNewsParser - INFO - Get item #16393974...
2018-02-18 19:34:33,471 - HackerNewsParser - INFO - Get item #16387567...
2018-02-18 19:34:34,118 - HackerNewsParser - INFO - Get item #16400198...
2018-02-18 19:34:34,771 - HackerNewsParser - INFO - Get item #16390681...
2018-02-18 19:34:35,430 - HackerNewsParser - INFO - Get item #16379939...
2018-02-18 19:34:36,143 - HackerNewsParser - INFO - Get item #16399161...
2018-02-18 19:34:36,789 - HackerNewsParser - INFO - Get item #16389609...
2018-02-18 19:34:37,439 - HackerNewsParser - INFO - Get item #16383264...
2018-02-18 19:34:38,097 - HackerNewsParser - INFO - Get item #16395882...
2018-02-18 19:34:38,745 - HackerNewsParser - INFO - Get item #16398515...
2018-02-18 19:34:39,407 - HackerNewsParser - INFO - Get item #16392517...
2018-02-18 19:34:40,901 - HackerNewsParser - ERROR - Timeout: https://hacker-news.firebaseio.com/v0/item/16392517.json?print=pretty. Try 1 of 4 (set timeout to 1)
2018-02-18 19:34:41,561 - HackerNewsParser - INFO - Get item #16402803...
2018-02-18 19:34:42,267 - HackerNewsParser - INFO - Get item #16377534...
2018-02-18 19:34:42,921 - HackerNewsParser - INFO - Get item #16385413...
2018-02-18 19:34:43,625 - HackerNewsParser - INFO - Get item #16401448...
2018-02-18 19:34:44,267 - HackerNewsParser - INFO - Get item #16393740...
2018-02-18 19:34:44,928 - HackerNewsParser - INFO - Get item #16395242...
2018-02-18 19:34:45,586 - HackerNewsParser - INFO - Get item #16387610...
2018-02-18 19:34:46,224 - HackerNewsParser - INFO - Get item #16394857...
2018-02-18 19:34:46,913 - HackerNewsParser - INFO - Get item #16398544...
2018-02-18 19:34:47,593 - HackerNewsParser - INFO - Get item #16388072...
2018-02-18 19:34:48,264 - HackerNewsParser - INFO - Get item #16395593...
2018-02-18 19:34:49,773 - HackerNewsParser - ERROR - Timeout: https://hacker-news.firebaseio.com/v0/item/16395593.json?print=pretty. Try 1 of 4 (set timeout to 1)
2018-02-18 19:34:50,443 - HackerNewsParser - INFO - Get item #16401616...
2018-02-18 19:34:51,117 - HackerNewsParser - INFO - Get item #16402931...
2018-02-18 19:34:51,783 - HackerNewsParser - INFO - Get item #16398752...
2018-02-18 19:34:52,460 - HackerNewsParser - INFO - Get item #16389342...
2018-02-18 19:34:53,183 - HackerNewsParser - INFO - Get item #16383942...
2018-02-18 19:34:53,845 - HackerNewsParser - INFO - Get item #16397318...
2018-02-18 19:34:54,519 - HackerNewsParser - INFO - Get item #16393903...
2018-02-18 19:34:55,190 - HackerNewsParser - INFO - Get item #16401521...
2018-02-18 19:34:55,851 - HackerNewsParser - INFO - Get item #16382419...
2018-02-18 19:34:56,639 - HackerNewsParser - INFO - Get item #16404279...
2018-02-18 19:34:57,398 - HackerNewsParser - INFO - Get item #16386173...
2018-02-18 19:34:58,114 - HackerNewsParser - INFO - Get item #16403404...
2018-02-18 19:34:58,772 - HackerNewsParser - INFO - Get item #16404373...
2018-02-18 19:34:59,427 - HackerNewsParser - INFO - Get item #16392976...
2018-02-18 19:35:00,303 - HackerNewsParser - INFO - Get item #16385675...
2018-02-18 19:35:00,968 - HackerNewsParser - INFO - Get item #16375938...
2018-02-18 19:35:01,654 - HackerNewsParser - INFO - Get item #16386419...
2018-02-18 19:35:02,323 - HackerNewsParser - INFO - Get item #16388645...
2018-02-18 19:35:03,019 - HackerNewsParser - INFO - Get item #16392877...
2018-02-18 19:35:03,680 - HackerNewsParser - INFO - Get item #16398075...
2018-02-18 19:35:04,338 - HackerNewsParser - INFO - Get item #16388768...
2018-02-18 19:35:04,989 - HackerNewsParser - INFO - Get item #16384642...
2018-02-18 19:35:05,643 - HackerNewsParser - INFO - Get item #16386509...
2018-02-18 19:35:06,287 - HackerNewsParser - INFO - Get item #16388755...
2018-02-18 19:35:06,936 - HackerNewsParser - INFO - Get item #16395713...
2018-02-18 19:35:07,585 - HackerNewsParser - INFO - Get item #16369994...
2018-02-18 19:35:08,322 - HackerNewsParser - INFO - Get item #16393815...
2018-02-18 19:35:09,122 - HackerNewsParser - INFO - Get item #16385575...
2018-02-18 19:35:09,970 - HackerNewsParser - INFO - Get item #16397523...
2018-02-18 19:35:10,947 - HackerNewsParser - INFO - Get item #16392159...
2018-02-18 19:35:11,735 - HackerNewsParser - INFO - Get item #16381592...
2018-02-18 19:35:12,383 - HackerNewsParser - INFO - Get item #16389666...
2018-02-18 19:35:13,058 - HackerNewsParser - INFO - Get item #16385307...
2018-02-18 19:35:13,829 - HackerNewsParser - INFO - Get item #16400098...
2018-02-18 19:35:14,543 - HackerNewsParser - INFO - Get item #16404010...
2018-02-18 19:35:15,198 - HackerNewsParser - INFO - Get item #16370049...
2018-02-18 19:35:15,839 - HackerNewsParser - INFO - Get item #16386244...
2018-02-18 19:35:16,483 - HackerNewsParser - INFO - Get item #16389328...
2018-02-18 19:35:17,141 - HackerNewsParser - INFO - Get item #16379340...
2018-02-18 19:35:17,869 - HackerNewsParser - INFO - Get item #16386331...
2018-02-18 19:35:18,532 - HackerNewsParser - INFO - Get item #16384515...
2018-02-18 19:35:19,344 - HackerNewsParser - INFO - Get item #16393861...
2018-02-18 19:35:20,003 - HackerNewsParser - INFO - Get item #16391260...
2018-02-18 19:35:20,653 - HackerNewsParser - INFO - Get item #16381814...
2018-02-18 19:35:21,291 - HackerNewsParser - INFO - Get item #16374575...
2018-02-18 19:35:21,929 - HackerNewsParser - INFO - Get item #16389492...
2018-02-18 19:35:22,590 - HackerNewsParser - INFO - Get item #16372375...
2018-02-18 19:35:23,242 - HackerNewsParser - INFO - Get item #16395810...
2018-02-18 19:35:23,897 - HackerNewsParser - INFO - Get item #16389624...
2018-02-18 19:35:24,721 - HackerNewsParser - INFO - Get item #16393714...
2018-02-18 19:35:25,552 - HackerNewsParser - INFO - Get item #16395760...
2018-02-18 19:35:26,208 - HackerNewsParser - INFO - Get item #16383791...
2018-02-18 19:35:26,861 - HackerNewsParser - INFO - Get item #16389608...
2018-02-18 19:35:27,514 - HackerNewsParser - INFO - Get item #16381737...
2018-02-18 19:35:28,155 - HackerNewsParser - INFO - Get item #16390731...
2018-02-18 19:35:28,834 - HackerNewsParser - INFO - Get item #16380290...
2018-02-18 19:35:29,547 - HackerNewsParser - INFO - Get item #16384829...
2018-02-18 19:35:30,189 - HackerNewsParser - INFO - Get item #16394027...
2018-02-18 19:35:30,834 - HackerNewsParser - INFO - Get item #16394891...
2018-02-18 19:35:31,383 - HackerNewsParser - INFO - Get item #16375474...
2018-02-18 19:35:32,048 - HackerNewsParser - INFO - Get item #16388331...
2018-02-18 19:35:32,701 - HackerNewsParser - INFO - Get item #16380767...
2018-02-18 19:35:33,348 - HackerNewsParser - INFO - Get item #16381978...
2018-02-18 19:35:33,993 - HackerNewsParser - INFO - Get item #16377751...
2018-02-18 19:35:34,644 - HackerNewsParser - INFO - Get item #16384001...
2018-02-18 19:35:35,321 - HackerNewsParser - INFO - Get item #16384956...
2018-02-18 19:35:36,010 - HackerNewsParser - INFO - Get item #16390992...
2018-02-18 19:35:36,695 - HackerNewsParser - INFO - Get item #16374645...
2018-02-18 19:35:37,356 - HackerNewsParser - INFO - Get item #16382270...
2018-02-18 19:35:38,007 - HackerNewsParser - INFO - Get item #16397952...
2018-02-18 19:35:38,694 - HackerNewsParser - INFO - Get item #16381752...
2018-02-18 19:35:39,361 - HackerNewsParser - INFO - Get item #16372234...
2018-02-18 19:35:40,118 - HackerNewsParser - INFO - Get item #16385153...
2018-02-18 19:35:40,774 - HackerNewsParser - INFO - Get item #16400702...
2018-02-18 19:35:41,444 - HackerNewsParser - INFO - Get item #16400289...
2018-02-18 19:35:42,089 - HackerNewsParser - INFO - Get item #16383928...
2018-02-18 19:35:42,743 - HackerNewsParser - INFO - Get item #16384875...
2018-02-18 19:35:43,388 - HackerNewsParser - INFO - Get item #16394335...
2018-02-18 19:35:44,029 - HackerNewsParser - INFO - Get item #16389116...
2018-02-18 19:35:44,801 - HackerNewsParser - INFO - Get item #16381964...
2018-02-18 19:35:45,451 - HackerNewsParser - INFO - Get item #16387226...
2018-02-18 19:35:46,301 - HackerNewsParser - INFO - Get item #16393877...
2018-02-18 19:35:47,044 - HackerNewsParser - INFO - Get item #16377389...
2018-02-18 19:35:47,707 - HackerNewsParser - INFO - Get item #16389463...
2018-02-18 19:35:48,369 - HackerNewsParser - INFO - Get item #16386036...
2018-02-18 19:35:49,074 - HackerNewsParser - INFO - Get item #16397221...
2018-02-18 19:35:49,719 - HackerNewsParser - INFO - Get item #16372454...
2018-02-18 19:35:50,374 - HackerNewsParser - INFO - Get item #16396523...
2018-02-18 19:35:51,017 - HackerNewsParser - INFO - Get item #16368653...
2018-02-18 19:35:52,346 - HackerNewsParser - INFO - Get item #16401233...
2018-02-18 19:35:52,988 - HackerNewsParser - INFO - Get item #16399756...
2018-02-18 19:35:53,644 - HackerNewsParser - INFO - Get item #16386183...
2018-02-18 19:35:54,297 - HackerNewsParser - INFO - Get item #16386229...
2018-02-18 19:35:54,955 - HackerNewsParser - INFO - Get item #16386406...
2018-02-18 19:35:55,765 - HackerNewsParser - INFO - Get item #16390302...
2018-02-18 19:35:56,408 - HackerNewsParser - INFO - Get item #16404434...
2018-02-18 19:35:57,058 - HackerNewsParser - INFO - Get item #16380412...
2018-02-18 19:35:57,746 - HackerNewsParser - INFO - Get item #16401630...
2018-02-18 19:35:58,405 - HackerNewsParser - INFO - Get item #16392139...
2018-02-18 19:35:59,062 - HackerNewsParser - INFO - Get item #16386301...
2018-02-18 19:35:59,821 - HackerNewsParser - INFO - Get item #16385340...
2018-02-18 19:36:00,471 - HackerNewsParser - INFO - Get item #16376727...
2018-02-18 19:36:01,124 - HackerNewsParser - INFO - Get item #16377736...
2018-02-18 19:36:01,817 - HackerNewsParser - INFO - Get item #16381911...
2018-02-18 19:36:02,487 - HackerNewsParser - INFO - Get item #16396440...
2018-02-18 19:36:03,137 - HackerNewsParser - INFO - Get item #16387222...
2018-02-18 19:36:03,809 - HackerNewsParser - INFO - Get item #16377649...
2018-02-18 19:36:04,447 - HackerNewsParser - INFO - Get item #16391105...
2018-02-18 19:36:05,093 - HackerNewsParser - INFO - Get item #16389875...
2018-02-18 19:36:05,748 - HackerNewsParser - INFO - Get item #16402498...
2018-02-18 19:36:06,461 - HackerNewsParser - INFO - Get item #16396537...
2018-02-18 19:36:07,132 - HackerNewsParser - INFO - Get item #16399830...
2018-02-18 19:36:07,789 - HackerNewsParser - INFO - Get item #16398728...
2018-02-18 19:36:08,428 - HackerNewsParser - INFO - Get item #16400457...
2018-02-18 19:36:09,106 - HackerNewsParser - INFO - Get item #16393910...
2018-02-18 19:36:09,805 - HackerNewsParser - INFO - Get item #16380338...
2018-02-18 19:36:10,444 - HackerNewsParser - INFO - Get item #16395958...
2018-02-18 19:36:11,089 - HackerNewsParser - INFO - Get item #16369280...
2018-02-18 19:36:11,746 - HackerNewsParser - INFO - Get item #16403232...
2018-02-18 19:36:12,387 - HackerNewsParser - INFO - Get item #16387905...
2018-02-18 19:36:13,055 - HackerNewsParser - INFO - Get item #16389961...
2018-02-18 19:36:13,698 - HackerNewsParser - INFO - Get item #16378888...
2018-02-18 19:36:14,352 - HackerNewsParser - INFO - Get item #16383072...
2018-02-18 19:36:15,024 - HackerNewsParser - INFO - Get item #16375443...
2018-02-18 19:36:15,660 - HackerNewsParser - INFO - Get item #16386954...
2018-02-18 19:36:16,310 - HackerNewsParser - INFO - Get item #16403068...
2018-02-18 19:36:16,972 - HackerNewsParser - INFO - Get item #16379688...
2018-02-18 19:36:17,610 - HackerNewsParser - INFO - Get item #16387511...
2018-02-18 19:36:18,252 - HackerNewsParser - INFO - Get item #16380509...
2018-02-18 19:36:19,343 - HackerNewsParser - INFO - Get item #16386429...
2018-02-18 19:36:19,990 - HackerNewsParser - INFO - Get item #16402511...
2018-02-18 19:36:20,684 - HackerNewsParser - INFO - Get item #16367997...
2018-02-18 19:36:21,357 - HackerNewsParser - INFO - Get item #16387448...
2018-02-18 19:36:22,014 - HackerNewsParser - INFO - Get item #16400972...
2018-02-18 19:36:22,672 - HackerNewsParser - INFO - Get item #16386774...
2018-02-18 19:36:23,344 - HackerNewsParser - INFO - Get item #16382322...
2018-02-18 19:36:24,001 - HackerNewsParser - INFO - Get item #16367457...
2018-02-18 19:36:24,635 - HackerNewsParser - INFO - Get item #16388207...
2018-02-18 19:36:25,289 - HackerNewsParser - INFO - Get item #16375436...
2018-02-18 19:36:25,932 - HackerNewsParser - INFO - Get item #16380288...
2018-02-18 19:36:26,578 - HackerNewsParser - INFO - Get item #16403697...
2018-02-18 19:36:27,229 - HackerNewsParser - INFO - Get item #16371521...
2018-02-18 19:36:27,876 - HackerNewsParser - INFO - Get item #16369937...
2018-02-18 19:36:28,545 - HackerNewsParser - INFO - Get item #16373103...
2018-02-18 19:36:29,183 - HackerNewsParser - INFO - Get item #16397219...
2018-02-18 19:36:29,826 - HackerNewsParser - INFO - Get item #16371286...
2018-02-18 19:36:30,478 - HackerNewsParser - INFO - Get item #16399332...
2018-02-18 19:36:31,160 - HackerNewsParser - INFO - Get item #16403329...
2018-02-18 19:36:31,873 - HackerNewsParser - INFO - Get item #16374464...
2018-02-18 19:36:32,514 - HackerNewsParser - INFO - Get item #16379172...
2018-02-18 19:36:33,151 - HackerNewsParser - INFO - Get item #16403255...
2018-02-18 19:36:33,796 - HackerNewsParser - INFO - Get item #16372426...
2018-02-18 19:36:34,447 - HackerNewsParser - INFO - Get item #16366275...
2018-02-18 19:36:35,108 - HackerNewsParser - INFO - Get item #16367600...
2018-02-18 19:36:35,752 - HackerNewsParser - INFO - Get item #16379017...
2018-02-18 19:36:36,391 - HackerNewsParser - INFO - Get item #16377432...
2018-02-18 19:36:37,046 - HackerNewsParser - INFO - Get item #16402986...
2018-02-18 19:36:37,696 - HackerNewsParser - INFO - Get item #16377543...
2018-02-18 19:36:38,346 - HackerNewsParser - INFO - Get item #16388923...
2018-02-18 19:36:38,988 - HackerNewsParser - INFO - Get item #16373648...
2018-02-18 19:36:39,626 - HackerNewsParser - INFO - Get item #16385801...
2018-02-18 19:36:40,273 - HackerNewsParser - INFO - Get item #16401420...
2018-02-18 19:36:40,928 - HackerNewsParser - INFO - Get item #16369000...
2018-02-18 19:36:41,826 - HackerNewsParser - INFO - Get item #16404862...
2018-02-18 19:36:42,498 - HackerNewsParser - INFO - Get item #16375534...
2018-02-18 19:36:43,151 - HackerNewsParser - INFO - Get item #16371964...
2018-02-18 19:36:43,798 - HackerNewsParser - INFO - Get item #16402730...
2018-02-18 19:36:44,454 - HackerNewsParser - INFO - Get item #16377329...
2018-02-18 19:36:45,137 - HackerNewsParser - INFO - Get item #16375051...
2018-02-18 19:36:46,418 - HackerNewsParser - INFO - Get item #16387672...
2018-02-18 19:36:47,075 - HackerNewsParser - INFO - Get item #16387669...
2018-02-18 19:36:47,721 - HackerNewsParser - INFO - Get item #16369089...
2018-02-18 19:36:48,373 - HackerNewsParser - INFO - Get item #16385199...
2018-02-18 19:36:49,063 - HackerNewsParser - INFO - Get item #16397224...
2018-02-18 19:36:49,712 - HackerNewsParser - INFO - Get item #16400991...
2018-02-18 19:36:50,354 - HackerNewsParser - INFO - Get item #16402454...
2018-02-18 19:36:51,036 - HackerNewsParser - INFO - Get item #16386265...
2018-02-18 19:36:51,700 - HackerNewsParser - INFO - Get item #16373607...
2018-02-18 19:36:52,379 - HackerNewsParser - INFO - Get item #16382985...
2018-02-18 19:36:53,053 - HackerNewsParser - INFO - Get item #16389153...
2018-02-18 19:36:53,702 - HackerNewsParser - INFO - Get item #16378985...
2018-02-18 19:36:54,355 - HackerNewsParser - INFO - Get item #16390851...
2018-02-18 19:36:54,998 - HackerNewsParser - INFO - Get item #16382914...
2018-02-18 19:36:55,654 - HackerNewsParser - INFO - Get item #16385066...
2018-02-18 19:36:56,296 - HackerNewsParser - INFO - Get item #16385100...
2018-02-18 19:36:56,967 - HackerNewsParser - INFO - Get item #16392502...
2018-02-18 19:36:57,635 - HackerNewsParser - INFO - Get item #16390503...
2018-02-18 19:36:58,294 - HackerNewsParser - INFO - Get item #16380938...
2018-02-18 19:36:59,009 - HackerNewsParser - INFO - Get item #16386752...
2018-02-18 19:36:59,650 - HackerNewsParser - INFO - Get item #16391723...
2018-02-18 19:37:00,920 - HackerNewsParser - INFO - Get item #16389436...
2018-02-18 19:37:01,564 - HackerNewsParser - INFO - Get item #16395610...
2018-02-18 19:37:02,246 - HackerNewsParser - INFO - Get item #16372925...
2018-02-18 19:37:02,886 - HackerNewsParser - INFO - Get item #16367626...
2018-02-18 19:37:03,534 - HackerNewsParser - INFO - Get item #16396801...
2018-02-18 19:37:04,213 - HackerNewsParser - INFO - Get item #16383427...
2018-02-18 19:37:04,876 - HackerNewsParser - INFO - Get item #16372751...
2018-02-18 19:37:05,518 - HackerNewsParser - INFO - Get item #16379464...
2018-02-18 19:37:06,165 - HackerNewsParser - INFO - Get item #16373204...
2018-02-18 19:37:06,805 - HackerNewsParser - INFO - Get item #16378001...
2018-02-18 19:37:07,458 - HackerNewsParser - INFO - Get item #16401738...
2018-02-18 19:37:08,102 - HackerNewsParser - INFO - Get item #16371211...
2018-02-18 19:37:08,764 - HackerNewsParser - INFO - Get item #16399420...
2018-02-18 19:37:09,419 - HackerNewsParser - INFO - Get item #16367552...
2018-02-18 19:37:10,059 - HackerNewsParser - INFO - Get item #16386562...
2018-02-18 19:37:10,703 - HackerNewsParser - INFO - Get item #16380906...
2018-02-18 19:37:11,369 - HackerNewsParser - INFO - Get item #16380845...
2018-02-18 19:37:12,411 - HackerNewsParser - INFO - Get item #16380739...
2018-02-18 19:37:13,081 - HackerNewsParser - INFO - Get item #16371357...
2018-02-18 19:37:13,851 - HackerNewsParser - INFO - Get item #16370647...
2018-02-18 19:37:14,494 - HackerNewsParser - INFO - Get item #16377523...
2018-02-18 19:37:15,165 - HackerNewsParser - INFO - Get item #16373783...
2018-02-18 19:37:15,824 - HackerNewsParser - INFO - Get item #16387050...
2018-02-18 19:37:16,466 - HackerNewsParser - INFO - Get item #16393902...
2018-02-18 19:37:17,107 - HackerNewsParser - INFO - Get item #16376165...
2018-02-18 19:37:17,775 - HackerNewsParser - INFO - Get item #16374802...
2018-02-18 19:37:18,435 - HackerNewsParser - INFO - Get item #16370288...
2018-02-18 19:37:19,079 - HackerNewsParser - INFO - Get item #16400169...
2018-02-18 19:37:19,757 - HackerNewsParser - INFO - Get item #16374458...
2018-02-18 19:37:20,418 - HackerNewsParser - INFO - Get item #16371785...
2018-02-18 19:37:21,088 - HackerNewsParser - INFO - Get item #16376706...
2018-02-18 19:37:21,743 - HackerNewsParser - INFO - Get item #16385698...
2018-02-18 19:37:22,431 - HackerNewsParser - INFO - Get item #16401897...
2018-02-18 19:37:23,092 - HackerNewsParser - INFO - Get item #16403472...
2018-02-18 19:37:23,785 - HackerNewsParser - INFO - Get item #16382637...
2018-02-18 19:37:24,458 - HackerNewsParser - INFO - Get item #16389746...
2018-02-18 19:37:25,135 - HackerNewsParser - INFO - Get item #16371030...
2018-02-18 19:37:25,784 - HackerNewsParser - INFO - Get item #16370896...
2018-02-18 19:37:26,425 - HackerNewsParser - INFO - Get item #16388529...
2018-02-18 19:37:27,070 - HackerNewsParser - INFO - Get item #16370104...
2018-02-18 19:37:27,710 - HackerNewsParser - INFO - Get item #16384611...
2018-02-18 19:37:28,342 - HackerNewsParser - INFO - Get item #16377204...
2018-02-18 19:37:28,998 - HackerNewsParser - INFO - Get item #16383775...
2018-02-18 19:37:29,706 - HackerNewsParser - INFO - Get item #16381461...
2018-02-18 19:37:30,347 - HackerNewsParser - INFO - Get item #16377850...
2018-02-18 19:37:31,004 - HackerNewsParser - INFO - Get item #16374075...
2018-02-18 19:37:31,655 - HackerNewsParser - INFO - Get item #16389276...
2018-02-18 19:37:32,317 - HackerNewsParser - INFO - Get item #16381798...
2018-02-18 19:37:33,809 - HackerNewsParser - ERROR - Timeout: https://hacker-news.firebaseio.com/v0/item/16381798.json?print=pretty. Try 1 of 4 (set timeout to 1)
2018-02-18 19:37:34,502 - HackerNewsParser - INFO - Get item #16392235...
2018-02-18 19:37:35,184 - HackerNewsParser - INFO - Get item #16377259...
2018-02-18 19:37:35,831 - HackerNewsParser - INFO - Get item #16400618...
2018-02-18 19:37:36,483 - HackerNewsParser - INFO - Get item #16367715...
2018-02-18 19:37:37,128 - HackerNewsParser - INFO - Get item #16370206...
2018-02-18 19:37:37,790 - HackerNewsParser - INFO - Get item #16374299...
2018-02-18 19:37:38,446 - HackerNewsParser - INFO - Get item #16386277...
2018-02-18 19:37:39,101 - HackerNewsParser - INFO - Get item #16371790...
2018-02-18 19:37:40,381 - HackerNewsParser - INFO - Get item #16390358...
2018-02-18 19:37:41,023 - HackerNewsParser - INFO - Get item #16399277...
2018-02-18 19:37:41,669 - HackerNewsParser - INFO - Get item #16389285...
2018-02-18 19:37:42,311 - HackerNewsParser - INFO - Get item #16399204...
2018-02-18 19:37:42,966 - HackerNewsParser - INFO - Get item #16378846...
2018-02-18 19:37:43,645 - HackerNewsParser - INFO - Get item #16377448...
2018-02-18 19:37:44,283 - HackerNewsParser - INFO - Get item #16377970...
2018-02-18 19:37:45,101 - HackerNewsParser - INFO - Get item #16370391...
2018-02-18 19:37:45,805 - HackerNewsParser - INFO - Get item #16387077...
2018-02-18 19:37:46,618 - HackerNewsParser - INFO - Get item #16370792...
2018-02-18 19:37:47,257 - HackerNewsParser - INFO - Get item #16381447...
2018-02-18 19:37:47,897 - HackerNewsParser - INFO - Get item #16374116...
2018-02-18 19:37:48,553 - HackerNewsParser - INFO - Get item #16368900...
2018-02-18 19:37:49,220 - HackerNewsParser - INFO - Get item #16393437...
2018-02-18 19:37:49,860 - HackerNewsParser - INFO - Get item #16385610...
2018-02-18 19:37:50,589 - HackerNewsParser - INFO - Get item #16384180...
2018-02-18 19:37:51,236 - HackerNewsParser - INFO - Get item #16388794...
2018-02-18 19:37:51,888 - HackerNewsParser - INFO - Get item #16372312...
2018-02-18 19:37:52,536 - HackerNewsParser - INFO - Get item #16378493...
2018-02-18 19:37:53,184 - HackerNewsParser - INFO - Get item #16395846...
2018-02-18 19:37:53,822 - HackerNewsParser - INFO - Get item #16374991...
2018-02-18 19:37:54,476 - HackerNewsParser - INFO - Get item #16376202...
2018-02-18 19:37:55,117 - HackerNewsParser - INFO - Get item #16382264...
2018-02-18 19:37:55,763 - HackerNewsParser - INFO - Get item #16381387...
2018-02-18 19:37:56,415 - HackerNewsParser - INFO - Get item #16371508...
2018-02-18 19:37:57,127 - HackerNewsParser - INFO - Get item #16375952...
2018-02-18 19:37:57,785 - HackerNewsParser - INFO - Get item #16366815...
2018-02-18 19:37:58,432 - HackerNewsParser - INFO - Get item #16403823...
2018-02-18 19:37:59,075 - HackerNewsParser - INFO - Get item #16388753...
2018-02-18 19:37:59,775 - HackerNewsParser - INFO - Get item #16371874...
2018-02-18 19:38:00,416 - HackerNewsParser - INFO - Get item #16378558...
2018-02-18 19:38:01,074 - HackerNewsParser - INFO - Get item #16366693...
2018-02-18 19:38:01,718 - HackerNewsParser - INFO - Get item #16377506...
2018-02-18 19:38:02,360 - HackerNewsParser - INFO - Get item #16366263...
2018-02-18 19:38:03,005 - HackerNewsParser - INFO - Get item #16366050...
2018-02-18 19:38:03,642 - HackerNewsParser - INFO - Get item #16366807...
2018-02-18 19:38:04,290 - HackerNewsParser - INFO - Get item #16375437...
2018-02-18 19:38:04,936 - HackerNewsParser - INFO - Get item #16370941...
2018-02-18 19:38:05,584 - HackerNewsParser - INFO - Get item #16388874...
2018-02-18 19:38:07,079 - HackerNewsParser - ERROR - Timeout: https://hacker-news.firebaseio.com/v0/item/16388874.json?print=pretty. Try 1 of 4 (set timeout to 1)
2018-02-18 19:38:08,094 - HackerNewsParser - INFO - Get item #16397013...
2018-02-18 19:38:08,733 - HackerNewsParser - INFO - Get item #16375503...
2018-02-18 19:38:09,410 - HackerNewsParser - INFO - Get item #16366203...
2018-02-18 19:38:10,047 - HackerNewsParser - INFO - Get item #16371378...
2018-02-18 19:38:10,706 - HackerNewsParser - INFO - Get item #16386708...
2018-02-18 19:38:11,363 - HackerNewsParser - INFO - Get item #16372809...
2018-02-18 19:38:12,007 - HackerNewsParser - INFO - Get item #16369977...
2018-02-18 19:38:12,680 - HackerNewsParser - INFO - Get item #16379130...
2018-02-18 19:38:13,362 - HackerNewsParser - INFO - Get item #16366240...
2018-02-18 19:38:14,031 - HackerNewsParser - INFO - Get item #16392462...
2018-02-18 19:38:14,682 - HackerNewsParser - INFO - Get item #16395807...
2018-02-18 19:38:15,326 - HackerNewsParser - INFO - Get item #16385662...
2018-02-18 19:38:15,973 - HackerNewsParser - INFO - Get item #16377702...
2018-02-18 19:38:16,611 - HackerNewsParser - INFO - Get item #16374817...
2018-02-18 19:38:17,369 - HackerNewsParser - INFO - Get item #16374121...
2018-02-18 19:38:18,118 - HackerNewsParser - INFO - Get item #16402490...
2018-02-18 19:38:18,757 - HackerNewsParser - INFO - Get item #16394546...
2018-02-18 19:38:19,398 - HackerNewsParser - INFO - Get item #16392707...
2018-02-18 19:38:20,037 - HackerNewsParser - INFO - Get item #16368993...
2018-02-18 19:38:20,687 - HackerNewsParser - INFO - Get item #16368945...
2018-02-18 19:38:21,336 - HackerNewsParser - INFO - Get item #16398648...
2018-02-18 19:38:22,036 - HackerNewsParser - INFO - Get item #16378989...
2018-02-18 19:38:22,668 - HackerNewsParser - INFO - Get item #16380004...
2018-02-18 19:38:23,307 - HackerNewsParser - INFO - Get item #16393794...
2018-02-18 19:38:23,947 - HackerNewsParser - INFO - Get item #16378417...
2018-02-18 19:38:24,587 - HackerNewsParser - INFO - Get item #16380886...
2018-02-18 19:38:25,249 - HackerNewsParser - INFO - Get item #16399625...
2018-02-18 19:38:25,893 - HackerNewsParser - INFO - Get item #16403577...
2018-02-18 19:38:26,527 - HackerNewsParser - INFO - Get item #16369865...
2018-02-18 19:38:27,175 - HackerNewsParser - INFO - Get item #16368722...
2018-02-18 19:38:27,840 - HackerNewsParser - INFO - Get item #16399153...
2018-02-18 19:38:28,638 - HackerNewsParser - INFO - Get item #16375422...
2018-02-18 19:38:29,339 - HackerNewsParser - INFO - Get item #16392774...
2018-02-18 19:38:29,981 - HackerNewsParser - INFO - Get item #16397712...
2018-02-18 19:38:30,633 - HackerNewsParser - INFO - Get item #16380697...
2018-02-18 19:38:31,188 - HackerNewsParser - INFO - Get item #16388676...
2018-02-18 19:38:31,860 - HackerNewsParser - INFO - Get item #16376900...
2018-02-18 19:38:32,495 - HackerNewsParser - INFO - Get item #16366780...
2018-02-18 19:38:33,142 - HackerNewsParser - INFO - Get item #16379236...
2018-02-18 19:38:33,781 - HackerNewsParser - INFO - Get item #16378555...
2018-02-18 19:38:34,429 - HackerNewsParser - INFO - Get item #16367882...
2018-02-18 19:38:35,067 - HackerNewsParser - INFO - Get item #16370611...
2018-02-18 19:38:35,727 - HackerNewsParser - INFO - Get item #16386860...
2018-02-18 19:38:36,367 - HackerNewsParser - INFO - Get item #16383577...
2018-02-18 19:38:37,007 - HackerNewsParser - INFO - Get item #16395421...
2018-02-18 19:38:37,660 - HackerNewsParser - INFO - Get item #16374778...
2018-02-18 19:38:38,327 - HackerNewsParser - INFO - Get item #16383458...
2018-02-18 19:38:38,974 - HackerNewsParser - INFO - In category 'topstories' get 500 records
2018-02-18 19:41:29,765 - HackerNewsParser - INFO - Get category 'newstories'...
2018-02-18 19:41:30,499 - HackerNewsParser - INFO - Get item #16407832...
2018-02-18 19:41:31,176 - HackerNewsParser - INFO - Get item #16407830...
2018-02-18 19:41:31,855 - HackerNewsParser - INFO - Get item #16407806...
2018-02-18 19:41:33,230 - HackerNewsParser - INFO - Get item #16407780...
2018-02-18 19:41:33,882 - HackerNewsParser - INFO - Get item #16407760...
2018-02-18 19:41:34,539 - HackerNewsParser - INFO - Get item #16407757...
2018-02-18 19:41:35,175 - HackerNewsParser - INFO - Get item #16407753...
2018-02-18 19:41:35,819 - HackerNewsParser - INFO - Get item #16407743...
2018-02-18 19:41:36,544 - HackerNewsParser - INFO - Get item #16407694...
2018-02-18 19:41:37,199 - HackerNewsParser - INFO - Get item #16407678...
2018-02-18 19:41:37,849 - HackerNewsParser - INFO - Get item #16407677...
2018-02-18 19:41:38,486 - HackerNewsParser - INFO - Get item #16407667...
2018-02-18 19:41:39,173 - HackerNewsParser - INFO - Get item #16407656...
2018-02-18 19:41:39,839 - HackerNewsParser - INFO - Get item #16407587...
2018-02-18 19:41:40,480 - HackerNewsParser - INFO - Get item #16407582...
2018-02-18 19:41:41,120 - HackerNewsParser - INFO - Get item #16407577...
2018-02-18 19:41:41,771 - HackerNewsParser - INFO - Get item #16407557...
2018-02-18 19:41:42,419 - HackerNewsParser - INFO - Get item #16407556...
2018-02-18 19:41:43,069 - HackerNewsParser - INFO - Get item #16407536...
2018-02-18 19:41:43,712 - HackerNewsParser - INFO - Get item #16407513...
2018-02-18 19:41:44,504 - HackerNewsParser - INFO - Get item #16407507...
2018-02-18 19:41:45,268 - HackerNewsParser - INFO - Get item #16407501...
2018-02-18 19:41:45,917 - HackerNewsParser - INFO - Get item #16407500...
2018-02-18 19:41:46,674 - HackerNewsParser - INFO - Get item #16407499...
2018-02-18 19:41:47,242 - HackerNewsParser - INFO - Get item #16407497...
2018-02-18 19:41:47,877 - HackerNewsParser - INFO - Get item #16407494...
2018-02-18 19:41:48,533 - HackerNewsParser - INFO - Get item #16407489...
2018-02-18 19:41:49,183 - HackerNewsParser - INFO - Get item #16407484...
2018-02-18 19:41:49,823 - HackerNewsParser - INFO - Get item #16407465...
2018-02-18 19:41:50,616 - HackerNewsParser - INFO - Get item #16407447...
2018-02-18 19:41:51,287 - HackerNewsParser - INFO - Get item #16407439...
2018-02-18 19:41:51,950 - HackerNewsParser - INFO - Get item #16407429...
2018-02-18 19:41:52,606 - HackerNewsParser - INFO - Get item #16407408...
2018-02-18 19:41:53,262 - HackerNewsParser - INFO - Get item #16407380...
2018-02-18 19:41:54,101 - HackerNewsParser - INFO - Get item #16407363...
2018-02-18 19:41:54,696 - HackerNewsParser - INFO - Get item #16407362...
2018-02-18 19:41:55,345 - HackerNewsParser - INFO - Get item #16407340...
2018-02-18 19:41:55,998 - HackerNewsParser - INFO - Get item #16407324...
2018-02-18 19:41:56,637 - HackerNewsParser - INFO - Get item #16407320...
2018-02-18 19:41:57,283 - HackerNewsParser - INFO - Get item #16407317...
2018-02-18 19:41:57,958 - HackerNewsParser - INFO - Get item #16407313...
2018-02-18 19:41:58,682 - HackerNewsParser - INFO - Get item #16407312...
2018-02-18 19:42:00,165 - HackerNewsParser - ERROR - Timeout: https://hacker-news.firebaseio.com/v0/item/16407312.json?print=pretty. Try 1 of 4 (set timeout to 1)
2018-02-18 19:42:01,245 - HackerNewsParser - INFO - Get item #16407310...
2018-02-18 19:42:01,891 - HackerNewsParser - INFO - Get item #16407307...
2018-02-18 19:42:02,540 - HackerNewsParser - INFO - Get item #16407306...
2018-02-18 19:42:03,718 - HackerNewsParser - INFO - Get item #16407304...
2018-02-18 19:42:04,466 - HackerNewsParser - INFO - Get item #16407302...
2018-02-18 19:42:05,114 - HackerNewsParser - INFO - Get item #16407301...
2018-02-18 19:42:05,755 - HackerNewsParser - INFO - Get item #16407299...
2018-02-18 19:42:06,399 - HackerNewsParser - INFO - Get item #16407294...
2018-02-18 19:42:07,047 - HackerNewsParser - INFO - Get item #16407287...
2018-02-18 19:42:07,693 - HackerNewsParser - INFO - Get item #16407284...
2018-02-18 19:42:08,327 - HackerNewsParser - INFO - Get item #16407279...
2018-02-18 19:42:08,977 - HackerNewsParser - INFO - Get item #16407264...
2018-02-18 19:42:09,623 - HackerNewsParser - INFO - Get item #16407257...
2018-02-18 19:42:10,404 - HackerNewsParser - INFO - Get item #16407254...
2018-02-18 19:42:11,046 - HackerNewsParser - INFO - Get item #16407234...
2018-02-18 19:42:11,758 - HackerNewsParser - INFO - Get item #16407225...
2018-02-18 19:42:12,403 - HackerNewsParser - INFO - Get item #16407223...
2018-02-18 19:42:13,052 - HackerNewsParser - INFO - Get item #16407222...
2018-02-18 19:42:13,700 - HackerNewsParser - INFO - Get item #16407220...
2018-02-18 19:42:14,362 - HackerNewsParser - INFO - Get item #16407216...
2018-02-18 19:42:15,144 - HackerNewsParser - INFO - Get item #16407215...
2018-02-18 19:42:15,807 - HackerNewsParser - INFO - Get item #16407213...
2018-02-18 19:42:16,446 - HackerNewsParser - INFO - Get item #16407202...
2018-02-18 19:42:17,087 - HackerNewsParser - INFO - Get item #16407201...
2018-02-18 19:42:17,803 - HackerNewsParser - INFO - Get item #16407170...
2018-02-18 19:42:18,446 - HackerNewsParser - INFO - Get item #16407145...
2018-02-18 19:42:19,084 - HackerNewsParser - INFO - Get item #16407142...
2018-02-18 19:42:19,740 - HackerNewsParser - INFO - Get item #16407135...
2018-02-18 19:42:20,466 - HackerNewsParser - INFO - Get item #16407134...
2018-02-18 19:42:21,121 - HackerNewsParser - INFO - Get item #16407127...
2018-02-18 19:42:21,763 - HackerNewsParser - INFO - Get item #16407108...
2018-02-18 19:42:22,395 - HackerNewsParser - INFO - Get item #16407095...
2018-02-18 19:42:23,039 - HackerNewsParser - INFO - Get item #16407059...
2018-02-18 19:42:23,688 - HackerNewsParser - INFO - Get item #16407057...
2018-02-18 19:42:24,325 - HackerNewsParser - INFO - Get item #16407046...
2018-02-18 19:42:24,977 - HackerNewsParser - INFO - Get item #16407041...
2018-02-18 19:42:25,639 - HackerNewsParser - INFO - Get item #16407035...
2018-02-18 19:42:26,277 - HackerNewsParser - INFO - Get item #16407025...
2018-02-18 19:42:26,917 - HackerNewsParser - INFO - Get item #16407024...
2018-02-18 19:42:27,571 - HackerNewsParser - INFO - Get item #16407000...
2018-02-18 19:42:28,276 - HackerNewsParser - INFO - Get item #16406967...
2018-02-18 19:42:28,940 - HackerNewsParser - INFO - Get item #16406965...
2018-02-18 19:42:29,580 - HackerNewsParser - INFO - Get item #16406963...
2018-02-18 19:42:30,221 - HackerNewsParser - INFO - Get item #16406961...
2018-02-18 19:42:30,921 - HackerNewsParser - INFO - Get item #16406959...
2018-02-18 19:42:31,602 - HackerNewsParser - INFO - Get item #16406953...
2018-02-18 19:42:32,253 - HackerNewsParser - INFO - Get item #16406952...
2018-02-18 19:42:32,934 - HackerNewsParser - INFO - Get item #16406946...
2018-02-18 19:42:33,573 - HackerNewsParser - INFO - Get item #16406943...
2018-02-18 19:42:34,218 - HackerNewsParser - INFO - Get item #16406923...
2018-02-18 19:42:34,904 - HackerNewsParser - INFO - Get item #16406905...
2018-02-18 19:42:35,547 - HackerNewsParser - INFO - Get item #16406885...
2018-02-18 19:42:36,335 - HackerNewsParser - INFO - Get item #16406868...
2018-02-18 19:42:37,008 - HackerNewsParser - INFO - Get item #16406862...
2018-02-18 19:42:37,659 - HackerNewsParser - INFO - Get item #16406861...
2018-02-18 19:42:38,301 - HackerNewsParser - INFO - Get item #16406837...
2018-02-18 19:42:38,896 - HackerNewsParser - INFO - Get item #16406825...
2018-02-18 19:42:39,541 - HackerNewsParser - INFO - Get item #16406822...
2018-02-18 19:42:40,181 - HackerNewsParser - INFO - Get item #16406818...
2018-02-18 19:42:40,822 - HackerNewsParser - INFO - Get item #16406812...
2018-02-18 19:42:41,509 - HackerNewsParser - INFO - Get item #16406808...
2018-02-18 19:42:42,153 - HackerNewsParser - INFO - Get item #16406796...
2018-02-18 19:42:42,789 - HackerNewsParser - INFO - Get item #16406770...
2018-02-18 19:42:43,466 - HackerNewsParser - INFO - Get item #16406764...
2018-02-18 19:42:44,102 - HackerNewsParser - INFO - Get item #16406763...
2018-02-18 19:42:45,589 - HackerNewsParser - ERROR - Timeout: https://hacker-news.firebaseio.com/v0/item/16406763.json?print=pretty. Try 1 of 4 (set timeout to 1)
2018-02-18 19:42:46,258 - HackerNewsParser - INFO - Get item #16406761...
2018-02-18 19:42:47,590 - HackerNewsParser - INFO - Get item #16406760...
2018-02-18 19:42:48,248 - HackerNewsParser - INFO - Get item #16406756...
2018-02-18 19:42:48,889 - HackerNewsParser - INFO - Get item #16406739...
2018-02-18 19:42:49,531 - HackerNewsParser - INFO - Get item #16406732...
2018-02-18 19:42:50,176 - HackerNewsParser - INFO - Get item #16406731...
2018-02-18 19:42:50,817 - HackerNewsParser - INFO - Get item #16406728...
2018-02-18 19:42:51,469 - HackerNewsParser - INFO - Get item #16406727...
2018-02-18 19:42:52,285 - HackerNewsParser - INFO - Get item #16406725...
2018-02-18 19:42:52,980 - HackerNewsParser - INFO - Get item #16406716...
2018-02-18 19:42:53,621 - HackerNewsParser - INFO - Get item #16406697...
2018-02-18 19:42:54,260 - HackerNewsParser - INFO - Get item #16406666...
2018-02-18 19:42:54,900 - HackerNewsParser - INFO - Get item #16406664...
2018-02-18 19:42:55,554 - HackerNewsParser - INFO - Get item #16406663...
2018-02-18 19:42:56,199 - HackerNewsParser - INFO - Get item #16406662...
2018-02-18 19:42:56,849 - HackerNewsParser - INFO - Get item #16406631...
2018-02-18 19:42:57,570 - HackerNewsParser - INFO - Get item #16406619...
2018-02-18 19:42:58,208 - HackerNewsParser - INFO - Get item #16406615...
2018-02-18 19:42:58,843 - HackerNewsParser - INFO - Get item #16406613...
2018-02-18 19:42:59,485 - HackerNewsParser - INFO - Get item #16406607...
2018-02-18 19:43:00,123 - HackerNewsParser - INFO - Get item #16406604...
2018-02-18 19:43:00,761 - HackerNewsParser - INFO - Get item #16406584...
2018-02-18 19:43:01,403 - HackerNewsParser - INFO - Get item #16406580...
2018-02-18 19:43:02,041 - HackerNewsParser - INFO - Get item #16406536...
2018-02-18 19:43:02,727 - HackerNewsParser - INFO - Get item #16406533...
2018-02-18 19:43:03,369 - HackerNewsParser - INFO - Get item #16406525...
2018-02-18 19:43:04,012 - HackerNewsParser - INFO - Get item #16406524...
2018-02-18 19:43:04,662 - HackerNewsParser - INFO - Get item #16406516...
2018-02-18 19:43:05,360 - HackerNewsParser - INFO - Get item #16406512...
2018-02-18 19:43:05,999 - HackerNewsParser - INFO - Get item #16406511...
2018-02-18 19:43:06,658 - HackerNewsParser - INFO - Get item #16406506...
2018-02-18 19:43:07,300 - HackerNewsParser - INFO - Get item #16406503...
2018-02-18 19:43:07,940 - HackerNewsParser - INFO - Get item #16406498...
2018-02-18 19:43:08,700 - HackerNewsParser - INFO - Get item #16406495...
2018-02-18 19:43:09,347 - HackerNewsParser - INFO - Get item #16406490...
2018-02-18 19:43:09,996 - HackerNewsParser - INFO - Get item #16406488...
2018-02-18 19:43:10,640 - HackerNewsParser - INFO - Get item #16406486...
2018-02-18 19:43:11,282 - HackerNewsParser - INFO - Get item #16406483...
2018-02-18 19:43:11,923 - HackerNewsParser - INFO - Get item #16406481...
2018-02-18 19:43:12,564 - HackerNewsParser - INFO - Get item #16406471...
2018-02-18 19:43:13,265 - HackerNewsParser - INFO - Get item #16406469...
2018-02-18 19:43:13,975 - HackerNewsParser - INFO - Get item #16406458...
2018-02-18 19:43:14,619 - HackerNewsParser - INFO - Get item #16406457...
2018-02-18 19:43:15,256 - HackerNewsParser - INFO - Get item #16406434...
2018-02-18 19:43:15,888 - HackerNewsParser - INFO - Get item #16406431...
2018-02-18 19:43:16,536 - HackerNewsParser - INFO - Get item #16406413...
2018-02-18 19:43:17,177 - HackerNewsParser - INFO - Get item #16406361...
2018-02-18 19:43:17,833 - HackerNewsParser - INFO - Get item #16406359...
2018-02-18 19:43:18,480 - HackerNewsParser - INFO - Get item #16406351...
2018-02-18 19:43:19,392 - HackerNewsParser - INFO - Get item #16406341...
2018-02-18 19:43:20,036 - HackerNewsParser - INFO - Get item #16406321...
2018-02-18 19:43:20,676 - HackerNewsParser - INFO - Get item #16406318...
2018-02-18 19:43:21,329 - HackerNewsParser - INFO - Get item #16406309...
2018-02-18 19:43:21,968 - HackerNewsParser - INFO - Get item #16406233...
2018-02-18 19:43:22,511 - HackerNewsParser - INFO - Get item #16406225...
2018-02-18 19:43:23,167 - HackerNewsParser - INFO - Get item #16406219...
2018-02-18 19:43:23,817 - HackerNewsParser - INFO - Get item #16406210...
2018-02-18 19:43:24,549 - HackerNewsParser - INFO - Get item #16406193...
2018-02-18 19:43:25,211 - HackerNewsParser - INFO - Get item #16406180...
2018-02-18 19:43:25,869 - HackerNewsParser - INFO - Get item #16406173...
2018-02-18 19:43:27,252 - HackerNewsParser - INFO - Get item #16406163...
2018-02-18 19:43:27,887 - HackerNewsParser - INFO - Get item #16406127...
2018-02-18 19:43:28,539 - HackerNewsParser - INFO - Get item #16406118...
2018-02-18 19:43:29,178 - HackerNewsParser - INFO - Get item #16406112...
2018-02-18 19:43:29,827 - HackerNewsParser - INFO - Get item #16406071...
2018-02-18 19:43:30,547 - HackerNewsParser - INFO - Get item #16406059...
2018-02-18 19:43:31,220 - HackerNewsParser - INFO - Get item #16406046...
2018-02-18 19:43:31,863 - HackerNewsParser - INFO - Get item #16406044...
2018-02-18 19:43:32,503 - HackerNewsParser - INFO - Get item #16406036...
2018-02-18 19:43:33,159 - HackerNewsParser - INFO - Get item #16406034...
2018-02-18 19:43:33,825 - HackerNewsParser - INFO - Get item #16406033...
2018-02-18 19:43:34,466 - HackerNewsParser - INFO - Get item #16406026...
2018-02-18 19:43:35,103 - HackerNewsParser - INFO - Get item #16406017...
2018-02-18 19:43:35,747 - HackerNewsParser - INFO - Get item #16406006...
2018-02-18 19:43:36,390 - HackerNewsParser - INFO - Get item #16405992...
2018-02-18 19:43:37,027 - HackerNewsParser - INFO - Get item #16405981...
2018-02-18 19:43:37,667 - HackerNewsParser - INFO - Get item #16405972...
2018-02-18 19:43:38,317 - HackerNewsParser - INFO - Get item #16405967...
2018-02-18 19:43:38,959 - HackerNewsParser - INFO - Get item #16405956...
2018-02-18 19:43:39,600 - HackerNewsParser - INFO - Get item #16405948...
2018-02-18 19:43:40,247 - HackerNewsParser - INFO - Get item #16405941...
2018-02-18 19:43:40,949 - HackerNewsParser - INFO - Get item #16405940...
2018-02-18 19:43:41,595 - HackerNewsParser - INFO - Get item #16405935...
2018-02-18 19:43:42,242 - HackerNewsParser - INFO - Get item #16405932...
2018-02-18 19:43:42,909 - HackerNewsParser - INFO - Get item #16405931...
2018-02-18 19:43:43,558 - HackerNewsParser - INFO - Get item #16405930...
2018-02-18 19:43:44,205 - HackerNewsParser - INFO - Get item #16405926...
2018-02-18 19:43:44,882 - HackerNewsParser - INFO - Get item #16405904...
2018-02-18 19:43:45,599 - HackerNewsParser - INFO - Get item #16405890...
2018-02-18 19:43:46,456 - HackerNewsParser - INFO - Get item #16405882...
2018-02-18 19:43:47,288 - HackerNewsParser - INFO - Get item #16405877...
2018-02-18 19:43:47,935 - HackerNewsParser - INFO - Get item #16405874...
2018-02-18 19:43:48,571 - HackerNewsParser - INFO - Get item #16405870...
2018-02-18 19:43:49,224 - HackerNewsParser - INFO - Get item #16405865...
2018-02-18 19:43:49,862 - HackerNewsParser - INFO - Get item #16405862...
2018-02-18 19:43:50,504 - HackerNewsParser - INFO - Get item #16405858...
2018-02-18 19:43:51,145 - HackerNewsParser - INFO - Get item #16405852...
2018-02-18 19:43:52,730 - HackerNewsParser - ERROR - Timeout: https://hacker-news.firebaseio.com/v0/item/16405852.json?print=pretty. Try 1 of 4 (set timeout to 1)
2018-02-18 19:43:53,386 - HackerNewsParser - INFO - Get item #16405842...
2018-02-18 19:43:54,021 - HackerNewsParser - INFO - Get item #16405841...
2018-02-18 19:43:54,672 - HackerNewsParser - INFO - Get item #16405840...
2018-02-18 19:43:55,310 - HackerNewsParser - INFO - Get item #16405835...
2018-02-18 19:43:55,953 - HackerNewsParser - INFO - Get item #16405824...
2018-02-18 19:43:56,599 - HackerNewsParser - INFO - Get item #16405822...
2018-02-18 19:43:57,246 - HackerNewsParser - INFO - Get item #16405821...
2018-02-18 19:43:57,899 - HackerNewsParser - INFO - Get item #16405816...
2018-02-18 19:43:58,548 - HackerNewsParser - INFO - Get item #16405803...
2018-02-18 19:43:59,194 - HackerNewsParser - INFO - Get item #16405802...
2018-02-18 19:43:59,840 - HackerNewsParser - INFO - Get item #16405798...
2018-02-18 19:44:00,486 - HackerNewsParser - INFO - Get item #16405786...
2018-02-18 19:44:01,170 - HackerNewsParser - INFO - Get item #16405785...
2018-02-18 19:44:01,841 - HackerNewsParser - INFO - Get item #16405774...
2018-02-18 19:44:02,541 - HackerNewsParser - INFO - Get item #16405771...
2018-02-18 19:44:03,180 - HackerNewsParser - INFO - Get item #16405769...
2018-02-18 19:44:03,840 - HackerNewsParser - INFO - Get item #16405760...
2018-02-18 19:44:04,486 - HackerNewsParser - INFO - Get item #16405750...
2018-02-18 19:44:05,158 - HackerNewsParser - INFO - Get item #16405742...
2018-02-18 19:44:05,823 - HackerNewsParser - INFO - Get item #16405681...
2018-02-18 19:44:06,462 - HackerNewsParser - INFO - Get item #16405649...
2018-02-18 19:44:07,118 - HackerNewsParser - INFO - Get item #16405644...
2018-02-18 19:44:07,765 - HackerNewsParser - INFO - Get item #16405641...
2018-02-18 19:44:08,425 - HackerNewsParser - INFO - Get item #16405633...
2018-02-18 19:44:09,069 - HackerNewsParser - INFO - Get item #16405629...
2018-02-18 19:44:10,377 - HackerNewsParser - INFO - Get item #16405616...
2018-02-18 19:44:11,036 - HackerNewsParser - INFO - Get item #16405613...
2018-02-18 19:44:11,682 - HackerNewsParser - INFO - Get item #16405604...
2018-02-18 19:44:12,343 - HackerNewsParser - INFO - Get item #16405600...
2018-02-18 19:44:13,011 - HackerNewsParser - INFO - Get item #16405599...
2018-02-18 19:44:13,758 - HackerNewsParser - INFO - Get item #16405596...
2018-02-18 19:44:14,417 - HackerNewsParser - INFO - Get item #16405590...
2018-02-18 19:44:15,085 - HackerNewsParser - INFO - Get item #16405573...
2018-02-18 19:44:15,737 - HackerNewsParser - INFO - Get item #16405571...
2018-02-18 19:44:16,383 - HackerNewsParser - INFO - Get item #16405556...
2018-02-18 19:44:17,027 - HackerNewsParser - INFO - Get item #16405550...
2018-02-18 19:44:17,646 - HackerNewsParser - INFO - Get item #16405545...
2018-02-18 19:44:18,305 - HackerNewsParser - INFO - Get item #16405536...
2018-02-18 19:44:18,979 - HackerNewsParser - INFO - Get item #16405533...
2018-02-18 19:44:19,619 - HackerNewsParser - INFO - Get item #16405531...
2018-02-18 19:44:20,258 - HackerNewsParser - INFO - Get item #16405522...
2018-02-18 19:44:20,899 - HackerNewsParser - INFO - Get item #16405521...
2018-02-18 19:44:21,543 - HackerNewsParser - INFO - Get item #16405511...
2018-02-18 19:44:22,187 - HackerNewsParser - INFO - Get item #16405487...
2018-02-18 19:44:22,824 - HackerNewsParser - INFO - Get item #16405479...
2018-02-18 19:44:23,483 - HackerNewsParser - INFO - Get item #16405428...
2018-02-18 19:44:24,256 - HackerNewsParser - INFO - Get item #16405426...
2018-02-18 19:44:24,917 - HackerNewsParser - INFO - Get item #16405420...
2018-02-18 19:44:26,420 - HackerNewsParser - ERROR - Timeout: https://hacker-news.firebaseio.com/v0/item/16405420.json?print=pretty. Try 1 of 4 (set timeout to 1)
2018-02-18 19:44:27,512 - HackerNewsParser - INFO - Get item #16405401...
2018-02-18 19:44:28,183 - HackerNewsParser - INFO - Get item #16405387...
2018-02-18 19:44:28,832 - HackerNewsParser - INFO - Get item #16405384...
2018-02-18 19:44:29,525 - HackerNewsParser - INFO - Get item #16405362...
2018-02-18 19:44:30,173 - HackerNewsParser - INFO - Get item #16405348...
2018-02-18 19:44:30,819 - HackerNewsParser - INFO - Get item #16405338...
2018-02-18 19:44:31,465 - HackerNewsParser - INFO - Get item #16405329...
2018-02-18 19:44:32,101 - HackerNewsParser - INFO - Get item #16405325...
2018-02-18 19:44:32,744 - HackerNewsParser - INFO - Get item #16405268...
2018-02-18 19:44:33,383 - HackerNewsParser - INFO - Get item #16405267...
2018-02-18 19:44:34,027 - HackerNewsParser - INFO - Get item #16405261...
2018-02-18 19:44:34,674 - HackerNewsParser - INFO - Get item #16405255...
2018-02-18 19:44:35,544 - HackerNewsParser - INFO - Get item #16405252...
2018-02-18 19:44:36,187 - HackerNewsParser - INFO - Get item #16405237...
2018-02-18 19:44:36,841 - HackerNewsParser - INFO - Get item #16405221...
2018-02-18 19:44:37,502 - HackerNewsParser - INFO - Get item #16405213...
2018-02-18 19:44:38,182 - HackerNewsParser - INFO - Get item #16405206...
2018-02-18 19:44:38,837 - HackerNewsParser - INFO - Get item #16405167...
2018-02-18 19:44:39,476 - HackerNewsParser - INFO - Get item #16405166...
2018-02-18 19:44:40,121 - HackerNewsParser - INFO - Get item #16405164...
2018-02-18 19:44:40,661 - HackerNewsParser - INFO - Get item #16405159...
2018-02-18 19:44:41,307 - HackerNewsParser - INFO - Get item #16405136...
2018-02-18 19:44:41,958 - HackerNewsParser - INFO - Get item #16405128...
2018-02-18 19:44:42,634 - HackerNewsParser - INFO - Get item #16405123...
2018-02-18 19:44:43,307 - HackerNewsParser - INFO - Get item #16405117...
2018-02-18 19:44:43,948 - HackerNewsParser - INFO - Get item #16405111...
2018-02-18 19:44:44,633 - HackerNewsParser - INFO - Get item #16405089...
2018-02-18 19:44:45,290 - HackerNewsParser - INFO - Get item #16405061...
2018-02-18 19:44:46,058 - HackerNewsParser - INFO - Get item #16405049...
2018-02-18 19:44:46,699 - HackerNewsParser - INFO - Get item #16405046...
2018-02-18 19:44:47,355 - HackerNewsParser - INFO - Get item #16405045...
2018-02-18 19:44:47,991 - HackerNewsParser - INFO - Get item #16405040...
2018-02-18 19:44:48,636 - HackerNewsParser - INFO - Get item #16405002...
2018-02-18 19:44:49,283 - HackerNewsParser - INFO - Get item #16404992...
2018-02-18 19:44:49,941 - HackerNewsParser - INFO - Get item #16404986...
2018-02-18 19:44:50,595 - HackerNewsParser - INFO - Get item #16404985...
2018-02-18 19:44:51,243 - HackerNewsParser - INFO - Get item #16404978...
2018-02-18 19:44:51,895 - HackerNewsParser - INFO - Get item #16404963...
2018-02-18 19:44:52,538 - HackerNewsParser - INFO - Get item #16404954...
2018-02-18 19:44:53,196 - HackerNewsParser - INFO - Get item #16404950...
2018-02-18 19:44:54,616 - HackerNewsParser - INFO - Get item #16404924...
2018-02-18 19:44:55,271 - HackerNewsParser - INFO - Get item #16404920...
2018-02-18 19:44:55,933 - HackerNewsParser - INFO - Get item #16404915...
2018-02-18 19:44:56,655 - HackerNewsParser - INFO - Get item #16404914...
2018-02-18 19:44:57,214 - HackerNewsParser - INFO - Get item #16404901...
2018-02-18 19:44:57,764 - HackerNewsParser - INFO - Get item #16404862...
2018-02-18 19:44:58,402 - HackerNewsParser - INFO - Get item #16404855...
2018-02-18 19:44:59,078 - HackerNewsParser - INFO - Get item #16404825...
2018-02-18 19:44:59,726 - HackerNewsParser - INFO - Get item #16404752...
2018-02-18 19:45:01,213 - HackerNewsParser - ERROR - Timeout: https://hacker-news.firebaseio.com/v0/item/16404752.json?print=pretty. Try 1 of 4 (set timeout to 1)
2018-02-18 19:45:02,675 - HackerNewsParser - INFO - Get item #16404751...
2018-02-18 19:45:03,325 - HackerNewsParser - INFO - Get item #16404718...
2018-02-18 19:45:03,971 - HackerNewsParser - INFO - Get item #16404708...
2018-02-18 19:45:04,626 - HackerNewsParser - INFO - Get item #16404678...
2018-02-18 19:45:05,274 - HackerNewsParser - INFO - Get item #16404658...
2018-02-18 19:45:05,938 - HackerNewsParser - INFO - Get item #16404650...
2018-02-18 19:45:06,658 - HackerNewsParser - INFO - Get item #16404644...
2018-02-18 19:45:07,365 - HackerNewsParser - INFO - Get item #16404633...
2018-02-18 19:45:08,035 - HackerNewsParser - INFO - Get item #16404612...
2018-02-18 19:45:08,740 - HackerNewsParser - INFO - Get item #16404606...
2018-02-18 19:45:09,476 - HackerNewsParser - INFO - Get item #16404604...
2018-02-18 19:45:10,180 - HackerNewsParser - INFO - Get item #16404594...
2018-02-18 19:45:10,826 - HackerNewsParser - INFO - Get item #16404587...
2018-02-18 19:45:11,476 - HackerNewsParser - INFO - Get item #16404551...
2018-02-18 19:45:12,125 - HackerNewsParser - INFO - Get item #16404533...
2018-02-18 19:45:12,681 - HackerNewsParser - INFO - Get item #16404522...
2018-02-18 19:45:13,326 - HackerNewsParser - INFO - Get item #16404519...
2018-02-18 19:45:13,972 - HackerNewsParser - INFO - Get item #16404516...
2018-02-18 19:45:14,617 - HackerNewsParser - INFO - Get item #16404504...
2018-02-18 19:45:15,270 - HackerNewsParser - INFO - Get item #16404458...
2018-02-18 19:45:15,929 - HackerNewsParser - INFO - Get item #16404457...
2018-02-18 19:45:16,821 - HackerNewsParser - INFO - Get item #16404452...
2018-02-18 19:45:17,499 - HackerNewsParser - INFO - Get item #16404435...
2018-02-18 19:45:18,174 - HackerNewsParser - INFO - Get item #16404434...
2018-02-18 19:45:18,861 - HackerNewsParser - INFO - Get item #16404418...
2018-02-18 19:45:19,570 - HackerNewsParser - INFO - Get item #16404416...
2018-02-18 19:45:20,264 - HackerNewsParser - INFO - Get item #16404404...
2018-02-18 19:45:20,988 - HackerNewsParser - INFO - Get item #16404402...
2018-02-18 19:45:21,658 - HackerNewsParser - INFO - Get item #16404389...
2018-02-18 19:45:22,306 - HackerNewsParser - INFO - Get item #16404387...
2018-02-18 19:45:22,950 - HackerNewsParser - INFO - Get item #16404385...
2018-02-18 19:45:23,609 - HackerNewsParser - INFO - Get item #16404379...
2018-02-18 19:45:24,252 - HackerNewsParser - INFO - Get item #16404373...
2018-02-18 19:45:24,927 - HackerNewsParser - INFO - Get item #16404372...
2018-02-18 19:45:25,572 - HackerNewsParser - INFO - Get item #16404365...
2018-02-18 19:45:26,249 - HackerNewsParser - INFO - Get item #16404352...
2018-02-18 19:45:26,916 - HackerNewsParser - INFO - Get item #16404335...
2018-02-18 19:45:32,625 - HackerNewsParser - INFO - Get item #16404319...
2018-02-18 19:45:34,165 - HackerNewsParser - ERROR - Timeout: https://hacker-news.firebaseio.com/v0/item/16404319.json?print=pretty. Try 1 of 4 (set timeout to 1)
2018-02-18 19:45:34,847 - HackerNewsParser - INFO - Get item #16404308...
2018-02-18 19:45:36,388 - HackerNewsParser - ERROR - Timeout: https://hacker-news.firebaseio.com/v0/item/16404308.json?print=pretty. Try 1 of 4 (set timeout to 1)
2018-02-18 19:45:37,079 - HackerNewsParser - INFO - Get item #16404299...
2018-02-18 19:45:37,788 - HackerNewsParser - INFO - Get item #16404279...
2018-02-18 19:45:38,598 - HackerNewsParser - INFO - Get item #16404275...
2018-02-18 19:45:39,367 - HackerNewsParser - INFO - Get item #16404263...
2018-02-18 19:45:40,215 - HackerNewsParser - INFO - Get item #16404250...
2018-02-18 19:45:40,929 - HackerNewsParser - INFO - Get item #16404248...
2018-02-18 19:45:41,638 - HackerNewsParser - INFO - Get item #16404246...
2018-02-18 19:45:42,329 - HackerNewsParser - INFO - Get item #16404230...
2018-02-18 19:45:43,022 - HackerNewsParser - INFO - Get item #16404227...
2018-02-18 19:45:43,722 - HackerNewsParser - INFO - Get item #16404206...
2018-02-18 19:45:44,480 - HackerNewsParser - INFO - Get item #16404116...
2018-02-18 19:45:45,264 - HackerNewsParser - INFO - Get item #16404114...
2018-02-18 19:45:45,970 - HackerNewsParser - INFO - Get item #16404102...
2018-02-18 19:45:46,703 - HackerNewsParser - INFO - Get item #16404092...
2018-02-18 19:45:47,663 - HackerNewsParser - INFO - Get item #16404089...
2018-02-18 19:45:48,419 - HackerNewsParser - INFO - Get item #16404083...
2018-02-18 19:45:49,127 - HackerNewsParser - INFO - Get item #16404078...
2018-02-18 19:45:49,871 - HackerNewsParser - INFO - Get item #16404052...
2018-02-18 19:45:50,575 - HackerNewsParser - INFO - Get item #16404041...
2018-02-18 19:45:51,279 - HackerNewsParser - INFO - Get item #16404038...
2018-02-18 19:45:51,990 - HackerNewsParser - INFO - Get item #16404034...
2018-02-18 19:45:52,700 - HackerNewsParser - INFO - Get item #16404023...
2018-02-18 19:45:53,452 - HackerNewsParser - INFO - Get item #16404014...
2018-02-18 19:45:54,298 - HackerNewsParser - INFO - Get item #16404010...
2018-02-18 19:45:55,011 - HackerNewsParser - INFO - Get item #16404001...
2018-02-18 19:45:55,753 - HackerNewsParser - INFO - Get item #16403993...
2018-02-18 19:45:56,478 - HackerNewsParser - INFO - Get item #16403967...
2018-02-18 19:45:57,187 - HackerNewsParser - INFO - Get item #16403896...
2018-02-18 19:45:57,899 - HackerNewsParser - INFO - Get item #16403823...
2018-02-18 19:45:58,589 - HackerNewsParser - INFO - Get item #16403779...
2018-02-18 19:45:59,293 - HackerNewsParser - INFO - Get item #16403774...
2018-02-18 19:46:00,362 - HackerNewsParser - INFO - Get item #16403754...
2018-02-18 19:46:01,217 - HackerNewsParser - INFO - Get item #16403747...
2018-02-18 19:46:01,956 - HackerNewsParser - INFO - Get item #16403732...
2018-02-18 19:46:02,654 - HackerNewsParser - INFO - Get item #16403724...
2018-02-18 19:46:03,344 - HackerNewsParser - INFO - Get item #16403705...
2018-02-18 19:46:04,042 - HackerNewsParser - INFO - Get item #16403701...
2018-02-18 19:46:04,730 - HackerNewsParser - INFO - Get item #16403700...
2018-02-18 19:46:05,423 - HackerNewsParser - INFO - Get item #16403697...
2018-02-18 19:46:06,100 - HackerNewsParser - INFO - Get item #16403690...
2018-02-18 19:46:06,792 - HackerNewsParser - INFO - Get item #16403648...
2018-02-18 19:46:07,525 - HackerNewsParser - INFO - Get item #16403628...
2018-02-18 19:46:08,381 - HackerNewsParser - INFO - Get item #16403619...
2018-02-18 19:46:09,211 - HackerNewsParser - INFO - Get item #16403577...
2018-02-18 19:46:09,936 - HackerNewsParser - INFO - Get item #16403545...
2018-02-18 19:46:10,643 - HackerNewsParser - INFO - Get item #16403508...
2018-02-18 19:46:11,537 - HackerNewsParser - INFO - Get item #16403493...
2018-02-18 19:46:12,226 - HackerNewsParser - INFO - Get item #16403486...
2018-02-18 19:46:12,922 - HackerNewsParser - INFO - Get item #16403473...
2018-02-18 19:46:13,643 - HackerNewsParser - INFO - Get item #16403472...
2018-02-18 19:46:14,411 - HackerNewsParser - INFO - Get item #16403456...
2018-02-18 19:46:15,097 - HackerNewsParser - INFO - Get item #16403404...
2018-02-18 19:46:16,355 - HackerNewsParser - INFO - Get item #16403372...
2018-02-18 19:46:17,046 - HackerNewsParser - INFO - Get item #16403366...
2018-02-18 19:46:17,767 - HackerNewsParser - INFO - Get item #16403354...
2018-02-18 19:46:18,538 - HackerNewsParser - INFO - Get item #16403329...
2018-02-18 19:46:19,238 - HackerNewsParser - INFO - Get item #16403297...
2018-02-18 19:46:19,922 - HackerNewsParser - INFO - Get item #16403268...
2018-02-18 19:46:20,618 - HackerNewsParser - INFO - Get item #16403255...
2018-02-18 19:46:21,347 - HackerNewsParser - INFO - Get item #16403248...
2018-02-18 19:46:22,167 - HackerNewsParser - INFO - Get item #16403232...
2018-02-18 19:46:22,880 - HackerNewsParser - INFO - Get item #16403231...
2018-02-18 19:46:23,478 - HackerNewsParser - INFO - Get item #16403228...
2018-02-18 19:46:24,221 - HackerNewsParser - INFO - Get item #16403219...
2018-02-18 19:46:25,003 - HackerNewsParser - INFO - Get item #16403185...
2018-02-18 19:46:25,696 - HackerNewsParser - INFO - Get item #16403160...
2018-02-18 19:46:26,382 - HackerNewsParser - INFO - Get item #16403158...
2018-02-18 19:46:27,075 - HackerNewsParser - INFO - Get item #16403121...
2018-02-18 19:46:27,773 - HackerNewsParser - INFO - Get item #16403115...
2018-02-18 19:46:28,466 - HackerNewsParser - INFO - Get item #16403099...
2018-02-18 19:46:29,158 - HackerNewsParser - INFO - Get item #16403086...
2018-02-18 19:46:29,943 - HackerNewsParser - INFO - Get item #16403078...
2018-02-18 19:46:30,637 - HackerNewsParser - INFO - Get item #16403068...
2018-02-18 19:46:31,330 - HackerNewsParser - INFO - Get item #16403062...
2018-02-18 19:46:32,014 - HackerNewsParser - INFO - Get item #16403059...
2018-02-18 19:46:32,771 - HackerNewsParser - INFO - Get item #16403052...
2018-02-18 19:46:33,606 - HackerNewsParser - INFO - Get item #16403041...
2018-02-18 19:46:34,305 - HackerNewsParser - INFO - Get item #16403030...
2018-02-18 19:46:35,012 - HackerNewsParser - INFO - Get item #16403028...
2018-02-18 19:46:35,713 - HackerNewsParser - INFO - Get item #16403015...
2018-02-18 19:46:36,417 - HackerNewsParser - INFO - Get item #16402998...
2018-02-18 19:46:37,129 - HackerNewsParser - INFO - Get item #16402996...
2018-02-18 19:46:37,828 - HackerNewsParser - INFO - Get item #16402988...
2018-02-18 19:46:38,532 - HackerNewsParser - INFO - Get item #16402986...
2018-02-18 19:46:39,227 - HackerNewsParser - INFO - Get item #16402980...
2018-02-18 19:46:39,928 - HackerNewsParser - INFO - Get item #16402975...
2018-02-18 19:46:40,675 - HackerNewsParser - INFO - Get item #16402949...
2018-02-18 19:46:41,402 - HackerNewsParser - INFO - Get item #16402943...
2018-02-18 19:46:42,196 - HackerNewsParser - INFO - Get item #16402940...
2018-02-18 19:46:43,279 - HackerNewsParser - INFO - Get item #16402938...
2018-02-18 19:46:44,132 - HackerNewsParser - INFO - Get item #16402931...
2018-02-18 19:46:44,819 - HackerNewsParser - INFO - Get item #16402925...
2018-02-18 19:46:45,561 - HackerNewsParser - INFO - Get item #16402916...
2018-02-18 19:46:46,268 - HackerNewsParser - INFO - Get item #16402912...
2018-02-18 19:46:46,961 - HackerNewsParser - INFO - Get item #16402911...
2018-02-18 19:46:47,644 - HackerNewsParser - INFO - Get item #16402891...
2018-02-18 19:46:48,333 - HackerNewsParser - INFO - Get item #16402889...
2018-02-18 19:46:49,017 - HackerNewsParser - INFO - Get item #16402883...
2018-02-18 19:46:49,707 - HackerNewsParser - INFO - Get item #16402867...
2018-02-18 19:46:50,396 - HackerNewsParser - INFO - Get item #16402863...
2018-02-18 19:46:51,072 - HackerNewsParser - INFO - Get item #16402815...
2018-02-18 19:46:51,778 - HackerNewsParser - INFO - Get item #16402803...
2018-02-18 19:46:52,482 - HackerNewsParser - INFO - Get item #16402801...
2018-02-18 19:46:53,193 - HackerNewsParser - INFO - Get item #16402794...
2018-02-18 19:46:54,150 - HackerNewsParser - INFO - Get item #16402783...
2018-02-18 19:46:54,929 - HackerNewsParser - INFO - Get item #16402767...
2018-02-18 19:46:55,791 - HackerNewsParser - INFO - Get item #16402765...
2018-02-18 19:46:56,588 - HackerNewsParser - INFO - Get item #16402754...
2018-02-18 19:46:57,290 - HackerNewsParser - INFO - Get item #16402751...
2018-02-18 19:46:58,315 - HackerNewsParser - INFO - Get item #16402735...
2018-02-18 19:46:59,019 - HackerNewsParser - INFO - Get item #16402733...
2018-02-18 19:46:59,706 - HackerNewsParser - INFO - Get item #16402730...
2018-02-18 19:47:00,434 - HackerNewsParser - INFO - Get item #16402710...
2018-02-18 19:47:01,127 - HackerNewsParser - INFO - Get item #16402706...
2018-02-18 19:47:01,813 - HackerNewsParser - INFO - Get item #16402689...
2018-02-18 19:47:02,507 - HackerNewsParser - INFO - Get item #16402688...
2018-02-18 19:47:03,199 - HackerNewsParser - INFO - Get item #16402680...
2018-02-18 19:47:03,916 - HackerNewsParser - INFO - Get item #16402679...
2018-02-18 19:47:04,697 - HackerNewsParser - INFO - Get item #16402678...
2018-02-18 19:47:05,395 - HackerNewsParser - INFO - Get item #16402677...
2018-02-18 19:47:06,087 - HackerNewsParser - INFO - Get item #16402662...
2018-02-18 19:47:06,826 - HackerNewsParser - INFO - Get item #16402658...
2018-02-18 19:47:07,564 - HackerNewsParser - INFO - Get item #16402655...
2018-02-18 19:47:08,428 - HackerNewsParser - INFO - Get item #16402647...
2018-02-18 19:47:09,194 - HackerNewsParser - INFO - Get item #16402644...
2018-02-18 19:47:09,903 - HackerNewsParser - INFO - Get item #16402638...
2018-02-18 19:47:10,623 - HackerNewsParser - INFO - Get item #16402623...
2018-02-18 19:47:11,337 - HackerNewsParser - INFO - Get item #16402621...
2018-02-18 19:47:12,041 - HackerNewsParser - INFO - Get item #16402619...
2018-02-18 19:47:12,745 - HackerNewsParser - INFO - Get item #16402612...
2018-02-18 19:47:14,304 - HackerNewsParser - ERROR - Timeout: https://hacker-news.firebaseio.com/v0/item/16402612.json?print=pretty. Try 1 of 4 (set timeout to 1)
2018-02-18 19:47:15,078 - HackerNewsParser - INFO - Get item #16402609...
2018-02-18 19:47:15,763 - HackerNewsParser - INFO - Get item #16402608...
2018-02-18 19:47:16,460 - HackerNewsParser - INFO - Get item #16402602...
2018-02-18 19:47:17,161 - HackerNewsParser - INFO - Get item #16402599...
2018-02-18 19:47:17,842 - HackerNewsParser - INFO - Get item #16402557...
2018-02-18 19:47:18,526 - HackerNewsParser - INFO - Get item #16402550...
2018-02-18 19:47:19,223 - HackerNewsParser - INFO - Get item #16402538...
2018-02-18 19:47:19,933 - HackerNewsParser - INFO - Get item #16402537...
2018-02-18 19:47:20,648 - HackerNewsParser - INFO - Get item #16402531...
2018-02-18 19:47:21,327 - HackerNewsParser - INFO - Get item #16402523...
2018-02-18 19:47:22,023 - HackerNewsParser - INFO - Get item #16402511...
2018-02-18 19:47:22,712 - HackerNewsParser - INFO - Get item #16402505...
2018-02-18 19:47:23,455 - HackerNewsParser - INFO - Get item #16402498...
2018-02-18 19:47:24,335 - HackerNewsParser - INFO - Get item #16402490...
2018-02-18 19:47:25,037 - HackerNewsParser - INFO - Get item #16402470...
2018-02-18 19:47:25,770 - HackerNewsParser - INFO - Get item #16402460...
2018-02-18 19:47:26,452 - HackerNewsParser - INFO - Get item #16402454...
2018-02-18 19:47:27,146 - HackerNewsParser - INFO - Get item #16402439...
2018-02-18 19:47:27,887 - HackerNewsParser - INFO - Get item #16402412...
2018-02-18 19:47:28,570 - HackerNewsParser - INFO - Get item #16402404...
2018-02-18 19:47:29,388 - HackerNewsParser - INFO - Get item #16402396...
2018-02-18 19:47:30,100 - HackerNewsParser - INFO - Get item #16402378...
2018-02-18 19:47:30,794 - HackerNewsParser - INFO - Get item #16402371...
2018-02-18 19:47:31,510 - HackerNewsParser - INFO - Get item #16402352...
2018-02-18 19:47:32,210 - HackerNewsParser - INFO - Get item #16402351...
2018-02-18 19:47:32,916 - HackerNewsParser - INFO - Get item #16402336...
2018-02-18 19:47:33,636 - HackerNewsParser - INFO - Get item #16402331...
2018-02-18 19:47:34,337 - HackerNewsParser - INFO - Get item #16402330...
2018-02-18 19:47:35,023 - HackerNewsParser - INFO - Get item #16402276...
2018-02-18 19:47:35,737 - HackerNewsParser - INFO - Get item #16402275...
2018-02-18 19:47:36,420 - HackerNewsParser - INFO - In category 'newstories' get 500 records
