2018-02-21 20:00:10,277 - HackerNewsParser - INFO - Get category 'jobstories'...
2018-02-21 20:00:10,992 - HackerNewsParser - INFO - Get item #16430828...
2018-02-21 20:00:11,707 - HackerNewsParser - INFO - Get item #16428964...
2018-02-21 20:00:12,426 - HackerNewsParser - INFO - Get item #16427585...
2018-02-21 20:00:13,070 - HackerNewsParser - INFO - Get item #16426696...
2018-02-21 20:00:13,718 - HackerNewsParser - INFO - Get item #16425505...
2018-02-21 20:00:14,379 - HackerNewsParser - INFO - Get item #16423736...
2018-02-21 20:00:15,025 - HackerNewsParser - INFO - Get item #16421406...
2018-02-21 20:00:15,667 - HackerNewsParser - INFO - Get item #16419551...
2018-02-21 20:00:16,309 - HackerNewsParser - INFO - Get item #16418364...
2018-02-21 20:00:16,945 - HackerNewsParser - INFO - Get item #16417670...
2018-02-21 20:00:17,586 - HackerNewsParser - INFO - Get item #16416531...
2018-02-21 20:00:18,242 - HackerNewsParser - INFO - Get item #16414934...
2018-02-21 20:00:18,886 - HackerNewsParser - INFO - Get item #16412998...
2018-02-21 20:00:19,524 - HackerNewsParser - INFO - Get item #16404959...
2018-02-21 20:00:20,175 - HackerNewsParser - INFO - In category 'jobstories' get 14 records
2018-02-21 20:08:42,792 - HackerNewsParser - INFO - Get category 'jobstories'...
2018-02-21 20:08:43,496 - HackerNewsParser - INFO - Get item #16430828...
2018-02-21 20:08:44,153 - HackerNewsParser - INFO - Get item #16428964...
2018-02-21 20:08:45,025 - HackerNewsParser - INFO - Get item #16427585...
2018-02-21 20:08:45,696 - HackerNewsParser - INFO - Get item #16426696...
2018-02-21 20:08:46,442 - HackerNewsParser - INFO - Get item #16425505...
2018-02-21 20:08:47,128 - HackerNewsParser - INFO - Get item #16423736...
2018-02-21 20:08:47,932 - HackerNewsParser - INFO - Get item #16421406...
2018-02-21 20:08:48,585 - HackerNewsParser - INFO - Get item #16419551...
2018-02-21 20:08:49,235 - HackerNewsParser - INFO - Get item #16418364...
2018-02-21 20:08:49,887 - HackerNewsParser - INFO - Get item #16417670...
2018-02-21 20:08:50,553 - HackerNewsParser - INFO - Get item #16416531...
2018-02-21 20:08:51,198 - HackerNewsParser - INFO - Get item #16414934...
2018-02-21 20:08:51,841 - HackerNewsParser - INFO - Get item #16412998...
2018-02-21 20:08:52,523 - HackerNewsParser - INFO - Get item #16404959...
2018-02-21 20:08:53,188 - HackerNewsParser - INFO - In category 'jobstories' get 14 records
2018-02-21 20:27:25,204 - HackerNewsParser - INFO - Get category 'askstories'...
2018-02-21 20:27:26,126 - HackerNewsParser - INFO - Get item #16428309...
2018-02-21 20:27:26,767 - HackerNewsParser - INFO - Get item #16431768...
2018-02-21 20:27:27,468 - HackerNewsParser - INFO - Get item #16409768...
2018-02-21 20:27:28,116 - HackerNewsParser - INFO - Get item #16431666...
2018-02-21 20:27:28,777 - HackerNewsParser - INFO - Get item #16427533...
2018-02-21 20:27:29,415 - HackerNewsParser - INFO - Get item #16429765...
2018-02-21 20:27:30,067 - HackerNewsParser - INFO - Get item #16418546...
2018-02-21 20:27:30,714 - HackerNewsParser - INFO - Get item #16426646...
2018-02-21 20:27:31,358 - HackerNewsParser - INFO - Get item #16428094...
2018-02-21 20:27:32,022 - HackerNewsParser - INFO - Get item #16428558...
2018-02-21 20:27:32,661 - HackerNewsParser - INFO - Get item #16424738...
2018-02-21 20:27:33,214 - HackerNewsParser - INFO - Get item #16427285...
2018-02-21 20:27:33,857 - HackerNewsParser - INFO - Get item #16411662...
2018-02-21 20:27:34,522 - HackerNewsParser - INFO - Get item #16418162...
2018-02-21 20:27:35,187 - HackerNewsParser - INFO - Get item #16419628...
2018-02-21 20:27:35,854 - HackerNewsParser - INFO - Get item #16422166...
2018-02-21 20:27:36,490 - HackerNewsParser - INFO - Get item #16428842...
2018-02-21 20:27:37,132 - HackerNewsParser - INFO - Get item #16423325...
2018-02-21 20:27:37,809 - HackerNewsParser - INFO - Get item #16412343...
2018-02-21 20:27:38,458 - HackerNewsParser - INFO - Get item #16426997...
2018-02-21 20:27:39,096 - HackerNewsParser - INFO - Get item #16424799...
2018-02-21 20:27:39,750 - HackerNewsParser - INFO - Get item #16425441...
2018-02-21 20:27:40,404 - HackerNewsParser - INFO - Get item #16420523...
2018-02-21 20:27:41,141 - HackerNewsParser - INFO - Get item #16417463...
2018-02-21 20:27:41,789 - HackerNewsParser - INFO - Get item #16421774...
2018-02-21 20:27:42,430 - HackerNewsParser - INFO - Get item #16405926...
2018-02-21 20:27:43,123 - HackerNewsParser - INFO - Get item #16410592...
2018-02-21 20:27:43,767 - HackerNewsParser - INFO - Get item #16419566...
2018-02-21 20:27:44,411 - HackerNewsParser - INFO - Get item #16417145...
2018-02-21 20:27:45,054 - HackerNewsParser - INFO - Get item #16410873...
2018-02-21 20:27:46,399 - HackerNewsParser - INFO - Get item #16411293...
2018-02-21 20:27:47,048 - HackerNewsParser - INFO - Get item #16414107...
2018-02-21 20:27:47,687 - HackerNewsParser - INFO - Get item #16421089...
2018-02-21 20:27:48,327 - HackerNewsParser - INFO - Get item #16420685...
2018-02-21 20:27:48,978 - HackerNewsParser - INFO - Get item #16407302...
2018-02-21 20:27:49,647 - HackerNewsParser - INFO - Get item #16419584...
2018-02-21 20:27:50,294 - HackerNewsParser - INFO - Get item #16427122...
2018-02-21 20:27:50,941 - HackerNewsParser - INFO - Get item #16409945...
2018-02-21 20:27:51,588 - HackerNewsParser - INFO - Get item #16417655...
2018-02-21 20:27:52,234 - HackerNewsParser - INFO - Get item #16405821...
2018-02-21 20:27:52,867 - HackerNewsParser - INFO - Get item #16417220...
2018-02-21 20:27:53,512 - HackerNewsParser - INFO - Get item #16416866...
2018-02-21 20:27:54,183 - HackerNewsParser - INFO - Get item #16407557...
2018-02-21 20:27:54,840 - HackerNewsParser - INFO - Get item #16406341...
2018-02-21 20:27:55,492 - HackerNewsParser - INFO - Get item #16410358...
2018-02-21 20:27:57,032 - HackerNewsParser - ERROR - Timeout: https://hacker-news.firebaseio.com/v0/item/16410358.json?print=pretty. Try 1 of 4 (set timeout to 1)
2018-02-21 20:27:58,041 - HackerNewsParser - INFO - Get item #16414904...
2018-02-21 20:27:58,695 - HackerNewsParser - INFO - Get item #16424466...
2018-02-21 20:27:59,346 - HackerNewsParser - INFO - Get item #16408801...
2018-02-21 20:28:00,027 - HackerNewsParser - INFO - Get item #16421156...
2018-02-21 20:28:00,690 - HackerNewsParser - INFO - Get item #16413604...
2018-02-21 20:28:01,350 - HackerNewsParser - INFO - Get item #16412961...
2018-02-21 20:28:01,991 - HackerNewsParser - INFO - Get item #16411770...
2018-02-21 20:28:02,632 - HackerNewsParser - INFO - Get item #16408464...
2018-02-21 20:28:03,311 - HackerNewsParser - INFO - Get item #16407225...
2018-02-21 20:28:03,956 - HackerNewsParser - INFO - Get item #16405641...
2018-02-21 20:28:04,600 - HackerNewsParser - INFO - Get item #16405213...
2018-02-21 20:28:05,280 - HackerNewsParser - INFO - Get item #16412458...
2018-02-21 20:28:05,921 - HackerNewsParser - INFO - Get item #16417591...
2018-02-21 20:28:06,587 - HackerNewsParser - INFO - Get item #16407294...
2018-02-21 20:28:07,240 - HackerNewsParser - INFO - Get item #16415546...
2018-02-21 20:28:07,885 - HackerNewsParser - INFO - Get item #16418842...
2018-02-21 20:28:09,345 - HackerNewsParser - INFO - Get item #16409187...
2018-02-21 20:28:09,989 - HackerNewsParser - INFO - Get item #16427152...
2018-02-21 20:28:10,639 - HackerNewsParser - INFO - Get item #16427101...
2018-02-21 20:28:11,280 - HackerNewsParser - INFO - Get item #16426744...
2018-02-21 20:28:11,948 - HackerNewsParser - INFO - Get item #16426700...
2018-02-21 20:28:12,596 - HackerNewsParser - INFO - Get item #16426378...
2018-02-21 20:28:13,249 - HackerNewsParser - INFO - Get item #16425572...
2018-02-21 20:28:13,905 - HackerNewsParser - INFO - Get item #16425227...
2018-02-21 20:28:14,550 - HackerNewsParser - INFO - Get item #16425105...
2018-02-21 20:28:15,191 - HackerNewsParser - INFO - Get item #16424886...
2018-02-21 20:28:15,854 - HackerNewsParser - INFO - Get item #16423714...
2018-02-21 20:28:16,501 - HackerNewsParser - INFO - Get item #16423655...
2018-02-21 20:28:17,169 - HackerNewsParser - INFO - Get item #16423184...
2018-02-21 20:28:17,827 - HackerNewsParser - INFO - Get item #16422909...
2018-02-21 20:28:18,472 - HackerNewsParser - INFO - Get item #16422714...
2018-02-21 20:28:19,117 - HackerNewsParser - INFO - Get item #16422651...
2018-02-21 20:28:19,768 - HackerNewsParser - INFO - Get item #16422600...
2018-02-21 20:28:20,413 - HackerNewsParser - INFO - Get item #16422336...
2018-02-21 20:28:21,063 - HackerNewsParser - INFO - Get item #16422320...
2018-02-21 20:28:21,765 - HackerNewsParser - INFO - Get item #16422029...
2018-02-21 20:28:22,404 - HackerNewsParser - INFO - Get item #16421904...
2018-02-21 20:28:23,068 - HackerNewsParser - INFO - Get item #16421703...
2018-02-21 20:28:23,740 - HackerNewsParser - INFO - Get item #16421338...
2018-02-21 20:28:24,389 - HackerNewsParser - INFO - In category 'askstories' get 84 records
