2018-01-05 16:34:29,109 - exampleApp - INFO - Program started with next options: Namespace(category='all', clr=False)
2018-01-05 16:34:29,109 - exampleApp - INFO - Create output directory 'results'.
2018-01-05 16:34:29,109 - exampleApp - INFO - Create log-file 'results\hn_parser.log'.
2018-01-05 16:34:29,125 - exampleApp - INFO - Get category 'topstories'...
2018-01-05 16:34:30,000 - exampleApp - INFO - Get item #16078532...
2018-01-05 16:34:30,625 - exampleApp - INFO - Get item #16077638...
2018-01-05 16:34:31,218 - exampleApp - INFO - Get item #16078063...
2018-01-05 16:34:31,828 - exampleApp - INFO - Get item #16074096...
2018-01-05 16:34:32,437 - exampleApp - INFO - Get item #16077701...
2018-01-05 16:34:33,031 - exampleApp - INFO - Get item #16078193...
2018-01-05 16:34:33,671 - exampleApp - INFO - Get item #16077251...
2018-01-05 16:34:34,281 - exampleApp - INFO - Get item #16075933...
2018-01-05 16:34:35,718 - exampleApp - ERROR - Timeout: https://hacker-news.firebaseio.com/v0/item/16075933.json?print=pretty. Try 1 of 4 (set timeout to 1)
2018-01-05 16:34:36,343 - exampleApp - INFO - Get item #16077873...
2018-01-05 16:34:36,937 - exampleApp - INFO - Get item #16078059...
2018-01-05 16:34:37,546 - exampleApp - INFO - Get item #16076932...
2018-01-05 16:34:38,156 - exampleApp - INFO - Get item #16076651...
2018-01-05 16:34:38,765 - exampleApp - INFO - Get item #16075325...
2018-01-05 16:34:39,359 - exampleApp - INFO - Get item #16078201...
2018-01-05 16:34:39,968 - exampleApp - INFO - Get item #16075044...
2018-01-05 16:34:40,593 - exampleApp - INFO - Get item #16075744...
2018-01-05 16:34:41,187 - exampleApp - INFO - Get item #16078209...
2018-01-05 16:34:41,781 - exampleApp - INFO - Get item #16076699...
2018-01-05 16:34:42,421 - exampleApp - INFO - Get item #16073048...
2018-01-05 16:34:43,015 - exampleApp - INFO - Get item #16065845...
2018-01-05 16:34:43,625 - exampleApp - INFO - Get item #16075348...
2018-01-05 16:34:44,234 - exampleApp - INFO - Get item #16075911...
2018-01-05 16:34:44,859 - exampleApp - INFO - Get item #16075861...
2018-01-05 16:34:45,453 - exampleApp - INFO - Get item #16076047...
2018-01-05 16:34:46,046 - exampleApp - INFO - Get item #16072368...
2018-01-05 16:34:46,671 - exampleApp - INFO - Get item #16071290...
2018-01-05 16:34:47,265 - exampleApp - INFO - Get item #16070656...
2018-01-05 16:34:47,875 - exampleApp - INFO - Get item #16077795...
2018-01-05 16:34:48,500 - exampleApp - INFO - Get item #16072798...
2018-01-05 16:34:49,109 - exampleApp - INFO - Get item #16075626...
2018-01-05 16:34:49,718 - exampleApp - INFO - Get item #16072119...
2018-01-05 16:34:50,312 - exampleApp - INFO - Get item #16073191...
2018-01-05 16:34:50,906 - exampleApp - INFO - Get item #16073745...
2018-01-05 16:34:51,500 - exampleApp - INFO - Get item #16070394...
2018-01-05 16:34:52,109 - exampleApp - INFO - Get item #16077323...
2018-01-05 16:34:52,703 - exampleApp - INFO - Get item #16075430...
2018-01-05 16:34:53,328 - exampleApp - INFO - Get item #16070636...
2018-01-05 16:34:53,937 - exampleApp - INFO - Get item #16072849...
2018-01-05 16:34:54,546 - exampleApp - INFO - Get item #16071500...
2018-01-05 16:34:55,156 - exampleApp - INFO - Get item #16074346...
2018-01-05 16:34:55,765 - exampleApp - INFO - Get item #16074919...
2018-01-05 16:34:56,359 - exampleApp - INFO - Get item #16074793...
2018-01-05 16:34:56,984 - exampleApp - INFO - Get item #16075018...
2018-01-05 16:34:57,593 - exampleApp - INFO - Get item #16075846...
2018-01-05 16:34:58,187 - exampleApp - INFO - Get item #16075028...
2018-01-05 16:34:58,796 - exampleApp - INFO - Get item #16072302...
2018-01-05 16:34:59,390 - exampleApp - INFO - Get item #16073874...
2018-01-05 16:35:00,000 - exampleApp - INFO - Get item #16073798...
2018-01-05 16:35:00,640 - exampleApp - INFO - Get item #16073887...
2018-01-05 16:35:01,234 - exampleApp - INFO - Get item #16073600...
2018-01-05 16:35:01,843 - exampleApp - INFO - Get item #16066871...
2018-01-05 16:35:02,468 - exampleApp - INFO - Get item #16077302...
2018-01-05 16:35:03,078 - exampleApp - INFO - Get item #16076941...
2018-01-05 16:35:03,687 - exampleApp - INFO - Get item #16070917...
2018-01-05 16:35:04,281 - exampleApp - INFO - Get item #16070328...
2018-01-05 16:35:04,890 - exampleApp - INFO - Get item #16070817...
2018-01-05 16:35:05,484 - exampleApp - INFO - Get item #16067901...
2018-01-05 16:35:06,656 - exampleApp - INFO - Get item #16068324...
2018-01-05 16:35:07,281 - exampleApp - INFO - Get item #16069627...
2018-01-05 16:35:08,281 - exampleApp - INFO - Get item #16070262...
2018-01-05 16:35:08,921 - exampleApp - INFO - Get item #16076175...
2018-01-05 16:35:09,515 - exampleApp - INFO - Get item #16073039...
2018-01-05 16:35:10,125 - exampleApp - INFO - Get item #16057449...
2018-01-05 16:35:10,718 - exampleApp - INFO - Get item #16077953...
2018-01-05 16:35:11,312 - exampleApp - INFO - Get item #16068149...
2018-01-05 16:35:11,921 - exampleApp - INFO - Get item #16070050...
2018-01-05 16:35:12,531 - exampleApp - INFO - Get item #16075892...
2018-01-05 16:35:13,140 - exampleApp - INFO - Get item #16070098...
2018-01-05 16:35:13,765 - exampleApp - INFO - Get item #16075141...
2018-01-05 16:35:14,375 - exampleApp - INFO - Get item #16061837...
2018-01-05 16:35:14,984 - exampleApp - INFO - Get item #16066996...
2018-01-05 16:35:15,593 - exampleApp - INFO - Get item #16068068...
2018-01-05 16:35:16,187 - exampleApp - INFO - Get item #16073163...
2018-01-05 16:35:16,781 - exampleApp - INFO - Get item #16077708...
2018-01-05 16:35:17,421 - exampleApp - INFO - Get item #16069200...
2018-01-05 16:35:18,046 - exampleApp - INFO - Get item #16066429...
2018-01-05 16:35:18,656 - exampleApp - INFO - Get item #16068244...
2018-01-05 16:35:19,281 - exampleApp - INFO - Get item #16073254...
2018-01-05 16:35:19,890 - exampleApp - INFO - Get item #16074384...
2018-01-05 16:35:20,515 - exampleApp - INFO - Get item #16068150...
2018-01-05 16:35:21,109 - exampleApp - INFO - Get item #16064533...
2018-01-05 16:35:21,718 - exampleApp - INFO - Get item #16075411...
2018-01-05 16:35:22,328 - exampleApp - INFO - Get item #16068765...
2018-01-05 16:35:22,921 - exampleApp - INFO - Get item #16068131...
2018-01-05 16:35:23,562 - exampleApp - INFO - Get item #16071488...
2018-01-05 16:35:24,171 - exampleApp - INFO - Get item #16073219...
2018-01-05 16:35:24,765 - exampleApp - INFO - Get item #16068063...
2018-01-05 16:35:25,375 - exampleApp - INFO - Get item #16075191...
2018-01-05 16:35:25,984 - exampleApp - INFO - Get item #16063946...
2018-01-05 16:35:26,593 - exampleApp - INFO - Get item #16075546...
2018-01-05 16:35:27,218 - exampleApp - INFO - Get item #16060855...
2018-01-05 16:35:27,828 - exampleApp - INFO - Get item #16058920...
2018-01-05 16:35:28,453 - exampleApp - INFO - Get item #16074211...
2018-01-05 16:35:29,125 - exampleApp - INFO - Get item #16074178...
2018-01-05 16:35:29,734 - exampleApp - INFO - Get item #16076775...
2018-01-05 16:35:30,328 - exampleApp - INFO - Get item #16070949...
2018-01-05 16:35:30,921 - exampleApp - INFO - Get item #16075850...
2018-01-05 16:35:31,515 - exampleApp - INFO - Get item #16077497...
2018-01-05 16:35:32,125 - exampleApp - INFO - Get item #16062353...
2018-01-05 16:35:32,750 - exampleApp - INFO - Get item #16066883...
2018-01-05 16:35:33,359 - exampleApp - INFO - Get item #16072463...
2018-01-05 16:35:33,984 - exampleApp - INFO - Get item #16076947...
2018-01-05 16:35:34,609 - exampleApp - INFO - Get item #16052451...
2018-01-05 16:35:35,203 - exampleApp - INFO - Get item #16073258...
2018-01-05 16:35:35,796 - exampleApp - INFO - Get item #16073596...
2018-01-05 16:35:36,390 - exampleApp - INFO - Get item #16071612...
2018-01-05 16:35:37,000 - exampleApp - INFO - Get item #16071087...
2018-01-05 16:35:37,625 - exampleApp - INFO - Get item #16064770...
2018-01-05 16:35:38,234 - exampleApp - INFO - Get item #16056156...
2018-01-05 16:35:38,828 - exampleApp - INFO - Get item #16059402...
2018-01-05 16:35:39,421 - exampleApp - INFO - Get item #16074974...
2018-01-05 16:35:40,031 - exampleApp - INFO - Get item #16075745...
2018-01-05 16:35:41,484 - exampleApp - ERROR - Timeout: https://hacker-news.firebaseio.com/v0/item/16075745.json?print=pretty. Try 1 of 4 (set timeout to 1)
2018-01-05 16:35:42,093 - exampleApp - INFO - Get item #16075730...
2018-01-05 16:35:42,703 - exampleApp - INFO - Get item #16076490...
2018-01-05 16:35:43,328 - exampleApp - INFO - Get item #16074596...
2018-01-05 16:35:43,921 - exampleApp - INFO - Get item #16071001...
2018-01-05 16:35:44,531 - exampleApp - INFO - Get item #16068305...
2018-01-05 16:35:45,156 - exampleApp - INFO - Get item #16075642...
2018-01-05 16:35:45,750 - exampleApp - INFO - Get item #16068110...
2018-01-05 16:35:46,359 - exampleApp - INFO - Get item #16052538...
2018-01-05 16:35:46,968 - exampleApp - INFO - Get item #16067109...
2018-01-05 16:35:47,562 - exampleApp - INFO - Get item #16068163...
2018-01-05 16:35:48,171 - exampleApp - INFO - Get item #16073997...
2018-01-05 16:35:48,796 - exampleApp - INFO - Get item #16049954...
2018-01-05 16:35:50,171 - exampleApp - INFO - Get item #16060549...
2018-01-05 16:35:50,796 - exampleApp - INFO - Get item #16062787...
2018-01-05 16:35:51,390 - exampleApp - INFO - Get item #16073298...
2018-01-05 16:35:51,984 - exampleApp - INFO - Get item #16059601...
2018-01-05 16:35:52,578 - exampleApp - INFO - Get item #16068118...
2018-01-05 16:35:53,203 - exampleApp - INFO - Get item #16053348...
2018-01-05 16:35:53,812 - exampleApp - INFO - Get item #16055027...
2018-01-05 16:35:54,406 - exampleApp - INFO - Get item #16055313...
2018-01-05 16:35:55,000 - exampleApp - INFO - Get item #16073785...
2018-01-05 16:35:55,593 - exampleApp - INFO - Get item #16062508...
2018-01-05 16:35:56,203 - exampleApp - INFO - Get item #16067535...
2018-01-05 16:35:56,796 - exampleApp - INFO - Get item #16059525...
2018-01-05 16:35:57,406 - exampleApp - INFO - Get item #16071731...
2018-01-05 16:35:58,015 - exampleApp - INFO - Get item #16063273...
2018-01-05 16:35:58,625 - exampleApp - INFO - Get item #16065098...
2018-01-05 16:35:59,234 - exampleApp - INFO - Get item #16067182...
2018-01-05 16:35:59,843 - exampleApp - INFO - Get item #16070725...
2018-01-05 16:36:00,468 - exampleApp - INFO - Get item #16052558...
2018-01-05 16:36:01,062 - exampleApp - INFO - Get item #16072417...
2018-01-05 16:36:01,671 - exampleApp - INFO - Get item #16064611...
2018-01-05 16:36:02,296 - exampleApp - INFO - Get item #16073801...
2018-01-05 16:36:02,890 - exampleApp - INFO - Get item #16073946...
2018-01-05 16:36:03,484 - exampleApp - INFO - Get item #16070214...
2018-01-05 16:36:04,093 - exampleApp - INFO - Get item #16075277...
2018-01-05 16:36:04,703 - exampleApp - INFO - Get item #16063522...
2018-01-05 16:36:05,312 - exampleApp - INFO - Get item #16074072...
2018-01-05 16:36:05,921 - exampleApp - INFO - Get item #16050047...
2018-01-05 16:36:06,515 - exampleApp - INFO - Get item #16067229...
2018-01-05 16:36:07,125 - exampleApp - INFO - Get item #16065093...
2018-01-05 16:36:07,750 - exampleApp - INFO - Get item #16072147...
2018-01-05 16:36:08,359 - exampleApp - INFO - Get item #16068455...
2018-01-05 16:36:08,968 - exampleApp - INFO - Get item #16068388...
2018-01-05 16:36:09,562 - exampleApp - INFO - Get item #16064545...
2018-01-05 16:36:10,156 - exampleApp - INFO - Get item #16077012...
2018-01-05 16:36:10,765 - exampleApp - INFO - Get item #16051078...
2018-01-05 16:36:11,359 - exampleApp - INFO - Get item #16071769...
2018-01-05 16:36:11,984 - exampleApp - INFO - Get item #16052105...
2018-01-05 16:36:12,609 - exampleApp - INFO - Get item #16076969...
2018-01-05 16:36:13,218 - exampleApp - INFO - Get item #16076963...
2018-01-05 16:36:13,828 - exampleApp - INFO - Get item #16076095...
2018-01-05 16:36:14,515 - exampleApp - INFO - Get item #16051688...
2018-01-05 16:36:15,109 - exampleApp - INFO - Get item #16072185...
2018-01-05 16:36:15,718 - exampleApp - INFO - Get item #16056669...
2018-01-05 16:36:16,328 - exampleApp - INFO - Get item #16051337...
2018-01-05 16:36:16,953 - exampleApp - INFO - Get item #16051428...
2018-01-05 16:36:17,562 - exampleApp - INFO - Get item #16074209...
2018-01-05 16:36:18,156 - exampleApp - INFO - Get item #16064388...
2018-01-05 16:36:18,781 - exampleApp - INFO - Get item #16075431...
2018-01-05 16:36:19,406 - exampleApp - INFO - Get item #16057077...
2018-01-05 16:36:20,015 - exampleApp - INFO - Get item #16055037...
2018-01-05 16:36:20,609 - exampleApp - INFO - Get item #16075832...
2018-01-05 16:36:21,203 - exampleApp - INFO - Get item #16072644...
2018-01-05 16:36:21,812 - exampleApp - INFO - Get item #16062189...
2018-01-05 16:36:22,437 - exampleApp - INFO - Get item #16070442...
2018-01-05 16:36:23,046 - exampleApp - INFO - Get item #16059517...
2018-01-05 16:36:23,640 - exampleApp - INFO - Get item #16069350...
2018-01-05 16:36:24,234 - exampleApp - INFO - Get item #16075534...
2018-01-05 16:36:24,843 - exampleApp - INFO - Get item #16073400...
2018-01-05 16:36:25,453 - exampleApp - INFO - Get item #16050437...
2018-01-05 16:36:26,062 - exampleApp - INFO - Get item #16053015...
2018-01-05 16:36:26,671 - exampleApp - INFO - Get item #16063844...
2018-01-05 16:36:27,265 - exampleApp - INFO - Get item #16062659...
2018-01-05 16:36:27,859 - exampleApp - INFO - Get item #16075423...
2018-01-05 16:36:28,468 - exampleApp - INFO - Get item #16058147...
2018-01-05 16:36:29,078 - exampleApp - INFO - Get item #16052743...
2018-01-05 16:36:29,718 - exampleApp - INFO - Get item #16067322...
2018-01-05 16:36:30,328 - exampleApp - INFO - Get item #16051066...
2018-01-05 16:36:30,921 - exampleApp - INFO - Get item #16065550...
2018-01-05 16:36:31,531 - exampleApp - INFO - Get item #16049944...
2018-01-05 16:36:32,140 - exampleApp - INFO - Get item #16066968...
2018-01-05 16:36:32,750 - exampleApp - INFO - Get item #16071904...
2018-01-05 16:36:33,359 - exampleApp - INFO - Get item #16067808...
2018-01-05 16:36:33,953 - exampleApp - INFO - Get item #16059602...
2018-01-05 16:36:34,546 - exampleApp - INFO - Get item #16076454...
2018-01-05 16:36:35,156 - exampleApp - INFO - Get item #16066224...
2018-01-05 16:36:35,796 - exampleApp - INFO - Get item #16067245...
2018-01-05 16:36:36,390 - exampleApp - INFO - Get item #16059257...
2018-01-05 16:36:37,000 - exampleApp - INFO - Get item #16075647...
2018-01-05 16:36:37,625 - exampleApp - INFO - Get item #16074868...
2018-01-05 16:36:38,250 - exampleApp - INFO - Get item #16055823...
2018-01-05 16:36:39,546 - exampleApp - INFO - Get item #16056271...
2018-01-05 16:36:40,250 - exampleApp - INFO - Get item #16050407...
2018-01-05 16:36:40,843 - exampleApp - INFO - Get item #16072011...
2018-01-05 16:36:41,453 - exampleApp - INFO - Get item #16064146...
2018-01-05 16:36:42,046 - exampleApp - INFO - Get item #16071536...
2018-01-05 16:36:42,656 - exampleApp - INFO - Get item #16055663...
2018-01-05 16:36:43,265 - exampleApp - INFO - Get item #16053406...
2018-01-05 16:36:43,875 - exampleApp - INFO - Get item #16059456...
2018-01-05 16:36:44,468 - exampleApp - INFO - Get item #16075149...
2018-01-05 16:36:45,078 - exampleApp - INFO - Get item #16057954...
2018-01-05 16:36:45,671 - exampleApp - INFO - Get item #16057579...
2018-01-05 16:36:46,312 - exampleApp - INFO - Get item #16075110...
2018-01-05 16:36:46,906 - exampleApp - INFO - Get item #16075960...
2018-01-05 16:36:47,531 - exampleApp - INFO - Get item #16053920...
2018-01-05 16:36:48,140 - exampleApp - INFO - Get item #16060702...
2018-01-05 16:36:48,750 - exampleApp - INFO - Get item #16073935...
2018-01-05 16:36:49,359 - exampleApp - INFO - Get item #16075842...
2018-01-05 16:36:49,968 - exampleApp - INFO - Get item #16056733...
2018-01-05 16:36:50,578 - exampleApp - INFO - Get item #16067348...
2018-01-05 16:36:51,218 - exampleApp - INFO - Get item #16058819...
2018-01-05 16:36:51,812 - exampleApp - INFO - Get item #16051520...
2018-01-05 16:36:52,437 - exampleApp - INFO - Get item #16062615...
2018-01-05 16:36:53,046 - exampleApp - INFO - Get item #16060658...
2018-01-05 16:36:53,656 - exampleApp - INFO - Get item #16065321...
2018-01-05 16:36:54,250 - exampleApp - INFO - Get item #16063635...
2018-01-05 16:36:54,843 - exampleApp - INFO - Get item #16058966...
2018-01-05 16:36:55,453 - exampleApp - INFO - Get item #16056135...
2018-01-05 16:36:56,062 - exampleApp - INFO - Get item #16058803...
2018-01-05 16:36:56,656 - exampleApp - INFO - Get item #16066782...
2018-01-05 16:36:57,359 - exampleApp - INFO - Get item #16052214...
2018-01-05 16:36:57,968 - exampleApp - INFO - Get item #16074196...
2018-01-05 16:36:58,578 - exampleApp - INFO - Get item #16069316...
2018-01-05 16:36:59,218 - exampleApp - INFO - Get item #16062697...
2018-01-05 16:36:59,843 - exampleApp - INFO - Get item #16069491...
2018-01-05 16:37:00,343 - exampleApp - INFO - Get item #16057683...
2018-01-05 16:37:00,937 - exampleApp - INFO - Get item #16060909...
2018-01-05 16:37:01,546 - exampleApp - INFO - Get item #16073625...
2018-01-05 16:37:02,156 - exampleApp - INFO - Get item #16064753...
2018-01-05 16:37:02,781 - exampleApp - INFO - Get item #16058227...
2018-01-05 16:37:03,375 - exampleApp - INFO - Get item #16050021...
2018-01-05 16:37:03,890 - exampleApp - INFO - Get item #16064978...
2018-01-05 16:37:04,484 - exampleApp - INFO - Get item #16060384...
2018-01-05 16:37:05,171 - exampleApp - INFO - Get item #16070516...
2018-01-05 16:37:06,640 - exampleApp - ERROR - Timeout: https://hacker-news.firebaseio.com/v0/item/16070516.json?print=pretty. Try 1 of 4 (set timeout to 1)
2018-01-05 16:37:07,250 - exampleApp - INFO - Get item #16067756...
2018-01-05 16:37:07,890 - exampleApp - INFO - Get item #16065984...
2018-01-05 16:37:08,531 - exampleApp - INFO - Get item #16055208...
2018-01-05 16:37:09,140 - exampleApp - INFO - Get item #16049920...
2018-01-05 16:37:09,734 - exampleApp - INFO - Get item #16057388...
2018-01-05 16:37:10,343 - exampleApp - INFO - Get item #16074679...
2018-01-05 16:37:10,953 - exampleApp - INFO - Get item #16050294...
2018-01-05 16:37:11,562 - exampleApp - INFO - Get item #16074626...
2018-01-05 16:37:12,187 - exampleApp - INFO - Get item #16054843...
2018-01-05 16:37:12,828 - exampleApp - INFO - Get item #16074552...
2018-01-05 16:37:13,421 - exampleApp - INFO - Get item #16074541...
2018-01-05 16:37:14,062 - exampleApp - INFO - Get item #16050586...
2018-01-05 16:37:14,734 - exampleApp - INFO - Get item #16053048...
2018-01-05 16:37:15,359 - exampleApp - INFO - Get item #16074375...
2018-01-05 16:37:15,968 - exampleApp - INFO - Get item #16062714...
2018-01-05 16:37:16,578 - exampleApp - INFO - Get item #16056408...
2018-01-05 16:37:17,171 - exampleApp - INFO - Get item #16058877...
2018-01-05 16:37:17,781 - exampleApp - INFO - Get item #16061583...
2018-01-05 16:37:18,406 - exampleApp - INFO - Get item #16074182...
2018-01-05 16:37:19,031 - exampleApp - INFO - Get item #16064908...
2018-01-05 16:37:19,640 - exampleApp - INFO - Get item #16053578...
2018-01-05 16:37:20,250 - exampleApp - INFO - Get item #16051062...
2018-01-05 16:37:20,859 - exampleApp - INFO - Get item #16062465...
2018-01-05 16:37:21,468 - exampleApp - INFO - Get item #16050653...
2018-01-05 16:37:22,062 - exampleApp - INFO - Get item #16050415...
2018-01-05 16:37:22,671 - exampleApp - INFO - Get item #16055093...
2018-01-05 16:37:23,281 - exampleApp - INFO - Get item #16057288...
2018-01-05 16:37:23,875 - exampleApp - INFO - Get item #16051528...
2018-01-05 16:37:24,500 - exampleApp - INFO - Get item #16072833...
2018-01-05 16:37:25,109 - exampleApp - INFO - Get item #16054541...
2018-01-05 16:37:25,734 - exampleApp - INFO - Get item #16053728...
2018-01-05 16:37:26,328 - exampleApp - INFO - Get item #16068740...
2018-01-05 16:37:26,921 - exampleApp - INFO - Get item #16060694...
2018-01-05 16:37:27,531 - exampleApp - INFO - Get item #16053682...
2018-01-05 16:37:28,125 - exampleApp - INFO - Get item #16061094...
2018-01-05 16:37:28,750 - exampleApp - INFO - Get item #16051470...
2018-01-05 16:37:29,359 - exampleApp - INFO - Get item #16069124...
2018-01-05 16:37:29,953 - exampleApp - INFO - Get item #16055851...
2018-01-05 16:37:30,562 - exampleApp - INFO - Get item #16065928...
2018-01-05 16:37:31,156 - exampleApp - INFO - Get item #16051603...
2018-01-05 16:37:31,750 - exampleApp - INFO - Get item #16053205...
2018-01-05 16:37:33,109 - exampleApp - INFO - Get item #16050655...
2018-01-05 16:37:33,703 - exampleApp - INFO - Get item #16055506...
2018-01-05 16:37:34,296 - exampleApp - INFO - Get item #16067572...
2018-01-05 16:37:34,937 - exampleApp - INFO - Get item #16056443...
2018-01-05 16:37:35,531 - exampleApp - INFO - Get item #16068588...
2018-01-05 16:37:36,125 - exampleApp - INFO - Get item #16056050...
2018-01-05 16:37:36,718 - exampleApp - INFO - Get item #16070241...
2018-01-05 16:37:37,328 - exampleApp - INFO - Get item #16065194...
2018-01-05 16:37:37,921 - exampleApp - INFO - Get item #16058762...
2018-01-05 16:37:38,515 - exampleApp - INFO - Get item #16067758...
2018-01-05 16:37:39,140 - exampleApp - INFO - Get item #16056737...
2018-01-05 16:37:39,765 - exampleApp - INFO - Get item #16059568...
2018-01-05 16:37:40,390 - exampleApp - INFO - Get item #16055776...
2018-01-05 16:37:41,046 - exampleApp - INFO - Get item #16058007...
2018-01-05 16:37:41,640 - exampleApp - INFO - Get item #16066765...
2018-01-05 16:37:42,234 - exampleApp - INFO - Get item #16062862...
2018-01-05 16:37:42,843 - exampleApp - INFO - Get item #16056729...
2018-01-05 16:37:43,437 - exampleApp - INFO - Get item #16053709...
2018-01-05 16:37:44,062 - exampleApp - INFO - Get item #16052625...
2018-01-05 16:37:44,671 - exampleApp - INFO - Get item #16051411...
2018-01-05 16:37:45,312 - exampleApp - INFO - Get item #16054077...
2018-01-05 16:37:45,937 - exampleApp - INFO - Get item #16054215...
2018-01-05 16:37:46,546 - exampleApp - INFO - Get item #16055395...
2018-01-05 16:37:47,140 - exampleApp - INFO - Get item #16061223...
2018-01-05 16:37:47,796 - exampleApp - INFO - Get item #16054583...
2018-01-05 16:37:48,390 - exampleApp - INFO - Get item #16059553...
2018-01-05 16:37:49,000 - exampleApp - INFO - Get item #16058550...
2018-01-05 16:37:49,625 - exampleApp - INFO - Get item #16056972...
2018-01-05 16:37:51,078 - exampleApp - ERROR - Timeout: https://hacker-news.firebaseio.com/v0/item/16056972.json?print=pretty. Try 1 of 4 (set timeout to 1)
2018-01-05 16:37:51,703 - exampleApp - INFO - Get item #16051525...
2018-01-05 16:37:52,281 - exampleApp - INFO - Get item #16062450...
2018-01-05 16:37:52,890 - exampleApp - INFO - Get item #16065783...
2018-01-05 16:37:53,500 - exampleApp - INFO - Get item #16062076...
2018-01-05 16:37:54,109 - exampleApp - INFO - Get item #16056294...
2018-01-05 16:37:54,718 - exampleApp - INFO - Get item #16055671...
2018-01-05 16:37:55,312 - exampleApp - INFO - Get item #16057049...
2018-01-05 16:37:55,921 - exampleApp - INFO - Get item #16059416...
2018-01-05 16:37:56,515 - exampleApp - INFO - Get item #16052384...
2018-01-05 16:37:57,218 - exampleApp - INFO - Get item #16067887...
2018-01-05 16:37:57,828 - exampleApp - INFO - Get item #16064271...
2018-01-05 16:37:58,421 - exampleApp - INFO - Get item #16053748...
2018-01-05 16:37:59,031 - exampleApp - INFO - Get item #16067389...
2018-01-05 16:37:59,640 - exampleApp - INFO - Get item #16051476...
2018-01-05 16:38:00,234 - exampleApp - INFO - Get item #16062965...
2018-01-05 16:38:00,843 - exampleApp - INFO - Get item #16059439...
2018-01-05 16:38:01,437 - exampleApp - INFO - Get item #16065271...
2018-01-05 16:38:02,046 - exampleApp - INFO - Get item #16050665...
2018-01-05 16:38:02,671 - exampleApp - INFO - Get item #16050395...
2018-01-05 16:38:03,265 - exampleApp - INFO - Get item #16059750...
2018-01-05 16:38:03,859 - exampleApp - INFO - Get item #16063504...
2018-01-05 16:38:05,312 - exampleApp - ERROR - Timeout: https://hacker-news.firebaseio.com/v0/item/16063504.json?print=pretty. Try 1 of 4 (set timeout to 1)
2018-01-05 16:38:05,906 - exampleApp - INFO - Get item #16053782...
2018-01-05 16:38:06,500 - exampleApp - INFO - Get item #16067301...
2018-01-05 16:38:07,140 - exampleApp - INFO - Get item #16052840...
2018-01-05 16:38:07,734 - exampleApp - INFO - Get item #16051100...
2018-01-05 16:38:08,328 - exampleApp - INFO - Get item #16056332...
2018-01-05 16:38:08,953 - exampleApp - INFO - Get item #16061938...
2018-01-05 16:38:09,562 - exampleApp - INFO - Get item #16061860...
2018-01-05 16:38:10,156 - exampleApp - INFO - Get item #16077893...
2018-01-05 16:38:10,750 - exampleApp - INFO - Get item #16061364...
2018-01-05 16:38:11,375 - exampleApp - INFO - Get item #16053756...
2018-01-05 16:38:11,968 - exampleApp - INFO - Get item #16060448...
2018-01-05 16:38:12,593 - exampleApp - INFO - Get item #16052974...
2018-01-05 16:38:13,203 - exampleApp - INFO - Get item #16056910...
2018-01-05 16:38:13,828 - exampleApp - INFO - Get item #16056102...
2018-01-05 16:38:14,453 - exampleApp - INFO - Get item #16059760...
2018-01-05 16:38:15,078 - exampleApp - INFO - Get item #16060633...
2018-01-05 16:38:15,687 - exampleApp - INFO - Get item #16055815...
2018-01-05 16:38:16,296 - exampleApp - INFO - Get item #16059401...
2018-01-05 16:38:16,968 - exampleApp - INFO - Get item #16059315...
2018-01-05 16:38:17,578 - exampleApp - INFO - Get item #16055988...
2018-01-05 16:38:18,171 - exampleApp - INFO - Get item #16058979...
2018-01-05 16:38:18,765 - exampleApp - INFO - Get item #16058213...
2018-01-05 16:38:19,375 - exampleApp - INFO - Get item #16052243...
2018-01-05 16:38:19,984 - exampleApp - INFO - Get item #16057983...
2018-01-05 16:38:20,593 - exampleApp - INFO - Get item #16059535...
2018-01-05 16:38:21,187 - exampleApp - INFO - Get item #16067293...
2018-01-05 16:38:21,781 - exampleApp - INFO - Get item #16054948...
2018-01-05 16:38:22,390 - exampleApp - INFO - Get item #16050102...
2018-01-05 16:38:22,984 - exampleApp - INFO - Get item #16050011...
2018-01-05 16:38:23,593 - exampleApp - INFO - Get item #16052765...
2018-01-05 16:38:24,187 - exampleApp - INFO - Get item #16053028...
2018-01-05 16:38:24,781 - exampleApp - INFO - Get item #16052505...
2018-01-05 16:38:25,375 - exampleApp - INFO - Get item #16052314...
2018-01-05 16:38:25,968 - exampleApp - INFO - Get item #16050459...
2018-01-05 16:38:26,578 - exampleApp - INFO - Get item #16050328...
2018-01-05 16:38:27,187 - exampleApp - INFO - Get item #16050949...
2018-01-05 16:38:27,781 - exampleApp - INFO - Get item #16070465...
2018-01-05 16:38:28,421 - exampleApp - INFO - Get item #16052413...
2018-01-05 16:38:29,000 - exampleApp - INFO - Get item #16049992...
2018-01-05 16:38:29,593 - exampleApp - INFO - Get item #16050205...
2018-01-05 16:38:30,218 - exampleApp - INFO - Get item #16052690...
2018-01-05 16:38:30,812 - exampleApp - INFO - Get item #16067506...
2018-01-05 16:38:31,437 - exampleApp - INFO - Get item #16061335...
2018-01-05 16:38:32,281 - exampleApp - INFO - Get item #16072912...
2018-01-05 16:38:32,984 - exampleApp - INFO - Get item #16066636...
2018-01-05 16:38:33,593 - exampleApp - INFO - Get item #16059901...
2018-01-05 16:38:34,234 - exampleApp - INFO - Get item #16074786...
2018-01-05 16:38:34,828 - exampleApp - INFO - Get item #16075782...
2018-01-05 16:38:36,187 - exampleApp - INFO - Get item #16065919...
2018-01-05 16:38:36,781 - exampleApp - INFO - Get item #16075632...
2018-01-05 16:38:37,421 - exampleApp - INFO - Get item #16068781...
2018-01-05 16:38:38,109 - exampleApp - INFO - Get item #16065880...
2018-01-05 16:38:38,750 - exampleApp - INFO - Get item #16052539...
2018-01-05 16:38:39,359 - exampleApp - INFO - Get item #16062230...
2018-01-05 16:38:39,953 - exampleApp - INFO - Get item #16068545...
2018-01-05 16:38:40,546 - exampleApp - INFO - Get item #16057783...
2018-01-05 16:38:41,140 - exampleApp - INFO - Get item #16066341...
2018-01-05 16:38:41,750 - exampleApp - INFO - Get item #16064764...
2018-01-05 16:38:42,375 - exampleApp - INFO - Get item #16068458...
2018-01-05 16:38:42,968 - exampleApp - INFO - Get item #16066151...
2018-01-05 16:38:43,578 - exampleApp - INFO - Get item #16065701...
2018-01-05 16:38:44,171 - exampleApp - INFO - Get item #16059789...
2018-01-05 16:38:44,781 - exampleApp - INFO - Get item #16056076...
2018-01-05 16:38:45,375 - exampleApp - INFO - Get item #16065775...
2018-01-05 16:38:45,984 - exampleApp - INFO - Get item #16062850...
2018-01-05 16:38:46,578 - exampleApp - INFO - Get item #16066894...
2018-01-05 16:38:47,187 - exampleApp - INFO - Get item #16070177...
2018-01-05 16:38:47,781 - exampleApp - INFO - Get item #16065771...
2018-01-05 16:38:48,390 - exampleApp - INFO - Get item #16055762...
2018-01-05 16:38:49,000 - exampleApp - INFO - Get item #16066053...
2018-01-05 16:38:49,593 - exampleApp - INFO - Get item #16064727...
2018-01-05 16:38:50,203 - exampleApp - INFO - Get item #16056142...
2018-01-05 16:38:50,812 - exampleApp - INFO - Get item #16054491...
2018-01-05 16:38:51,421 - exampleApp - INFO - Get item #16053638...
2018-01-05 16:38:52,046 - exampleApp - INFO - Get item #16069300...
2018-01-05 16:38:52,656 - exampleApp - INFO - Get item #16061923...
2018-01-05 16:38:53,250 - exampleApp - INFO - Get item #16069473...
2018-01-05 16:38:53,843 - exampleApp - INFO - In category 'topstories' get 414 records (0 records skipped)
2018-01-05 16:38:53,843 - exampleApp - INFO - Get category 'newstories'...
2018-01-05 16:38:54,453 - exampleApp - INFO - Get item #16078786...
2018-01-05 16:38:55,046 - exampleApp - INFO - Get item #16078785...
2018-01-05 16:38:55,656 - exampleApp - INFO - Get item #16078759...
2018-01-05 16:38:56,250 - exampleApp - INFO - Get item #16078758...
2018-01-05 16:38:56,859 - exampleApp - INFO - Get item #16078754...
2018-01-05 16:38:57,468 - exampleApp - INFO - Get item #16078752...
2018-01-05 16:38:57,984 - exampleApp - INFO - Get item #16078743...
2018-01-05 16:38:58,593 - exampleApp - INFO - Get item #16078741...
2018-01-05 16:38:59,187 - exampleApp - INFO - Get item #16078735...
2018-01-05 16:38:59,796 - exampleApp - INFO - Get item #16078731...
2018-01-05 16:39:00,390 - exampleApp - INFO - Get item #16078707...
2018-01-05 16:39:00,984 - exampleApp - INFO - Get item #16078700...
2018-01-05 16:39:01,593 - exampleApp - INFO - Get item #16078688...
2018-01-05 16:39:02,187 - exampleApp - INFO - Get item #16078671...
2018-01-05 16:39:02,796 - exampleApp - INFO - Get item #16078669...
2018-01-05 16:39:03,390 - exampleApp - INFO - Get item #16078664...
2018-01-05 16:39:04,000 - exampleApp - INFO - Get item #16078661...
2018-01-05 16:39:04,609 - exampleApp - INFO - Get item #16078658...
2018-01-05 16:39:05,218 - exampleApp - INFO - Get item #16078652...
2018-01-05 16:39:05,812 - exampleApp - INFO - Get item #16078641...
2018-01-05 16:39:06,421 - exampleApp - INFO - Get item #16078634...
2018-01-05 16:39:07,031 - exampleApp - INFO - Get item #16078625...
2018-01-05 16:39:08,468 - exampleApp - ERROR - Timeout: https://hacker-news.firebaseio.com/v0/item/16078625.json?print=pretty. Try 1 of 4 (set timeout to 1)
2018-01-05 16:39:09,062 - exampleApp - INFO - Get item #16078619...
2018-01-05 16:39:09,687 - exampleApp - INFO - Get item #16078618...
2018-01-05 16:39:10,406 - exampleApp - INFO - Get item #16078611...
2018-01-05 16:39:11,000 - exampleApp - INFO - Get item #16078599...
2018-01-05 16:39:11,593 - exampleApp - INFO - Get item #16078598...
2018-01-05 16:39:12,218 - exampleApp - INFO - Get item #16078594...
2018-01-05 16:39:12,812 - exampleApp - INFO - Get item #16078588...
2018-01-05 16:39:13,421 - exampleApp - INFO - Get item #16078584...
2018-01-05 16:39:14,859 - exampleApp - ERROR - Timeout: https://hacker-news.firebaseio.com/v0/item/16078584.json?print=pretty. Try 1 of 4 (set timeout to 1)
2018-01-05 16:39:18,031 - exampleApp - INFO - Get item #16078575...
2018-01-05 16:39:18,687 - exampleApp - INFO - Get item #16078572...
2018-01-05 16:39:19,281 - exampleApp - INFO - Get item #16078571...
2018-01-05 16:39:19,890 - exampleApp - INFO - Get item #16078566...
2018-01-05 16:39:20,500 - exampleApp - INFO - Get item #16078546...
2018-01-05 16:39:21,093 - exampleApp - INFO - Get item #16078522...
2018-01-05 16:39:21,687 - exampleApp - INFO - Get item #16078520...
2018-01-05 16:39:22,281 - exampleApp - INFO - Get item #16078514...
2018-01-05 16:39:22,890 - exampleApp - INFO - Get item #16078497...
2018-01-05 16:39:23,500 - exampleApp - INFO - Get item #16078495...
2018-01-05 16:39:24,093 - exampleApp - INFO - Get item #16078493...
2018-01-05 16:39:24,687 - exampleApp - INFO - Get item #16078483...
2018-01-05 16:39:25,281 - exampleApp - INFO - Get item #16078465...
2018-01-05 16:39:25,890 - exampleApp - INFO - Get item #16078463...
2018-01-05 16:39:26,500 - exampleApp - INFO - Get item #16078460...
2018-01-05 16:39:27,093 - exampleApp - INFO - Get item #16078446...
2018-01-05 16:39:27,718 - exampleApp - INFO - Get item #16078443...
2018-01-05 16:39:28,343 - exampleApp - INFO - Get item #16078433...
2018-01-05 16:39:28,937 - exampleApp - INFO - Get item #16078431...
2018-01-05 16:39:29,531 - exampleApp - INFO - Get item #16078425...
2018-01-05 16:39:30,125 - exampleApp - INFO - Get item #16078417...
2018-01-05 16:39:30,718 - exampleApp - INFO - Get item #16078401...
2018-01-05 16:39:31,312 - exampleApp - INFO - Get item #16078394...
2018-01-05 16:39:31,984 - exampleApp - INFO - Get item #16078384...
2018-01-05 16:39:32,625 - exampleApp - INFO - Get item #16078380...
2018-01-05 16:39:33,234 - exampleApp - INFO - Get item #16078373...
2018-01-05 16:39:33,828 - exampleApp - INFO - Get item #16078366...
2018-01-05 16:39:34,437 - exampleApp - INFO - Get item #16078359...
2018-01-05 16:39:35,031 - exampleApp - INFO - Get item #16078344...
2018-01-05 16:39:35,625 - exampleApp - INFO - Get item #16078328...
2018-01-05 16:39:36,218 - exampleApp - INFO - Get item #16078326...
2018-01-05 16:39:36,843 - exampleApp - INFO - Get item #16078309...
2018-01-05 16:39:37,812 - exampleApp - INFO - Get item #16078305...
2018-01-05 16:39:38,437 - exampleApp - INFO - Get item #16078289...
2018-01-05 16:39:39,031 - exampleApp - INFO - Get item #16078280...
2018-01-05 16:39:39,640 - exampleApp - INFO - Get item #16078279...
2018-01-05 16:39:40,250 - exampleApp - INFO - Get item #16078278...
2018-01-05 16:39:40,843 - exampleApp - INFO - Get item #16078274...
2018-01-05 16:39:41,437 - exampleApp - INFO - Get item #16078261...
2018-01-05 16:39:42,046 - exampleApp - INFO - Get item #16078257...
2018-01-05 16:39:42,640 - exampleApp - INFO - Get item #16078248...
2018-01-05 16:39:43,312 - exampleApp - INFO - Get item #16078240...
2018-01-05 16:39:43,906 - exampleApp - INFO - Get item #16078228...
2018-01-05 16:39:44,515 - exampleApp - INFO - Get item #16078226...
2018-01-05 16:39:45,156 - exampleApp - INFO - Get item #16078221...
2018-01-05 16:39:45,765 - exampleApp - INFO - Get item #16078220...
2018-01-05 16:39:46,359 - exampleApp - INFO - Get item #16078196...
2018-01-05 16:39:46,984 - exampleApp - INFO - Get item #16078174...
2018-01-05 16:39:47,578 - exampleApp - INFO - Get item #16078163...
2018-01-05 16:39:48,187 - exampleApp - INFO - Get item #16078152...
2018-01-05 16:39:48,781 - exampleApp - INFO - Get item #16078150...
2018-01-05 16:39:49,390 - exampleApp - INFO - Get item #16078145...
2018-01-05 16:39:49,984 - exampleApp - INFO - Get item #16078137...
2018-01-05 16:39:50,593 - exampleApp - INFO - Get item #16078128...
2018-01-05 16:39:51,187 - exampleApp - INFO - Get item #16078126...
2018-01-05 16:39:51,796 - exampleApp - INFO - Get item #16078120...
2018-01-05 16:39:52,406 - exampleApp - INFO - Get item #16078108...
2018-01-05 16:39:53,015 - exampleApp - INFO - Get item #16078107...
2018-01-05 16:39:53,625 - exampleApp - INFO - Get item #16078106...
2018-01-05 16:39:54,234 - exampleApp - INFO - Get item #16078097...
2018-01-05 16:39:54,828 - exampleApp - INFO - Get item #16078094...
2018-01-05 16:39:55,421 - exampleApp - INFO - Get item #16078093...
2018-01-05 16:39:56,031 - exampleApp - INFO - Get item #16078090...
2018-01-05 16:39:56,625 - exampleApp - INFO - Get item #16078083...
2018-01-05 16:39:57,234 - exampleApp - INFO - Get item #16078074...
2018-01-05 16:39:57,828 - exampleApp - INFO - Get item #16078073...
2018-01-05 16:39:58,421 - exampleApp - INFO - Get item #16078070...
2018-01-05 16:39:59,015 - exampleApp - INFO - Get item #16078065...
2018-01-05 16:39:59,625 - exampleApp - INFO - Get item #16078053...
2018-01-05 16:40:00,218 - exampleApp - INFO - Get item #16078052...
2018-01-05 16:40:00,828 - exampleApp - INFO - Get item #16078045...
2018-01-05 16:40:01,421 - exampleApp - INFO - Get item #16078033...
2018-01-05 16:40:02,031 - exampleApp - INFO - Get item #16078032...
2018-01-05 16:40:02,625 - exampleApp - INFO - Get item #16078029...
2018-01-05 16:40:03,234 - exampleApp - INFO - Get item #16078023...
2018-01-05 16:40:03,843 - exampleApp - INFO - Get item #16078017...
2018-01-05 16:40:04,437 - exampleApp - INFO - Get item #16078013...
2018-01-05 16:40:05,031 - exampleApp - INFO - Get item #16078011...
2018-01-05 16:40:05,640 - exampleApp - INFO - Get item #16078008...
2018-01-05 16:40:06,234 - exampleApp - INFO - Get item #16078006...
2018-01-05 16:40:06,859 - exampleApp - INFO - Get item #16078005...
2018-01-05 16:40:07,453 - exampleApp - INFO - Get item #16077995...
2018-01-05 16:40:08,062 - exampleApp - INFO - Get item #16077992...
2018-01-05 16:40:08,656 - exampleApp - INFO - Get item #16077967...
2018-01-05 16:40:09,875 - exampleApp - INFO - Get item #16077963...
2018-01-05 16:40:10,484 - exampleApp - INFO - Get item #16077959...
2018-01-05 16:40:11,078 - exampleApp - INFO - Get item #16077942...
2018-01-05 16:40:11,687 - exampleApp - INFO - Get item #16077936...
2018-01-05 16:40:12,312 - exampleApp - INFO - Get item #16077933...
2018-01-05 16:40:12,921 - exampleApp - INFO - Get item #16077928...
2018-01-05 16:40:13,515 - exampleApp - INFO - Get item #16077864...
2018-01-05 16:40:14,125 - exampleApp - INFO - Get item #16077863...
2018-01-05 16:40:14,750 - exampleApp - INFO - Get item #16077852...
2018-01-05 16:40:15,578 - exampleApp - INFO - Get item #16077850...
2018-01-05 16:40:16,171 - exampleApp - INFO - Get item #16077843...
2018-01-05 16:40:16,828 - exampleApp - INFO - Get item #16077842...
2018-01-05 16:40:17,468 - exampleApp - INFO - Get item #16077840...
2018-01-05 16:40:18,062 - exampleApp - INFO - Get item #16077837...
2018-01-05 16:40:18,656 - exampleApp - INFO - Get item #16077793...
2018-01-05 16:40:19,281 - exampleApp - INFO - Get item #16077782...
2018-01-05 16:40:19,890 - exampleApp - INFO - Get item #16077776...
2018-01-05 16:40:20,484 - exampleApp - INFO - Get item #16077768...
2018-01-05 16:40:21,078 - exampleApp - INFO - Get item #16077767...
2018-01-05 16:40:21,687 - exampleApp - INFO - Get item #16077766...
2018-01-05 16:40:22,312 - exampleApp - INFO - Get item #16077761...
2018-01-05 16:40:23,765 - exampleApp - ERROR - Timeout: https://hacker-news.firebaseio.com/v0/item/16077761.json?print=pretty. Try 1 of 4 (set timeout to 1)
2018-01-05 16:40:24,359 - exampleApp - INFO - Get item #16077751...
2018-01-05 16:40:25,093 - exampleApp - INFO - Get item #16077737...
2018-01-05 16:40:25,812 - exampleApp - INFO - Get item #16077736...
2018-01-05 16:40:26,437 - exampleApp - INFO - Get item #16077730...
2018-01-05 16:40:27,062 - exampleApp - INFO - Get item #16077729...
2018-01-05 16:40:27,718 - exampleApp - INFO - Get item #16077718...
2018-01-05 16:40:28,328 - exampleApp - INFO - Get item #16077715...
2018-01-05 16:40:28,921 - exampleApp - INFO - Get item #16077712...
2018-01-05 16:40:30,281 - exampleApp - ERROR - Timeout: https://hacker-news.firebaseio.com/v0/item/16077712.json?print=pretty. Try 1 of 4 (set timeout to 1)
2018-01-05 16:40:30,890 - exampleApp - INFO - Get item #16077704...
2018-01-05 16:40:31,500 - exampleApp - INFO - Get item #16077694...
2018-01-05 16:40:32,109 - exampleApp - INFO - Get item #16077688...
2018-01-05 16:40:32,703 - exampleApp - INFO - Get item #16077685...
2018-01-05 16:40:33,312 - exampleApp - INFO - Get item #16077679...
2018-01-05 16:40:33,906 - exampleApp - INFO - Get item #16077644...
2018-01-05 16:40:34,515 - exampleApp - INFO - Get item #16077634...
2018-01-05 16:40:35,171 - exampleApp - INFO - Get item #16077632...
2018-01-05 16:40:36,015 - exampleApp - INFO - Get item #16077619...
2018-01-05 16:40:36,671 - exampleApp - INFO - Get item #16077610...
2018-01-05 16:40:37,265 - exampleApp - INFO - Get item #16077589...
2018-01-05 16:40:37,937 - exampleApp - INFO - Get item #16077564...
2018-01-05 16:40:38,546 - exampleApp - INFO - Get item #16077559...
2018-01-05 16:40:39,156 - exampleApp - INFO - Get item #16077550...
2018-01-05 16:40:39,781 - exampleApp - INFO - Get item #16077536...
2018-01-05 16:40:40,406 - exampleApp - INFO - Get item #16077535...
2018-01-05 16:40:41,015 - exampleApp - INFO - Get item #16077529...
2018-01-05 16:40:41,609 - exampleApp - INFO - Get item #16077513...
2018-01-05 16:40:42,218 - exampleApp - INFO - Get item #16077492...
2018-01-05 16:40:42,812 - exampleApp - INFO - Get item #16077488...
2018-01-05 16:40:43,421 - exampleApp - INFO - Get item #16077487...
2018-01-05 16:40:44,046 - exampleApp - INFO - Get item #16077470...
2018-01-05 16:40:44,671 - exampleApp - INFO - Get item #16077468...
2018-01-05 16:40:45,265 - exampleApp - INFO - Get item #16077460...
2018-01-05 16:40:46,015 - exampleApp - INFO - Get item #16077406...
2018-01-05 16:40:46,656 - exampleApp - INFO - Get item #16077402...
2018-01-05 16:40:47,250 - exampleApp - INFO - Get item #16077397...
2018-01-05 16:40:47,859 - exampleApp - INFO - Get item #16077396...
2018-01-05 16:40:48,484 - exampleApp - INFO - Get item #16077381...
2018-01-05 16:40:49,093 - exampleApp - INFO - Get item #16077379...
2018-01-05 16:40:49,703 - exampleApp - INFO - Get item #16077351...
2018-01-05 16:40:50,312 - exampleApp - INFO - Get item #16077338...
2018-01-05 16:40:50,921 - exampleApp - INFO - Get item #16077312...
2018-01-05 16:40:51,515 - exampleApp - INFO - Get item #16077293...
2018-01-05 16:40:52,109 - exampleApp - INFO - Get item #16077283...
2018-01-05 16:40:52,734 - exampleApp - INFO - Get item #16077275...
2018-01-05 16:40:53,906 - exampleApp - INFO - Get item #16077262...
2018-01-05 16:40:54,515 - exampleApp - INFO - Get item #16077253...
2018-01-05 16:40:55,109 - exampleApp - INFO - Get item #16077252...
2018-01-05 16:40:55,703 - exampleApp - INFO - Get item #16077249...
2018-01-05 16:40:57,156 - exampleApp - ERROR - Timeout: https://hacker-news.firebaseio.com/v0/item/16077249.json?print=pretty. Try 1 of 4 (set timeout to 1)
2018-01-05 16:40:58,562 - exampleApp - INFO - Get item #16077246...
2018-01-05 16:40:59,171 - exampleApp - INFO - Get item #16077239...
2018-01-05 16:40:59,765 - exampleApp - INFO - Get item #16077238...
2018-01-05 16:41:00,359 - exampleApp - INFO - Get item #16077235...
2018-01-05 16:41:00,968 - exampleApp - INFO - Get item #16077225...
2018-01-05 16:41:01,500 - exampleApp - INFO - Get item #16077223...
2018-01-05 16:41:02,140 - exampleApp - INFO - Get item #16077219...
2018-01-05 16:41:02,750 - exampleApp - INFO - Get item #16077215...
2018-01-05 16:41:03,359 - exampleApp - INFO - Get item #16077214...
2018-01-05 16:41:03,953 - exampleApp - INFO - Get item #16077210...
2018-01-05 16:41:04,562 - exampleApp - INFO - Get item #16077207...
2018-01-05 16:41:05,234 - exampleApp - INFO - Get item #16077197...
2018-01-05 16:41:05,828 - exampleApp - INFO - Get item #16077195...
2018-01-05 16:41:06,343 - exampleApp - INFO - Get item #16077186...
2018-01-05 16:41:06,968 - exampleApp - INFO - Get item #16077176...
2018-01-05 16:41:07,593 - exampleApp - INFO - Get item #16077158...
2018-01-05 16:41:08,343 - exampleApp - INFO - Get item #16077153...
2018-01-05 16:41:08,953 - exampleApp - INFO - Get item #16077152...
2018-01-05 16:41:09,562 - exampleApp - INFO - Get item #16077147...
2018-01-05 16:41:10,156 - exampleApp - INFO - Get item #16077139...
2018-01-05 16:41:10,750 - exampleApp - INFO - Get item #16077136...
2018-01-05 16:41:11,390 - exampleApp - INFO - Get item #16077116...
2018-01-05 16:41:12,218 - exampleApp - INFO - Get item #16077094...
2018-01-05 16:41:12,812 - exampleApp - INFO - Get item #16077068...
2018-01-05 16:41:13,453 - exampleApp - INFO - Get item #16077060...
2018-01-05 16:41:14,578 - exampleApp - INFO - Get item #16077055...
2018-01-05 16:41:15,171 - exampleApp - INFO - Get item #16077007...
2018-01-05 16:41:15,828 - exampleApp - INFO - Get item #16076991...
2018-01-05 16:41:16,437 - exampleApp - INFO - Get item #16076985...
2018-01-05 16:41:17,062 - exampleApp - INFO - Get item #16076966...
2018-01-05 16:41:17,671 - exampleApp - INFO - Get item #16076964...
2018-01-05 16:41:18,437 - exampleApp - INFO - Get item #16076952...
2018-01-05 16:41:19,093 - exampleApp - INFO - Get item #16076937...
2018-01-05 16:41:19,765 - exampleApp - INFO - Get item #16076936...
2018-01-05 16:41:20,359 - exampleApp - INFO - Get item #16076915...
2018-01-05 16:41:20,953 - exampleApp - INFO - Get item #16076896...
2018-01-05 16:41:21,546 - exampleApp - INFO - Get item #16076894...
2018-01-05 16:41:22,156 - exampleApp - INFO - Get item #16076884...
2018-01-05 16:41:22,796 - exampleApp - INFO - Get item #16076883...
2018-01-05 16:41:23,390 - exampleApp - INFO - Get item #16076881...
2018-01-05 16:41:24,000 - exampleApp - INFO - Get item #16076878...
2018-01-05 16:41:24,593 - exampleApp - INFO - Get item #16076872...
2018-01-05 16:41:25,234 - exampleApp - INFO - Get item #16076865...
2018-01-05 16:41:25,968 - exampleApp - INFO - Get item #16076856...
2018-01-05 16:41:26,531 - exampleApp - INFO - Get item #16076846...
2018-01-05 16:41:27,140 - exampleApp - INFO - Get item #16076845...
2018-01-05 16:41:27,781 - exampleApp - INFO - Get item #16076843...
2018-01-05 16:41:28,406 - exampleApp - INFO - Get item #16076837...
2018-01-05 16:41:29,000 - exampleApp - INFO - Get item #16076795...
2018-01-05 16:41:29,609 - exampleApp - INFO - Get item #16076794...
2018-01-05 16:41:30,218 - exampleApp - INFO - Get item #16076790...
2018-01-05 16:41:31,500 - exampleApp - INFO - Get item #16076772...
2018-01-05 16:41:32,125 - exampleApp - INFO - Get item #16076768...
2018-01-05 16:41:32,718 - exampleApp - INFO - Get item #16076752...
2018-01-05 16:41:33,312 - exampleApp - INFO - Get item #16076747...
2018-01-05 16:41:33,953 - exampleApp - INFO - Get item #16076707...
2018-01-05 16:41:34,687 - exampleApp - INFO - Get item #16076702...
2018-01-05 16:41:35,593 - exampleApp - INFO - Get item #16076692...
2018-01-05 16:41:36,265 - exampleApp - INFO - Get item #16076691...
2018-01-05 16:41:37,562 - exampleApp - INFO - Get item #16076678...
2018-01-05 16:41:38,156 - exampleApp - INFO - Get item #16076676...
2018-01-05 16:41:38,765 - exampleApp - INFO - Get item #16076670...
2018-01-05 16:41:39,359 - exampleApp - INFO - Get item #16076660...
2018-01-05 16:41:39,953 - exampleApp - INFO - Get item #16076658...
2018-01-05 16:41:40,609 - exampleApp - INFO - Get item #16076656...
2018-01-05 16:41:41,265 - exampleApp - INFO - Get item #16076650...
2018-01-05 16:41:41,859 - exampleApp - INFO - Get item #16076605...
2018-01-05 16:41:42,468 - exampleApp - INFO - Get item #16076604...
2018-01-05 16:41:43,281 - exampleApp - INFO - Get item #16076578...
2018-01-05 16:41:43,906 - exampleApp - INFO - Get item #16076573...
2018-01-05 16:41:44,515 - exampleApp - INFO - Get item #16076540...
2018-01-05 16:41:45,265 - exampleApp - INFO - Get item #16076515...
2018-01-05 16:41:45,859 - exampleApp - INFO - Get item #16076491...
2018-01-05 16:41:46,468 - exampleApp - INFO - Get item #16076467...
2018-01-05 16:41:47,093 - exampleApp - INFO - Get item #16076466...
2018-01-05 16:41:47,703 - exampleApp - INFO - Get item #16076446...
2018-01-05 16:41:48,484 - exampleApp - INFO - Get item #16076440...
2018-01-05 16:41:49,234 - exampleApp - INFO - Get item #16076424...
2018-01-05 16:41:50,031 - exampleApp - INFO - Get item #16076414...
2018-01-05 16:41:50,640 - exampleApp - INFO - Get item #16076388...
2018-01-05 16:41:51,250 - exampleApp - INFO - Get item #16076385...
2018-01-05 16:41:51,843 - exampleApp - INFO - Get item #16076373...
2018-01-05 16:41:52,437 - exampleApp - INFO - Get item #16076366...
2018-01-05 16:41:53,171 - exampleApp - INFO - Get item #16076345...
2018-01-05 16:41:53,828 - exampleApp - INFO - Get item #16076343...
2018-01-05 16:41:54,468 - exampleApp - INFO - Get item #16076329...
2018-01-05 16:41:55,187 - exampleApp - INFO - Get item #16076328...
2018-01-05 16:41:55,984 - exampleApp - INFO - Get item #16076327...
2018-01-05 16:41:57,109 - exampleApp - INFO - Get item #16076275...
2018-01-05 16:41:57,828 - exampleApp - INFO - Get item #16076261...
2018-01-05 16:41:58,843 - exampleApp - INFO - Get item #16076254...
2018-01-05 16:42:00,359 - exampleApp - INFO - Get item #16076253...
2018-01-05 16:42:01,234 - exampleApp - INFO - Get item #16076246...
2018-01-05 16:42:01,906 - exampleApp - INFO - Get item #16076207...
2018-01-05 16:42:02,875 - exampleApp - INFO - Get item #16076197...
2018-01-05 16:42:04,093 - exampleApp - INFO - Get item #16076166...
2018-01-05 16:42:04,718 - exampleApp - INFO - Get item #16076145...
2018-01-05 16:42:05,328 - exampleApp - INFO - Get item #16076137...
2018-01-05 16:42:06,328 - exampleApp - INFO - Get item #16076122...
2018-01-05 16:42:06,937 - exampleApp - INFO - Get item #16076121...
2018-01-05 16:42:07,562 - exampleApp - INFO - Get item #16076119...
2018-01-05 16:42:08,281 - exampleApp - INFO - Get item #16076115...
2018-01-05 16:42:08,968 - exampleApp - INFO - Get item #16076098...
2018-01-05 16:42:09,687 - exampleApp - INFO - Get item #16076074...
2018-01-05 16:42:10,343 - exampleApp - INFO - Get item #16076072...
2018-01-05 16:42:10,953 - exampleApp - INFO - Get item #16076006...
2018-01-05 16:42:11,546 - exampleApp - INFO - Get item #16075988...
2018-01-05 16:42:12,265 - exampleApp - INFO - Get item #16075959...
2018-01-05 16:42:12,859 - exampleApp - INFO - Get item #16075930...
2018-01-05 16:42:13,468 - exampleApp - INFO - Get item #16075926...
2018-01-05 16:42:14,109 - exampleApp - INFO - Get item #16075925...
2018-01-05 16:42:14,718 - exampleApp - INFO - Get item #16075910...
2018-01-05 16:42:15,328 - exampleApp - INFO - Get item #16075901...
2018-01-05 16:42:15,937 - exampleApp - INFO - Get item #16075898...
2018-01-05 16:42:16,812 - exampleApp - INFO - Get item #16075863...
2018-01-05 16:42:17,421 - exampleApp - INFO - Get item #16075851...
2018-01-05 16:42:18,015 - exampleApp - INFO - Get item #16075849...
2018-01-05 16:42:18,640 - exampleApp - INFO - Get item #16075838...
2018-01-05 16:42:19,234 - exampleApp - INFO - Get item #16075826...
2018-01-05 16:42:19,828 - exampleApp - INFO - Get item #16075818...
2018-01-05 16:42:20,437 - exampleApp - INFO - Get item #16075816...
2018-01-05 16:42:21,046 - exampleApp - INFO - Get item #16075790...
2018-01-05 16:42:22,421 - exampleApp - INFO - Get item #16075779...
2018-01-05 16:42:23,031 - exampleApp - INFO - Get item #16075778...
2018-01-05 16:42:23,625 - exampleApp - INFO - Get item #16075772...
2018-01-05 16:42:24,250 - exampleApp - INFO - Get item #16075764...
2018-01-05 16:42:24,843 - exampleApp - INFO - Get item #16075756...
2018-01-05 16:42:25,453 - exampleApp - INFO - Get item #16075755...
2018-01-05 16:42:26,062 - exampleApp - INFO - Get item #16075750...
2018-01-05 16:42:26,828 - exampleApp - INFO - Get item #16075748...
2018-01-05 16:42:27,468 - exampleApp - INFO - Get item #16075740...
2018-01-05 16:42:28,062 - exampleApp - INFO - Get item #16075718...
2018-01-05 16:42:28,656 - exampleApp - INFO - Get item #16075711...
2018-01-05 16:42:29,265 - exampleApp - INFO - Get item #16075706...
2018-01-05 16:42:29,937 - exampleApp - INFO - Get item #16075692...
2018-01-05 16:42:30,531 - exampleApp - INFO - Get item #16075660...
2018-01-05 16:42:31,125 - exampleApp - INFO - Get item #16075620...
2018-01-05 16:42:31,734 - exampleApp - INFO - Get item #16075613...
2018-01-05 16:42:32,328 - exampleApp - INFO - Get item #16075607...
2018-01-05 16:42:32,937 - exampleApp - INFO - Get item #16075595...
2018-01-05 16:42:33,531 - exampleApp - INFO - Get item #16075588...
2018-01-05 16:42:34,140 - exampleApp - INFO - Get item #16075578...
2018-01-05 16:42:34,734 - exampleApp - INFO - Get item #16075553...
2018-01-05 16:42:35,343 - exampleApp - INFO - Get item #16075549...
2018-01-05 16:42:35,937 - exampleApp - INFO - Get item #16075504...
2018-01-05 16:42:36,890 - exampleApp - INFO - Get item #16075496...
2018-01-05 16:42:37,500 - exampleApp - INFO - Get item #16075479...
2018-01-05 16:42:38,093 - exampleApp - INFO - Get item #16075470...
2018-01-05 16:42:38,703 - exampleApp - INFO - Get item #16075469...
2018-01-05 16:42:39,296 - exampleApp - INFO - Get item #16075450...
2018-01-05 16:42:39,921 - exampleApp - INFO - Get item #16075429...
2018-01-05 16:42:40,625 - exampleApp - INFO - Get item #16075424...
2018-01-05 16:42:41,265 - exampleApp - INFO - Get item #16075421...
2018-01-05 16:42:41,875 - exampleApp - INFO - Get item #16075409...
2018-01-05 16:42:43,343 - exampleApp - ERROR - Timeout: https://hacker-news.firebaseio.com/v0/item/16075409.json?print=pretty. Try 1 of 4 (set timeout to 1)
2018-01-05 16:42:43,937 - exampleApp - INFO - Get item #16075391...
2018-01-05 16:42:44,468 - exampleApp - INFO - Get item #16075373...
2018-01-05 16:42:45,062 - exampleApp - INFO - Get item #16075369...
2018-01-05 16:42:45,671 - exampleApp - INFO - Get item #16075317...
2018-01-05 16:42:46,312 - exampleApp - INFO - Get item #16075271...
2018-01-05 16:42:46,906 - exampleApp - INFO - Get item #16075257...
2018-01-05 16:42:47,515 - exampleApp - INFO - Get item #16075248...
2018-01-05 16:42:48,125 - exampleApp - INFO - Get item #16075224...
2018-01-05 16:42:48,734 - exampleApp - INFO - Get item #16075167...
2018-01-05 16:42:49,328 - exampleApp - INFO - Get item #16075099...
2018-01-05 16:42:49,921 - exampleApp - INFO - Get item #16075076...
2018-01-05 16:42:50,531 - exampleApp - INFO - Get item #16074996...
2018-01-05 16:42:51,125 - exampleApp - INFO - Get item #16074979...
2018-01-05 16:42:51,718 - exampleApp - INFO - Get item #16074954...
2018-01-05 16:42:52,343 - exampleApp - INFO - Get item #16074917...
2018-01-05 16:42:52,953 - exampleApp - INFO - Get item #16074899...
2018-01-05 16:42:53,546 - exampleApp - INFO - Get item #16074862...
2018-01-05 16:42:54,156 - exampleApp - INFO - Get item #16074821...
2018-01-05 16:42:55,453 - exampleApp - INFO - Get item #16074816...
2018-01-05 16:42:56,062 - exampleApp - INFO - Get item #16074812...
2018-01-05 16:42:56,671 - exampleApp - INFO - Get item #16074797...
2018-01-05 16:42:57,281 - exampleApp - INFO - Get item #16074764...
2018-01-05 16:42:57,875 - exampleApp - INFO - Get item #16074758...
2018-01-05 16:42:58,468 - exampleApp - INFO - Get item #16074752...
2018-01-05 16:42:59,078 - exampleApp - INFO - Get item #16074751...
2018-01-05 16:42:59,703 - exampleApp - INFO - Get item #16074745...
2018-01-05 16:43:00,296 - exampleApp - INFO - Get item #16074734...
2018-01-05 16:43:00,890 - exampleApp - INFO - Get item #16074701...
2018-01-05 16:43:01,500 - exampleApp - INFO - Get item #16074682...
2018-01-05 16:43:02,109 - exampleApp - INFO - Get item #16074676...
2018-01-05 16:43:02,734 - exampleApp - INFO - Get item #16074663...
2018-01-05 16:43:03,343 - exampleApp - INFO - Get item #16074648...
2018-01-05 16:43:03,937 - exampleApp - INFO - Get item #16074640...
2018-01-05 16:43:04,531 - exampleApp - INFO - Get item #16074586...
2018-01-05 16:43:05,140 - exampleApp - INFO - Get item #16074584...
2018-01-05 16:43:05,750 - exampleApp - INFO - Get item #16074581...
2018-01-05 16:43:06,359 - exampleApp - INFO - Get item #16074577...
2018-01-05 16:43:07,015 - exampleApp - INFO - Get item #16074524...
2018-01-05 16:43:07,640 - exampleApp - INFO - Get item #16074491...
2018-01-05 16:43:08,265 - exampleApp - INFO - Get item #16074489...
2018-01-05 16:43:09,687 - exampleApp - INFO - Get item #16074481...
2018-01-05 16:43:10,328 - exampleApp - INFO - Get item #16074462...
2018-01-05 16:43:10,968 - exampleApp - INFO - Get item #16074454...
2018-01-05 16:43:11,562 - exampleApp - INFO - Get item #16074424...
2018-01-05 16:43:12,156 - exampleApp - INFO - Get item #16074421...
2018-01-05 16:43:12,765 - exampleApp - INFO - Get item #16074412...
2018-01-05 16:43:13,390 - exampleApp - INFO - Get item #16074408...
2018-01-05 16:43:14,000 - exampleApp - INFO - Get item #16074407...
2018-01-05 16:43:14,609 - exampleApp - INFO - Get item #16074402...
2018-01-05 16:43:15,218 - exampleApp - INFO - Get item #16074391...
2018-01-05 16:43:15,796 - exampleApp - INFO - Get item #16074354...
2018-01-05 16:43:16,390 - exampleApp - INFO - Get item #16074344...
2018-01-05 16:43:17,000 - exampleApp - INFO - Get item #16074336...
2018-01-05 16:43:17,593 - exampleApp - INFO - Get item #16074309...
2018-01-05 16:43:18,187 - exampleApp - INFO - Get item #16074307...
2018-01-05 16:43:18,781 - exampleApp - INFO - Get item #16074287...
2018-01-05 16:43:19,375 - exampleApp - INFO - Get item #16074285...
2018-01-05 16:43:19,984 - exampleApp - INFO - Get item #16074264...
2018-01-05 16:43:20,593 - exampleApp - INFO - Get item #16074259...
2018-01-05 16:43:21,234 - exampleApp - INFO - Get item #16074242...
2018-01-05 16:43:21,843 - exampleApp - INFO - Get item #16074236...
2018-01-05 16:43:22,437 - exampleApp - INFO - Get item #16074233...
2018-01-05 16:43:23,031 - exampleApp - INFO - Get item #16074223...
2018-01-05 16:43:23,640 - exampleApp - INFO - Get item #16074220...
2018-01-05 16:43:24,250 - exampleApp - INFO - Get item #16074141...
2018-01-05 16:43:25,687 - exampleApp - INFO - Get item #16074134...
2018-01-05 16:43:26,296 - exampleApp - INFO - Get item #16074124...
2018-01-05 16:43:26,812 - exampleApp - INFO - Get item #16074106...
2018-01-05 16:43:27,453 - exampleApp - INFO - Get item #16074101...
2018-01-05 16:43:28,093 - exampleApp - INFO - Get item #16074095...
2018-01-05 16:43:28,703 - exampleApp - INFO - Get item #16074089...
2018-01-05 16:43:29,328 - exampleApp - INFO - Get item #16074029...
2018-01-05 16:43:29,921 - exampleApp - INFO - Get item #16074002...
2018-01-05 16:43:30,515 - exampleApp - INFO - Get item #16073965...
2018-01-05 16:43:31,125 - exampleApp - INFO - Get item #16073964...
2018-01-05 16:43:31,734 - exampleApp - INFO - Get item #16073929...
2018-01-05 16:43:32,328 - exampleApp - INFO - Get item #16073906...
2018-01-05 16:43:32,921 - exampleApp - INFO - In category 'newstories' get 414 records (86 records skipped)
2018-01-05 16:43:32,921 - exampleApp - INFO - Get category 'beststories'...
2018-01-05 16:43:33,625 - exampleApp - INFO - Get item #16049685...
2018-01-05 16:43:34,218 - exampleApp - INFO - Get item #16049642...
2018-01-05 16:43:34,828 - exampleApp - INFO - Get item #16069839...
2018-01-05 16:43:35,421 - exampleApp - INFO - In category 'beststories' get 3 records (197 records skipped)
2018-01-05 16:43:35,421 - exampleApp - INFO - Get category 'askstories'...
2018-01-05 16:43:36,062 - exampleApp - INFO - Get item #16069147...
2018-01-05 16:43:36,656 - exampleApp - INFO - Get item #16069119...
2018-01-05 16:43:37,265 - exampleApp - INFO - Get item #16068967...
2018-01-05 16:43:37,890 - exampleApp - INFO - Get item #16067212...
2018-01-05 16:43:38,531 - exampleApp - INFO - Get item #16065823...
2018-01-05 16:43:39,125 - exampleApp - INFO - Get item #16065610...
2018-01-05 16:43:39,734 - exampleApp - INFO - Get item #16064232...
2018-01-05 16:43:40,328 - exampleApp - INFO - Get item #16060497...
2018-01-05 16:43:40,921 - exampleApp - INFO - Get item #16055756...
2018-01-05 16:43:42,359 - exampleApp - ERROR - Timeout: https://hacker-news.firebaseio.com/v0/item/16055756.json?print=pretty. Try 1 of 4 (set timeout to 1)
2018-01-05 16:43:43,046 - exampleApp - INFO - Get item #16071142...
2018-01-05 16:43:43,640 - exampleApp - INFO - Get item #16071110...
2018-01-05 16:43:44,250 - exampleApp - INFO - Get item #16070941...
2018-01-05 16:43:44,843 - exampleApp - INFO - Get item #16069763...
2018-01-05 16:43:45,437 - exampleApp - INFO - Get item #16069715...
2018-01-05 16:43:46,046 - exampleApp - INFO - Get item #16069656...
2018-01-05 16:43:46,640 - exampleApp - INFO - Get item #16068996...
2018-01-05 16:43:47,234 - exampleApp - INFO - Get item #16068924...
2018-01-05 16:43:47,843 - exampleApp - INFO - Get item #16068684...
2018-01-05 16:43:48,593 - exampleApp - INFO - Get item #16068607...
2018-01-05 16:43:49,250 - exampleApp - INFO - Get item #16068351...
2018-01-05 16:43:49,859 - exampleApp - INFO - Get item #16068165...
2018-01-05 16:43:50,453 - exampleApp - INFO - Get item #16068019...
2018-01-05 16:43:51,078 - exampleApp - INFO - Get item #16067950...
2018-01-05 16:43:51,687 - exampleApp - INFO - Get item #16067797...
2018-01-05 16:43:52,312 - exampleApp - INFO - Get item #16067677...
2018-01-05 16:43:52,906 - exampleApp - INFO - Get item #16067467...
2018-01-05 16:43:53,531 - exampleApp - INFO - Get item #16066998...
2018-01-05 16:43:54,140 - exampleApp - INFO - Get item #16066358...
2018-01-05 16:43:54,750 - exampleApp - INFO - In category 'askstories' get 28 records (30 records skipped)
2018-01-05 16:43:54,750 - exampleApp - INFO - Get category 'showstories'...
2018-01-05 16:43:55,359 - exampleApp - INFO - Get item #16070094...
2018-01-05 16:43:55,953 - exampleApp - INFO - Get item #16062460...
2018-01-05 16:43:57,343 - exampleApp - INFO - Get item #16060475...
2018-01-05 16:43:57,984 - exampleApp - INFO - Get item #16059028...
2018-01-05 16:43:58,593 - exampleApp - INFO - Get item #16058683...
2018-01-05 16:43:59,203 - exampleApp - INFO - Get item #16055576...
2018-01-05 16:43:59,812 - exampleApp - INFO - Get item #16052379...
2018-01-05 16:44:00,406 - exampleApp - INFO - Get item #16051159...
2018-01-05 16:44:01,015 - exampleApp - INFO - Get item #16051017...
2018-01-05 16:44:01,531 - exampleApp - INFO - Get item #16070211...
2018-01-05 16:44:02,140 - exampleApp - INFO - Get item #16069041...
2018-01-05 16:44:02,750 - exampleApp - INFO - Get item #16068931...
2018-01-05 16:44:03,375 - exampleApp - INFO - Get item #16068752...
2018-01-05 16:44:04,000 - exampleApp - INFO - Get item #16068654...
2018-01-05 16:44:04,593 - exampleApp - INFO - Get item #16068394...
2018-01-05 16:44:05,203 - exampleApp - INFO - Get item #16068140...
2018-01-05 16:44:05,796 - exampleApp - INFO - Get item #16067562...
2018-01-05 16:44:06,406 - exampleApp - INFO - Get item #16066133...
2018-01-05 16:44:07,031 - exampleApp - INFO - Get item #16065935...
2018-01-05 16:44:07,640 - exampleApp - INFO - In category 'showstories' get 19 records (25 records skipped)
2018-01-05 16:44:07,656 - exampleApp - INFO - Get category 'jobstories'...
2018-01-05 16:44:08,265 - exampleApp - INFO - Get item #16077307...
2018-01-05 16:44:08,875 - exampleApp - INFO - Get item #16076514...
2018-01-05 16:44:09,468 - exampleApp - INFO - Get item #16075625...
2018-01-05 16:44:10,078 - exampleApp - INFO - Get item #16074359...
2018-01-05 16:44:10,671 - exampleApp - INFO - Get item #16072624...
2018-01-05 16:44:11,265 - exampleApp - INFO - Get item #16069255...
2018-01-05 16:44:11,906 - exampleApp - INFO - Get item #16068520...
2018-01-05 16:44:12,515 - exampleApp - INFO - Get item #16067542...
2018-01-05 16:44:13,125 - exampleApp - INFO - Get item #16065739...
2018-01-05 16:44:13,718 - exampleApp - INFO - Get item #16065565...
2018-01-05 16:44:14,328 - exampleApp - INFO - Get item #16062909...
2018-01-05 16:44:15,046 - exampleApp - INFO - Get item #16060484...
2018-01-05 16:44:15,703 - exampleApp - INFO - Get item #16059492...
2018-01-05 16:44:16,296 - exampleApp - INFO - Get item #16058344...
2018-01-05 16:44:16,906 - exampleApp - INFO - Get item #16057269...
2018-01-05 16:44:17,531 - exampleApp - INFO - Get item #16055567...
2018-01-05 16:44:18,250 - exampleApp - INFO - Get item #16052855...
2018-01-05 16:44:18,875 - exampleApp - INFO - Get item #16050271...
2018-01-05 16:44:19,468 - exampleApp - INFO - In category 'jobstories' get 18 records (1 records skipped)
2018-01-05 16:44:19,468 - exampleApp - INFO - TOTAL get 896 records.
2018-01-05 16:44:19,515 - exampleApp - INFO - Output file 'results\hn_parser_2018-01-05_16-44-19.html' generated
2018-01-05 16:44:19,531 - exampleApp - INFO - Program finished.
2018-01-05 16:50:56,687 - exampleApp - INFO - Program started with next options: Namespace(category='jobstories', clr=False)
2018-01-05 16:50:56,703 - exampleApp - INFO - Get category 'jobstories'...
2018-01-05 16:50:57,562 - exampleApp - INFO - In category 'jobstories' get 0 records (19 records skipped)
2018-01-05 16:50:57,562 - exampleApp - INFO - TOTAL get 0 records.
2018-01-05 16:50:57,562 - exampleApp - INFO - Output file 'results\hn_parser_2018-01-05_16-50-57.html' generated
2018-01-05 16:50:57,562 - exampleApp - INFO - Program finished.
2018-01-05 16:51:36,859 - exampleApp - INFO - Program started with next options: Namespace(category='jobstories', clr=True)
2018-01-05 16:51:36,875 - exampleApp - INFO - Get category 'jobstories'...
2018-01-05 16:51:37,703 - exampleApp - INFO - Get item #16078201...
2018-01-05 16:51:38,203 - exampleApp - INFO - Get item #16077307...
2018-01-05 16:51:38,796 - exampleApp - INFO - Get item #16076514...
2018-01-05 16:51:39,390 - exampleApp - INFO - Get item #16075625...
2018-01-05 16:51:40,000 - exampleApp - INFO - Get item #16074359...
2018-01-05 16:51:40,593 - exampleApp - INFO - Get item #16072624...
2018-01-05 16:51:41,187 - exampleApp - INFO - Get item #16069255...
2018-01-05 16:51:41,812 - exampleApp - INFO - Get item #16068520...
2018-01-05 16:51:42,406 - exampleApp - INFO - Get item #16067542...
2018-01-05 16:51:43,000 - exampleApp - INFO - Get item #16065739...
2018-01-05 16:51:43,593 - exampleApp - INFO - Get item #16065565...
2018-01-05 16:51:44,203 - exampleApp - INFO - Get item #16062909...
2018-01-05 16:51:44,796 - exampleApp - INFO - Get item #16060484...
2018-01-05 16:51:45,390 - exampleApp - INFO - Get item #16059492...
2018-01-05 16:51:45,984 - exampleApp - INFO - Get item #16058344...
2018-01-05 16:51:46,578 - exampleApp - INFO - Get item #16057269...
2018-01-05 16:51:47,187 - exampleApp - INFO - Get item #16055567...
2018-01-05 16:51:47,812 - exampleApp - INFO - Get item #16052855...
2018-01-05 16:51:48,406 - exampleApp - INFO - Get item #16050271...
2018-01-05 16:51:49,000 - exampleApp - INFO - In category 'jobstories' get 19 records (0 records skipped)
2018-01-05 16:51:49,000 - exampleApp - INFO - TOTAL get 19 records.
2018-01-05 16:51:49,000 - exampleApp - INFO - Output file 'results\hn_parser_2018-01-05_16-51-49.html' generated
2018-01-05 16:51:49,000 - exampleApp - INFO - Program finished.
