2017-12-30 15:03:38,187 - Srapper_Del_Domains - INFO - Program started
2017-12-30 15:03:39,593 - Srapper_Del_Domains - INFO - Log in as PPKzavod success!
2017-12-30 15:03:49,890 - Srapper_Del_Domains - INFO - 1 pages parsed (25 domains)
2017-12-30 15:04:47,375 - Srapper_Del_Domains - INFO - Program started
2017-12-30 15:04:48,765 - Srapper_Del_Domains - INFO - Log in as PPKzavod success!
2017-12-30 15:04:59,484 - Srapper_Del_Domains - INFO - 1 pages parsed (25 domains)
2017-12-30 15:05:02,765 - Srapper_Del_Domains - INFO - 2 pages parsed (50 domains)
2017-12-30 15:05:07,703 - Srapper_Del_Domains - INFO - 3 pages parsed (75 domains)
2017-12-30 15:05:11,921 - Srapper_Del_Domains - INFO - 4 pages parsed (100 domains)
2017-12-30 15:05:16,046 - Srapper_Del_Domains - INFO - 5 pages parsed (125 domains)
2017-12-30 15:06:53,140 - Srapper_Del_Domains - INFO - Program started
2017-12-30 15:06:54,500 - Srapper_Del_Domains - INFO - Log in as PPKzavod success!
2017-12-30 15:06:55,500 - Srapper_Del_Domains - ERROR - Timeout: https://member.expireddomains.net/domains/expiredinfo/?start=125. Try 1 of 4 (set timeout to 1)
2017-12-30 15:07:12,531 - Srapper_Del_Domains - INFO - 1 pages parsed (150 domains)
2017-12-30 15:07:18,593 - Srapper_Del_Domains - INFO - 2 pages parsed (175 domains)
2017-12-30 15:07:27,000 - Srapper_Del_Domains - INFO - 3 pages parsed (200 domains)
2017-12-30 15:07:36,015 - Srapper_Del_Domains - INFO - 4 pages parsed (225 domains)
2017-12-30 15:07:45,046 - Srapper_Del_Domains - INFO - 5 pages parsed (250 domains)
2017-12-30 15:08:35,671 - Srapper_Del_Domains - INFO - 6 pages parsed (275 domains)
2017-12-30 15:08:43,625 - Srapper_Del_Domains - INFO - 7 pages parsed (300 domains)
2017-12-30 15:08:48,515 - Srapper_Del_Domains - INFO - 8 pages parsed (325 domains)
2017-12-30 15:08:56,609 - Srapper_Del_Domains - INFO - 9 pages parsed (350 domains)
2017-12-30 15:09:01,125 - Srapper_Del_Domains - INFO - 10 pages parsed (375 domains)
2017-12-30 15:09:53,500 - Srapper_Del_Domains - INFO - 11 pages parsed (400 domains)
2017-12-30 15:09:56,843 - Srapper_Del_Domains - INFO - 12 pages parsed (425 domains)
2017-12-30 15:10:02,968 - Srapper_Del_Domains - INFO - 13 pages parsed (450 domains)
2017-12-30 15:10:11,656 - Srapper_Del_Domains - INFO - 14 pages parsed (475 domains)
2017-12-30 15:10:23,578 - Srapper_Del_Domains - INFO - 15 pages parsed (500 domains)
2017-12-30 15:11:18,046 - Srapper_Del_Domains - INFO - 16 pages parsed (525 domains)
2017-12-30 15:11:29,203 - Srapper_Del_Domains - INFO - 17 pages parsed (550 domains)
2017-12-30 15:11:36,093 - Srapper_Del_Domains - INFO - 18 pages parsed (575 domains)
2017-12-30 15:11:46,921 - Srapper_Del_Domains - INFO - 19 pages parsed (600 domains)
2017-12-30 15:11:50,343 - Srapper_Del_Domains - INFO - 20 pages parsed (625 domains)
2017-12-30 15:12:34,078 - Srapper_Del_Domains - INFO - 21 pages parsed (650 domains)
2017-12-30 15:12:39,453 - Srapper_Del_Domains - INFO - 22 pages parsed (675 domains)
2017-12-30 15:12:45,640 - Srapper_Del_Domains - INFO - 23 pages parsed (700 domains)
2017-12-30 15:12:54,734 - Srapper_Del_Domains - INFO - 24 pages parsed (725 domains)
2017-12-30 15:13:05,125 - Srapper_Del_Domains - INFO - 25 pages parsed (750 domains)
2017-12-30 15:14:00,421 - Srapper_Del_Domains - INFO - 26 pages parsed (775 domains)
2017-12-30 15:14:04,875 - Srapper_Del_Domains - INFO - 27 pages parsed (800 domains)
2017-12-30 15:14:10,968 - Srapper_Del_Domains - INFO - 28 pages parsed (825 domains)
2017-12-30 15:14:15,828 - Srapper_Del_Domains - INFO - 29 pages parsed (850 domains)
2017-12-30 15:14:25,218 - Srapper_Del_Domains - INFO - 30 pages parsed (875 domains)
2017-12-30 15:15:21,250 - Srapper_Del_Domains - INFO - 31 pages parsed (900 domains)
2017-12-30 15:15:28,031 - Srapper_Del_Domains - INFO - 32 pages parsed (925 domains)
2017-12-30 15:15:36,890 - Srapper_Del_Domains - INFO - 33 pages parsed (950 domains)
2017-12-30 15:15:47,500 - Srapper_Del_Domains - INFO - 34 pages parsed (975 domains)
2017-12-30 15:15:58,937 - Srapper_Del_Domains - INFO - 35 pages parsed (1000 domains)
2017-12-30 15:16:52,437 - Srapper_Del_Domains - INFO - 36 pages parsed (1025 domains)
2017-12-30 15:17:01,593 - Srapper_Del_Domains - INFO - 37 pages parsed (1050 domains)
2017-12-30 15:17:11,093 - Srapper_Del_Domains - INFO - 38 pages parsed (1075 domains)
2017-12-30 15:17:19,031 - Srapper_Del_Domains - INFO - 39 pages parsed (1100 domains)
2017-12-30 15:17:26,734 - Srapper_Del_Domains - INFO - 40 pages parsed (1125 domains)
2017-12-30 15:18:13,453 - Srapper_Del_Domains - INFO - 41 pages parsed (1150 domains)
2017-12-30 15:18:17,828 - Srapper_Del_Domains - INFO - 42 pages parsed (1175 domains)
2017-12-30 15:18:30,296 - Srapper_Del_Domains - INFO - 43 pages parsed (1200 domains)
2017-12-30 15:18:39,968 - Srapper_Del_Domains - INFO - 44 pages parsed (1225 domains)
2017-12-30 15:18:45,078 - Srapper_Del_Domains - INFO - 45 pages parsed (1250 domains)
2017-12-30 15:19:35,578 - Srapper_Del_Domains - INFO - 46 pages parsed (1275 domains)
2017-12-30 15:19:40,203 - Srapper_Del_Domains - INFO - 47 pages parsed (1300 domains)
2017-12-30 15:19:48,453 - Srapper_Del_Domains - INFO - 48 pages parsed (1325 domains)
2017-12-30 15:19:54,906 - Srapper_Del_Domains - INFO - 49 pages parsed (1350 domains)
2017-12-30 15:20:04,140 - Srapper_Del_Domains - INFO - 50 pages parsed (1375 domains)
2017-12-30 15:21:02,765 - Srapper_Del_Domains - INFO - 51 pages parsed (1400 domains)
2017-12-30 15:21:10,296 - Srapper_Del_Domains - INFO - 52 pages parsed (1425 domains)
2017-12-30 15:21:22,390 - Srapper_Del_Domains - INFO - 53 pages parsed (1450 domains)
2017-12-30 15:21:27,468 - Srapper_Del_Domains - INFO - 54 pages parsed (1475 domains)
2017-12-30 15:21:36,031 - Srapper_Del_Domains - INFO - 55 pages parsed (1500 domains)
2017-12-30 15:22:02,984 - Srapper_Del_Domains - INFO - 56 pages parsed (1525 domains)
2017-12-30 15:22:09,843 - Srapper_Del_Domains - INFO - 57 pages parsed (1550 domains)
2017-12-30 15:22:14,500 - Srapper_Del_Domains - INFO - 58 pages parsed (1575 domains)
2017-12-30 15:22:20,890 - Srapper_Del_Domains - INFO - 59 pages parsed (1600 domains)
2017-12-30 15:22:30,906 - Srapper_Del_Domains - INFO - 60 pages parsed (1625 domains)
2017-12-30 15:23:17,875 - Srapper_Del_Domains - INFO - 61 pages parsed (1650 domains)
2017-12-30 15:23:22,625 - Srapper_Del_Domains - INFO - 62 pages parsed (1675 domains)
2017-12-30 15:23:32,671 - Srapper_Del_Domains - INFO - 63 pages parsed (1700 domains)
2017-12-30 15:23:40,062 - Srapper_Del_Domains - INFO - 64 pages parsed (1725 domains)
2017-12-30 15:23:45,187 - Srapper_Del_Domains - INFO - 65 pages parsed (1750 domains)
2017-12-30 15:24:39,812 - Srapper_Del_Domains - INFO - 66 pages parsed (1775 domains)
2017-12-30 15:24:44,296 - Srapper_Del_Domains - INFO - 67 pages parsed (1800 domains)
2017-12-30 15:24:53,765 - Srapper_Del_Domains - INFO - 68 pages parsed (1825 domains)
2017-12-30 15:25:02,000 - Srapper_Del_Domains - INFO - 69 pages parsed (1850 domains)
2017-12-30 15:25:13,140 - Srapper_Del_Domains - INFO - 70 pages parsed (1875 domains)
2017-12-30 15:25:50,265 - Srapper_Del_Domains - INFO - 71 pages parsed (1900 domains)
2017-12-30 15:25:55,609 - Srapper_Del_Domains - INFO - 72 pages parsed (1925 domains)
2017-12-30 15:26:04,328 - Srapper_Del_Domains - INFO - 73 pages parsed (1950 domains)
2017-12-30 15:26:12,437 - Srapper_Del_Domains - INFO - 74 pages parsed (1975 domains)
2017-12-30 15:26:22,453 - Srapper_Del_Domains - INFO - 75 pages parsed (2000 domains)
2017-12-30 15:26:52,328 - Srapper_Del_Domains - INFO - 76 pages parsed (2025 domains)
2017-12-30 15:27:00,984 - Srapper_Del_Domains - INFO - 77 pages parsed (2050 domains)
2017-12-30 15:27:02,015 - Srapper_Del_Domains - ERROR - Timeout: https://member.expireddomains.net/domains/expiredinfo/?start=2050. Try 1 of 4 (set timeout to 1)
2017-12-30 15:27:10,671 - Srapper_Del_Domains - INFO - 78 pages parsed (2075 domains)
2017-12-30 15:27:18,921 - Srapper_Del_Domains - INFO - 79 pages parsed (2100 domains)
2017-12-30 15:27:29,406 - Srapper_Del_Domains - INFO - 80 pages parsed (2125 domains)
2017-12-30 15:28:13,562 - Srapper_Del_Domains - INFO - 81 pages parsed (2150 domains)
2017-12-30 15:28:22,140 - Srapper_Del_Domains - INFO - 82 pages parsed (2175 domains)
2017-12-30 15:28:26,703 - Srapper_Del_Domains - INFO - 83 pages parsed (2200 domains)
2017-12-30 15:28:36,406 - Srapper_Del_Domains - INFO - 84 pages parsed (2225 domains)
2017-12-30 15:28:46,921 - Srapper_Del_Domains - INFO - 85 pages parsed (2250 domains)
2017-12-30 15:29:13,546 - Srapper_Del_Domains - INFO - 86 pages parsed (2275 domains)
2017-12-30 15:29:18,140 - Srapper_Del_Domains - INFO - 87 pages parsed (2300 domains)
2017-12-30 15:29:28,078 - Srapper_Del_Domains - INFO - 88 pages parsed (2325 domains)
2017-12-30 15:29:38,484 - Srapper_Del_Domains - INFO - 89 pages parsed (2350 domains)
2017-12-30 15:29:47,390 - Srapper_Del_Domains - INFO - 90 pages parsed (2375 domains)
2017-12-30 15:30:46,937 - Srapper_Del_Domains - INFO - 91 pages parsed (2400 domains)
2017-12-30 15:30:58,203 - Srapper_Del_Domains - INFO - 92 pages parsed (2425 domains)
2017-12-30 15:31:03,406 - Srapper_Del_Domains - INFO - 93 pages parsed (2450 domains)
2017-12-30 15:31:08,234 - Srapper_Del_Domains - INFO - 94 pages parsed (2475 domains)
2017-12-30 15:31:13,250 - Srapper_Del_Domains - INFO - 95 pages parsed (2500 domains)
2017-12-30 15:32:07,812 - Srapper_Del_Domains - INFO - 96 pages parsed (2525 domains)
2017-12-30 15:32:16,515 - Srapper_Del_Domains - INFO - 97 pages parsed (2550 domains)
2017-12-30 15:32:21,171 - Srapper_Del_Domains - INFO - 98 pages parsed (2575 domains)
2017-12-30 15:32:30,906 - Srapper_Del_Domains - INFO - 99 pages parsed (2600 domains)
2017-12-30 15:32:42,875 - Srapper_Del_Domains - INFO - 100 pages parsed (2625 domains)
2017-12-30 15:33:20,875 - Srapper_Del_Domains - INFO - 101 pages parsed (2650 domains)
2017-12-30 15:33:33,062 - Srapper_Del_Domains - INFO - 102 pages parsed (2675 domains)
2017-12-30 15:33:38,046 - Srapper_Del_Domains - INFO - 103 pages parsed (2700 domains)
2017-12-30 15:33:42,203 - Srapper_Del_Domains - INFO - 104 pages parsed (2725 domains)
2017-12-30 15:33:48,093 - Srapper_Del_Domains - INFO - 105 pages parsed (2750 domains)
2017-12-30 15:34:44,609 - Srapper_Del_Domains - INFO - 106 pages parsed (2775 domains)
2017-12-30 15:34:54,375 - Srapper_Del_Domains - INFO - 107 pages parsed (2800 domains)
2017-12-30 15:34:59,171 - Srapper_Del_Domains - INFO - 108 pages parsed (2825 domains)
2017-12-30 15:35:03,718 - Srapper_Del_Domains - INFO - 109 pages parsed (2850 domains)
2017-12-30 15:35:15,343 - Srapper_Del_Domains - INFO - 110 pages parsed (2875 domains)
2017-12-30 15:35:46,109 - Srapper_Del_Domains - INFO - 111 pages parsed (2900 domains)
2017-12-30 15:35:56,250 - Srapper_Del_Domains - INFO - 112 pages parsed (2925 domains)
2017-12-30 15:36:01,421 - Srapper_Del_Domains - INFO - 113 pages parsed (2950 domains)
2017-12-30 15:36:12,437 - Srapper_Del_Domains - INFO - 114 pages parsed (2975 domains)
2017-12-30 15:36:18,968 - Srapper_Del_Domains - INFO - 115 pages parsed (3000 domains)
2017-12-30 15:37:08,187 - Srapper_Del_Domains - INFO - 116 pages parsed (3025 domains)
2017-12-30 15:37:13,156 - Srapper_Del_Domains - INFO - 117 pages parsed (3050 domains)
2017-12-30 15:37:18,421 - Srapper_Del_Domains - INFO - 118 pages parsed (3075 domains)
2017-12-30 15:37:25,953 - Srapper_Del_Domains - INFO - 119 pages parsed (3100 domains)
2017-12-30 15:37:32,265 - Srapper_Del_Domains - INFO - 120 pages parsed (3125 domains)
2017-12-30 15:38:25,812 - Srapper_Del_Domains - INFO - 121 pages parsed (3150 domains)
2017-12-30 15:38:30,000 - Srapper_Del_Domains - INFO - 122 pages parsed (3175 domains)
2017-12-30 15:38:35,250 - Srapper_Del_Domains - INFO - 123 pages parsed (3200 domains)
2017-12-30 15:38:45,375 - Srapper_Del_Domains - INFO - 124 pages parsed (3225 domains)
2017-12-30 15:38:48,546 - Srapper_Del_Domains - INFO - 125 pages parsed (3250 domains)
2017-12-30 15:39:18,000 - Srapper_Del_Domains - INFO - 126 pages parsed (3275 domains)
2017-12-30 15:39:28,406 - Srapper_Del_Domains - INFO - 127 pages parsed (3300 domains)
2017-12-30 15:39:41,046 - Srapper_Del_Domains - INFO - 128 pages parsed (3325 domains)
2017-12-30 15:39:45,781 - Srapper_Del_Domains - INFO - 129 pages parsed (3350 domains)
2017-12-30 15:39:55,968 - Srapper_Del_Domains - INFO - 130 pages parsed (3375 domains)
2017-12-30 15:40:38,265 - Srapper_Del_Domains - INFO - 131 pages parsed (3400 domains)
2017-12-30 15:40:47,906 - Srapper_Del_Domains - INFO - 132 pages parsed (3425 domains)
2017-12-30 15:40:54,140 - Srapper_Del_Domains - INFO - 133 pages parsed (3450 domains)
2017-12-30 15:41:06,671 - Srapper_Del_Domains - INFO - 134 pages parsed (3475 domains)
2017-12-30 15:41:09,984 - Srapper_Del_Domains - INFO - 135 pages parsed (3500 domains)
2017-12-30 15:41:44,109 - Srapper_Del_Domains - INFO - 136 pages parsed (3525 domains)
2017-12-30 15:41:53,078 - Srapper_Del_Domains - INFO - 137 pages parsed (3550 domains)
2017-12-30 15:42:03,359 - Srapper_Del_Domains - INFO - 138 pages parsed (3575 domains)
2017-12-30 15:42:08,375 - Srapper_Del_Domains - INFO - 139 pages parsed (3600 domains)
2017-12-30 15:42:12,875 - Srapper_Del_Domains - INFO - 140 pages parsed (3625 domains)
2017-12-30 15:42:45,937 - Srapper_Del_Domains - INFO - 141 pages parsed (3650 domains)
2017-12-30 15:42:53,500 - Srapper_Del_Domains - INFO - 142 pages parsed (3675 domains)
2017-12-30 15:43:02,921 - Srapper_Del_Domains - INFO - 143 pages parsed (3700 domains)
2017-12-30 15:43:07,375 - Srapper_Del_Domains - INFO - 144 pages parsed (3725 domains)
2017-12-30 15:43:11,703 - Srapper_Del_Domains - INFO - 145 pages parsed (3750 domains)
2017-12-30 15:44:05,500 - Srapper_Del_Domains - INFO - 146 pages parsed (3775 domains)
2017-12-30 15:44:09,453 - Srapper_Del_Domains - INFO - 147 pages parsed (3800 domains)
2017-12-30 15:44:15,515 - Srapper_Del_Domains - INFO - 148 pages parsed (3825 domains)
2017-12-30 15:44:23,000 - Srapper_Del_Domains - INFO - 149 pages parsed (3850 domains)
2017-12-30 15:44:30,921 - Srapper_Del_Domains - INFO - 150 pages parsed (3875 domains)
2017-12-30 15:45:09,921 - Srapper_Del_Domains - INFO - 151 pages parsed (3900 domains)
2017-12-30 15:45:14,218 - Srapper_Del_Domains - INFO - 152 pages parsed (3925 domains)
2017-12-30 15:45:24,156 - Srapper_Del_Domains - INFO - 153 pages parsed (3950 domains)
2017-12-30 15:45:31,859 - Srapper_Del_Domains - INFO - 154 pages parsed (3975 domains)
2017-12-30 15:45:38,703 - Srapper_Del_Domains - INFO - 155 pages parsed (4000 domains)
2017-12-30 15:46:06,953 - Srapper_Del_Domains - ERROR - Timeout: https://member.expireddomains.net/domains/expiredinfo/?start=4000. Try 1 of 4 (set timeout to 1)
2017-12-30 15:46:17,671 - Srapper_Del_Domains - INFO - 156 pages parsed (4025 domains)
2017-12-30 15:46:25,843 - Srapper_Del_Domains - INFO - 157 pages parsed (4050 domains)
2017-12-30 15:46:33,453 - Srapper_Del_Domains - INFO - 158 pages parsed (4075 domains)
2017-12-30 15:46:39,703 - Srapper_Del_Domains - INFO - 159 pages parsed (4100 domains)
2017-12-30 15:46:48,468 - Srapper_Del_Domains - INFO - 160 pages parsed (4125 domains)
2017-12-30 15:47:16,234 - Srapper_Del_Domains - INFO - 161 pages parsed (4150 domains)
2017-12-30 15:47:25,328 - Srapper_Del_Domains - INFO - 162 pages parsed (4175 domains)
2017-12-30 15:47:35,156 - Srapper_Del_Domains - INFO - 163 pages parsed (4200 domains)
2017-12-30 15:47:42,265 - Srapper_Del_Domains - INFO - 164 pages parsed (4225 domains)
2017-12-30 15:47:53,031 - Srapper_Del_Domains - INFO - 165 pages parsed (4250 domains)
2017-12-30 15:48:39,171 - Srapper_Del_Domains - INFO - 166 pages parsed (4275 domains)
2017-12-30 15:48:44,703 - Srapper_Del_Domains - INFO - 167 pages parsed (4300 domains)
2017-12-30 15:48:55,062 - Srapper_Del_Domains - INFO - 168 pages parsed (4325 domains)
2017-12-30 15:49:00,500 - Srapper_Del_Domains - INFO - 169 pages parsed (4350 domains)
2017-12-30 15:49:11,265 - Srapper_Del_Domains - INFO - 170 pages parsed (4375 domains)
2017-12-30 15:49:57,875 - Srapper_Del_Domains - INFO - 171 pages parsed (4400 domains)
2017-12-30 15:50:02,093 - Srapper_Del_Domains - INFO - 172 pages parsed (4425 domains)
2017-12-30 15:50:13,640 - Srapper_Del_Domains - INFO - 173 pages parsed (4450 domains)
2017-12-30 15:50:22,078 - Srapper_Del_Domains - INFO - 174 pages parsed (4475 domains)
2017-12-30 15:50:29,671 - Srapper_Del_Domains - INFO - 175 pages parsed (4500 domains)
2017-12-30 15:51:22,468 - Srapper_Del_Domains - INFO - 176 pages parsed (4525 domains)
2017-12-30 15:51:28,671 - Srapper_Del_Domains - INFO - 177 pages parsed (4550 domains)
2017-12-30 15:51:35,859 - Srapper_Del_Domains - INFO - 178 pages parsed (4575 domains)
2017-12-30 15:51:40,093 - Srapper_Del_Domains - INFO - 179 pages parsed (4600 domains)
2017-12-30 15:51:50,968 - Srapper_Del_Domains - INFO - 180 pages parsed (4625 domains)
2017-12-30 15:52:38,031 - Srapper_Del_Domains - INFO - 181 pages parsed (4650 domains)
2017-12-30 15:52:47,625 - Srapper_Del_Domains - INFO - 182 pages parsed (4675 domains)
2017-12-30 15:52:59,171 - Srapper_Del_Domains - INFO - 183 pages parsed (4700 domains)
2017-12-30 15:53:07,953 - Srapper_Del_Domains - INFO - 184 pages parsed (4725 domains)
2017-12-30 15:53:13,187 - Srapper_Del_Domains - INFO - 185 pages parsed (4750 domains)
2017-12-30 15:54:05,406 - Srapper_Del_Domains - INFO - 186 pages parsed (4775 domains)
2017-12-30 15:54:12,781 - Srapper_Del_Domains - INFO - 187 pages parsed (4800 domains)
2017-12-30 15:54:23,515 - Srapper_Del_Domains - INFO - 188 pages parsed (4825 domains)
2017-12-30 15:54:28,562 - Srapper_Del_Domains - INFO - 189 pages parsed (4850 domains)
2017-12-30 15:54:35,281 - Srapper_Del_Domains - INFO - 190 pages parsed (4875 domains)
2017-12-30 15:55:07,093 - Srapper_Del_Domains - INFO - 191 pages parsed (4900 domains)
2017-12-30 15:55:12,250 - Srapper_Del_Domains - INFO - 192 pages parsed (4925 domains)
2017-12-30 15:55:23,734 - Srapper_Del_Domains - INFO - 193 pages parsed (4950 domains)
2017-12-30 15:55:33,359 - Srapper_Del_Domains - INFO - 194 pages parsed (4975 domains)
2017-12-30 15:55:45,078 - Srapper_Del_Domains - INFO - 195 pages parsed (5000 domains)
2017-12-30 15:56:16,187 - Srapper_Del_Domains - INFO - 196 pages parsed (5025 domains)
2017-12-30 15:56:26,500 - Srapper_Del_Domains - INFO - 197 pages parsed (5050 domains)
2017-12-30 15:56:29,781 - Srapper_Del_Domains - INFO - 198 pages parsed (5075 domains)
2017-12-30 15:56:42,031 - Srapper_Del_Domains - INFO - 199 pages parsed (5100 domains)
2017-12-30 15:56:47,515 - Srapper_Del_Domains - INFO - 200 pages parsed (5125 domains)
2017-12-30 15:57:29,703 - Srapper_Del_Domains - INFO - 201 pages parsed (5150 domains)
2017-12-30 15:57:36,890 - Srapper_Del_Domains - INFO - 202 pages parsed (5175 domains)
2017-12-30 15:57:41,796 - Srapper_Del_Domains - INFO - 203 pages parsed (5200 domains)
2017-12-30 15:57:45,125 - Srapper_Del_Domains - INFO - 204 pages parsed (5225 domains)
2017-12-30 15:57:51,890 - Srapper_Del_Domains - INFO - 205 pages parsed (5250 domains)
2017-12-30 15:58:36,718 - Srapper_Del_Domains - INFO - 206 pages parsed (5275 domains)
2017-12-30 15:58:41,687 - Srapper_Del_Domains - INFO - 207 pages parsed (5300 domains)
2017-12-30 15:58:45,359 - Srapper_Del_Domains - INFO - 208 pages parsed (5325 domains)
2017-12-30 15:58:51,609 - Srapper_Del_Domains - INFO - 209 pages parsed (5350 domains)
2017-12-30 15:58:55,609 - Srapper_Del_Domains - INFO - 210 pages parsed (5375 domains)
2017-12-30 15:59:30,968 - Srapper_Del_Domains - INFO - 211 pages parsed (5400 domains)
2017-12-30 15:59:35,453 - Srapper_Del_Domains - INFO - 212 pages parsed (5425 domains)
2017-12-30 15:59:45,546 - Srapper_Del_Domains - INFO - 213 pages parsed (5450 domains)
2017-12-30 15:59:52,484 - Srapper_Del_Domains - INFO - 214 pages parsed (5475 domains)
2017-12-30 15:59:58,578 - Srapper_Del_Domains - INFO - 215 pages parsed (5500 domains)
2017-12-30 16:00:27,390 - Srapper_Del_Domains - INFO - 216 pages parsed (5525 domains)
2017-12-30 16:00:33,640 - Srapper_Del_Domains - INFO - 217 pages parsed (5550 domains)
2017-12-30 16:00:41,281 - Srapper_Del_Domains - INFO - 218 pages parsed (5575 domains)
2017-12-30 16:00:49,921 - Srapper_Del_Domains - INFO - 219 pages parsed (5600 domains)
2017-12-30 16:00:59,796 - Srapper_Del_Domains - INFO - 220 pages parsed (5625 domains)
2017-12-30 16:01:37,562 - Srapper_Del_Domains - INFO - 221 pages parsed (5650 domains)
2017-12-30 16:01:46,953 - Srapper_Del_Domains - INFO - 222 pages parsed (5675 domains)
2017-12-30 16:01:57,718 - Srapper_Del_Domains - INFO - 223 pages parsed (5700 domains)
2017-12-30 16:02:03,062 - Srapper_Del_Domains - INFO - 224 pages parsed (5725 domains)
2017-12-30 16:02:14,562 - Srapper_Del_Domains - INFO - 225 pages parsed (5750 domains)
2017-12-30 16:03:05,062 - Srapper_Del_Domains - INFO - 226 pages parsed (5775 domains)
2017-12-30 16:03:12,593 - Srapper_Del_Domains - INFO - 227 pages parsed (5800 domains)
2017-12-30 16:03:21,265 - Srapper_Del_Domains - INFO - 228 pages parsed (5825 domains)
2017-12-30 16:03:27,796 - Srapper_Del_Domains - INFO - 229 pages parsed (5850 domains)
2017-12-30 16:03:34,625 - Srapper_Del_Domains - INFO - 230 pages parsed (5875 domains)
2017-12-30 16:04:23,812 - Srapper_Del_Domains - INFO - 231 pages parsed (5900 domains)
2017-12-30 16:04:32,484 - Srapper_Del_Domains - INFO - 232 pages parsed (5925 domains)
2017-12-30 16:04:38,781 - Srapper_Del_Domains - INFO - 233 pages parsed (5950 domains)
2017-12-30 16:04:43,296 - Srapper_Del_Domains - INFO - 234 pages parsed (5975 domains)
2017-12-30 16:04:53,546 - Srapper_Del_Domains - INFO - 235 pages parsed (6000 domains)
2017-12-30 16:05:32,968 - Srapper_Del_Domains - INFO - 236 pages parsed (6025 domains)
2017-12-30 16:05:39,312 - Srapper_Del_Domains - INFO - 237 pages parsed (6050 domains)
2017-12-30 16:05:50,562 - Srapper_Del_Domains - INFO - 238 pages parsed (6075 domains)
2017-12-30 16:05:58,609 - Srapper_Del_Domains - INFO - 239 pages parsed (6100 domains)
2017-12-30 16:06:04,296 - Srapper_Del_Domains - INFO - 240 pages parsed (6125 domains)
2017-12-30 16:06:51,484 - Srapper_Del_Domains - ERROR - Timeout: https://member.expireddomains.net/domains/expiredinfo/?start=6125. Try 1 of 4 (set timeout to 1)
2017-12-30 16:07:05,421 - Srapper_Del_Domains - INFO - 241 pages parsed (6150 domains)
2017-12-30 16:07:12,328 - Srapper_Del_Domains - INFO - 242 pages parsed (6175 domains)
2017-12-30 16:07:19,843 - Srapper_Del_Domains - INFO - 243 pages parsed (6200 domains)
2017-12-30 16:07:30,328 - Srapper_Del_Domains - INFO - 244 pages parsed (6225 domains)
2017-12-30 16:07:39,234 - Srapper_Del_Domains - INFO - 245 pages parsed (6250 domains)
2017-12-30 16:08:26,906 - Srapper_Del_Domains - INFO - 246 pages parsed (6275 domains)
2017-12-30 16:08:33,187 - Srapper_Del_Domains - INFO - 247 pages parsed (6300 domains)
2017-12-30 16:08:39,625 - Srapper_Del_Domains - INFO - 248 pages parsed (6325 domains)
2017-12-30 16:08:45,265 - Srapper_Del_Domains - INFO - 249 pages parsed (6350 domains)
2017-12-30 16:08:53,750 - Srapper_Del_Domains - INFO - 250 pages parsed (6375 domains)
2017-12-30 16:09:40,703 - Srapper_Del_Domains - INFO - 251 pages parsed (6400 domains)
2017-12-30 16:09:49,578 - Srapper_Del_Domains - INFO - 252 pages parsed (6425 domains)
2017-12-30 16:09:59,093 - Srapper_Del_Domains - INFO - 253 pages parsed (6450 domains)
2017-12-30 16:10:08,656 - Srapper_Del_Domains - INFO - 254 pages parsed (6475 domains)
2017-12-30 16:10:19,109 - Srapper_Del_Domains - INFO - 255 pages parsed (6500 domains)
2017-12-30 16:10:49,796 - Srapper_Del_Domains - INFO - 256 pages parsed (6525 domains)
2017-12-30 16:10:57,140 - Srapper_Del_Domains - INFO - 257 pages parsed (6550 domains)
2017-12-30 16:11:08,812 - Srapper_Del_Domains - INFO - 258 pages parsed (6575 domains)
2017-12-30 16:11:16,734 - Srapper_Del_Domains - INFO - 259 pages parsed (6600 domains)
2017-12-30 16:11:21,875 - Srapper_Del_Domains - INFO - 260 pages parsed (6625 domains)
2017-12-30 16:12:03,218 - Srapper_Del_Domains - INFO - 261 pages parsed (6650 domains)
2017-12-30 16:12:12,750 - Srapper_Del_Domains - INFO - 262 pages parsed (6675 domains)
2017-12-30 16:12:19,703 - Srapper_Del_Domains - INFO - 263 pages parsed (6700 domains)
2017-12-30 16:12:29,890 - Srapper_Del_Domains - INFO - 264 pages parsed (6725 domains)
2017-12-30 16:12:34,015 - Srapper_Del_Domains - INFO - 265 pages parsed (6750 domains)
2017-12-30 16:13:22,484 - Srapper_Del_Domains - INFO - 266 pages parsed (6775 domains)
2017-12-30 16:13:32,546 - Srapper_Del_Domains - INFO - 267 pages parsed (6800 domains)
2017-12-30 16:13:44,390 - Srapper_Del_Domains - INFO - 268 pages parsed (6825 domains)
2017-12-30 16:13:54,109 - Srapper_Del_Domains - INFO - 269 pages parsed (6850 domains)
2017-12-30 16:13:58,390 - Srapper_Del_Domains - INFO - 270 pages parsed (6875 domains)
2017-12-30 16:14:53,343 - Srapper_Del_Domains - INFO - 271 pages parsed (6900 domains)
2017-12-30 16:14:59,828 - Srapper_Del_Domains - INFO - 272 pages parsed (6925 domains)
2017-12-30 16:15:06,203 - Srapper_Del_Domains - INFO - 273 pages parsed (6950 domains)
2017-12-30 16:15:14,609 - Srapper_Del_Domains - INFO - 274 pages parsed (6975 domains)
2017-12-30 16:15:15,640 - Srapper_Del_Domains - ERROR - Timeout: https://member.expireddomains.net/domains/expiredinfo/?start=6975. Try 1 of 4 (set timeout to 1)
2017-12-30 16:15:24,093 - Srapper_Del_Domains - INFO - 275 pages parsed (7000 domains)
2017-12-30 16:15:57,140 - Srapper_Del_Domains - INFO - 276 pages parsed (7025 domains)
2017-12-30 16:16:02,796 - Srapper_Del_Domains - INFO - 277 pages parsed (7050 domains)
2017-12-30 16:16:13,875 - Srapper_Del_Domains - INFO - 278 pages parsed (7075 domains)
2017-12-30 16:16:18,609 - Srapper_Del_Domains - INFO - 279 pages parsed (7100 domains)
2017-12-30 16:16:28,140 - Srapper_Del_Domains - INFO - 280 pages parsed (7125 domains)
2017-12-30 16:17:06,781 - Srapper_Del_Domains - INFO - 281 pages parsed (7150 domains)
2017-12-30 16:17:14,375 - Srapper_Del_Domains - INFO - 282 pages parsed (7175 domains)
2017-12-30 16:17:19,156 - Srapper_Del_Domains - INFO - 283 pages parsed (7200 domains)
2017-12-30 16:17:31,765 - Srapper_Del_Domains - INFO - 284 pages parsed (7225 domains)
2017-12-30 16:17:39,062 - Srapper_Del_Domains - INFO - 285 pages parsed (7250 domains)
2017-12-30 16:18:32,828 - Srapper_Del_Domains - INFO - 286 pages parsed (7275 domains)
2017-12-30 16:18:39,859 - Srapper_Del_Domains - INFO - 287 pages parsed (7300 domains)
2017-12-30 16:18:53,187 - Srapper_Del_Domains - INFO - 288 pages parsed (7325 domains)
2017-12-30 16:19:01,468 - Srapper_Del_Domains - INFO - 289 pages parsed (7350 domains)
2017-12-30 16:19:11,500 - Srapper_Del_Domains - INFO - 290 pages parsed (7375 domains)
2017-12-30 16:19:50,453 - Srapper_Del_Domains - INFO - 291 pages parsed (7400 domains)
2017-12-30 16:19:59,187 - Srapper_Del_Domains - INFO - 292 pages parsed (7425 domains)
2017-12-30 16:20:10,031 - Srapper_Del_Domains - INFO - 293 pages parsed (7450 domains)
2017-12-30 16:20:14,234 - Srapper_Del_Domains - INFO - 294 pages parsed (7475 domains)
2017-12-30 16:20:21,015 - Srapper_Del_Domains - INFO - 295 pages parsed (7500 domains)
2017-12-30 16:21:13,546 - Srapper_Del_Domains - INFO - 296 pages parsed (7525 domains)
2017-12-30 16:21:23,718 - Srapper_Del_Domains - INFO - 297 pages parsed (7550 domains)
2017-12-30 16:21:30,906 - Srapper_Del_Domains - INFO - 298 pages parsed (7575 domains)
2017-12-30 16:21:35,093 - Srapper_Del_Domains - INFO - 299 pages parsed (7600 domains)
2017-12-30 16:21:41,875 - Srapper_Del_Domains - INFO - 300 pages parsed (7625 domains)
2017-12-30 16:22:32,906 - Srapper_Del_Domains - INFO - 301 pages parsed (7650 domains)
2017-12-30 16:22:37,203 - Srapper_Del_Domains - INFO - 302 pages parsed (7675 domains)
2017-12-30 16:22:45,296 - Srapper_Del_Domains - INFO - 303 pages parsed (7700 domains)
2017-12-30 16:22:48,968 - Srapper_Del_Domains - INFO - 304 pages parsed (7725 domains)
2017-12-30 16:22:58,437 - Srapper_Del_Domains - INFO - 305 pages parsed (7750 domains)
2017-12-30 16:23:28,046 - Srapper_Del_Domains - INFO - 306 pages parsed (7775 domains)
2017-12-30 16:23:39,640 - Srapper_Del_Domains - INFO - 307 pages parsed (7800 domains)
2017-12-30 16:23:43,156 - Srapper_Del_Domains - INFO - 308 pages parsed (7825 domains)
2017-12-30 16:23:47,031 - Srapper_Del_Domains - INFO - 309 pages parsed (7850 domains)
2017-12-30 16:23:51,421 - Srapper_Del_Domains - INFO - 310 pages parsed (7875 domains)
2017-12-30 16:24:44,109 - Srapper_Del_Domains - INFO - 311 pages parsed (7900 domains)
2017-12-30 16:24:49,921 - Srapper_Del_Domains - INFO - 312 pages parsed (7925 domains)
2017-12-30 16:24:50,968 - Srapper_Del_Domains - ERROR - Timeout: https://member.expireddomains.net/domains/expiredinfo/?start=7925. Try 1 of 4 (set timeout to 1)
2017-12-30 16:25:01,437 - Srapper_Del_Domains - INFO - 313 pages parsed (7950 domains)
2017-12-30 16:25:12,156 - Srapper_Del_Domains - INFO - 314 pages parsed (7975 domains)
2017-12-30 16:25:22,593 - Srapper_Del_Domains - INFO - 315 pages parsed (8000 domains)
2017-12-30 16:25:54,140 - Srapper_Del_Domains - INFO - 316 pages parsed (8025 domains)
2017-12-30 16:25:58,437 - Srapper_Del_Domains - INFO - 317 pages parsed (8050 domains)
2017-12-30 16:26:06,453 - Srapper_Del_Domains - INFO - 318 pages parsed (8075 domains)
2017-12-30 16:26:10,140 - Srapper_Del_Domains - INFO - 319 pages parsed (8100 domains)
2017-12-30 16:26:13,921 - Srapper_Del_Domains - INFO - 320 pages parsed (8125 domains)
2017-12-30 16:26:45,187 - Srapper_Del_Domains - INFO - 321 pages parsed (8150 domains)
2017-12-30 16:26:55,109 - Srapper_Del_Domains - INFO - 322 pages parsed (8175 domains)
2017-12-30 16:26:56,156 - Srapper_Del_Domains - ERROR - Timeout: https://member.expireddomains.net/domains/expiredinfo/?start=8175. Try 1 of 4 (set timeout to 1)
2017-12-30 16:27:03,218 - Srapper_Del_Domains - INFO - 323 pages parsed (8200 domains)
2017-12-30 16:27:11,125 - Srapper_Del_Domains - INFO - 324 pages parsed (8225 domains)
2017-12-30 16:27:20,765 - Srapper_Del_Domains - INFO - 325 pages parsed (8250 domains)
2017-12-30 16:28:09,015 - Srapper_Del_Domains - INFO - 326 pages parsed (8275 domains)
2017-12-30 16:28:18,265 - Srapper_Del_Domains - INFO - 327 pages parsed (8300 domains)
2017-12-30 16:28:24,593 - Srapper_Del_Domains - INFO - 328 pages parsed (8325 domains)
2017-12-30 16:28:35,187 - Srapper_Del_Domains - INFO - 329 pages parsed (8350 domains)
2017-12-30 16:28:42,859 - Srapper_Del_Domains - INFO - 330 pages parsed (8375 domains)
2017-12-30 16:29:09,343 - Srapper_Del_Domains - INFO - 331 pages parsed (8400 domains)
2017-12-30 16:29:18,453 - Srapper_Del_Domains - INFO - 332 pages parsed (8425 domains)
2017-12-30 16:29:29,437 - Srapper_Del_Domains - INFO - 333 pages parsed (8450 domains)
2017-12-30 16:29:35,062 - Srapper_Del_Domains - INFO - 334 pages parsed (8475 domains)
2017-12-30 16:29:41,312 - Srapper_Del_Domains - INFO - 335 pages parsed (8500 domains)
2017-12-30 16:30:14,453 - Srapper_Del_Domains - INFO - 336 pages parsed (8525 domains)
2017-12-30 16:30:19,015 - Srapper_Del_Domains - INFO - 337 pages parsed (8550 domains)
2017-12-30 16:30:27,765 - Srapper_Del_Domains - INFO - 338 pages parsed (8575 domains)
2017-12-30 16:30:36,828 - Srapper_Del_Domains - INFO - 339 pages parsed (8600 domains)
2017-12-30 16:30:41,765 - Srapper_Del_Domains - INFO - 340 pages parsed (8625 domains)
2017-12-30 16:31:39,109 - Srapper_Del_Domains - INFO - 341 pages parsed (8650 domains)
2017-12-30 16:31:48,906 - Srapper_Del_Domains - INFO - 342 pages parsed (8675 domains)
2017-12-30 16:31:59,078 - Srapper_Del_Domains - INFO - 343 pages parsed (8700 domains)
2017-12-30 16:32:02,406 - Srapper_Del_Domains - INFO - 344 pages parsed (8725 domains)
2017-12-30 16:32:10,187 - Srapper_Del_Domains - INFO - 345 pages parsed (8750 domains)
2017-12-30 16:32:40,093 - Srapper_Del_Domains - INFO - 346 pages parsed (8775 domains)
2017-12-30 16:32:50,109 - Srapper_Del_Domains - INFO - 347 pages parsed (8800 domains)
2017-12-30 16:32:56,421 - Srapper_Del_Domains - INFO - 348 pages parsed (8825 domains)
2017-12-30 16:33:06,031 - Srapper_Del_Domains - INFO - 349 pages parsed (8850 domains)
2017-12-30 16:33:13,890 - Srapper_Del_Domains - INFO - 350 pages parsed (8875 domains)
2017-12-30 16:33:57,937 - Srapper_Del_Domains - INFO - 351 pages parsed (8900 domains)
2017-12-30 16:34:01,890 - Srapper_Del_Domains - INFO - 352 pages parsed (8925 domains)
2017-12-30 16:34:11,968 - Srapper_Del_Domains - INFO - 353 pages parsed (8950 domains)
2017-12-30 16:34:18,890 - Srapper_Del_Domains - INFO - 354 pages parsed (8975 domains)
2017-12-30 16:34:28,953 - Srapper_Del_Domains - INFO - 355 pages parsed (9000 domains)
2017-12-30 16:35:17,625 - Srapper_Del_Domains - INFO - 356 pages parsed (9025 domains)
2017-12-30 16:35:24,000 - Srapper_Del_Domains - INFO - 357 pages parsed (9050 domains)
2017-12-30 16:35:31,109 - Srapper_Del_Domains - INFO - 358 pages parsed (9075 domains)
2017-12-30 16:35:39,812 - Srapper_Del_Domains - INFO - 359 pages parsed (9100 domains)
2017-12-30 16:35:51,875 - Srapper_Del_Domains - INFO - 360 pages parsed (9125 domains)
2017-12-30 16:36:29,890 - Srapper_Del_Domains - INFO - 361 pages parsed (9150 domains)
2017-12-30 16:36:40,531 - Srapper_Del_Domains - INFO - 362 pages parsed (9175 domains)
2017-12-30 16:36:46,171 - Srapper_Del_Domains - INFO - 363 pages parsed (9200 domains)
2017-12-30 16:36:54,281 - Srapper_Del_Domains - INFO - 364 pages parsed (9225 domains)
2017-12-30 16:37:06,000 - Srapper_Del_Domains - INFO - 365 pages parsed (9250 domains)
2017-12-30 16:37:57,640 - Srapper_Del_Domains - INFO - 366 pages parsed (9275 domains)
2017-12-30 16:38:09,046 - Srapper_Del_Domains - INFO - 367 pages parsed (9300 domains)
2017-12-30 16:38:14,734 - Srapper_Del_Domains - INFO - 368 pages parsed (9325 domains)
2017-12-30 16:38:19,281 - Srapper_Del_Domains - INFO - 369 pages parsed (9350 domains)
2017-12-30 16:38:25,296 - Srapper_Del_Domains - INFO - 370 pages parsed (9375 domains)
2017-12-30 16:39:15,484 - Srapper_Del_Domains - ERROR - Timeout: https://member.expireddomains.net/domains/expiredinfo/?start=9375. Try 1 of 4 (set timeout to 1)
2017-12-30 16:39:24,312 - Srapper_Del_Domains - INFO - 371 pages parsed (9400 domains)
2017-12-30 16:39:31,937 - Srapper_Del_Domains - INFO - 372 pages parsed (9425 domains)
2017-12-30 16:39:38,578 - Srapper_Del_Domains - INFO - 373 pages parsed (9450 domains)
2017-12-30 16:39:44,000 - Srapper_Del_Domains - INFO - 374 pages parsed (9475 domains)
2017-12-30 16:39:53,296 - Srapper_Del_Domains - INFO - 375 pages parsed (9500 domains)
2017-12-30 16:40:19,390 - Srapper_Del_Domains - INFO - 376 pages parsed (9525 domains)
2017-12-30 16:40:28,593 - Srapper_Del_Domains - INFO - 377 pages parsed (9550 domains)
2017-12-30 16:40:34,218 - Srapper_Del_Domains - INFO - 378 pages parsed (9575 domains)
2017-12-30 16:40:44,968 - Srapper_Del_Domains - INFO - 379 pages parsed (9600 domains)
2017-12-30 16:40:51,984 - Srapper_Del_Domains - INFO - 380 pages parsed (9625 domains)
2017-12-30 16:41:32,937 - Srapper_Del_Domains - INFO - 381 pages parsed (9650 domains)
2017-12-30 16:41:37,437 - Srapper_Del_Domains - INFO - 382 pages parsed (9675 domains)
2017-12-30 16:41:46,187 - Srapper_Del_Domains - INFO - 383 pages parsed (9700 domains)
2017-12-30 16:41:50,687 - Srapper_Del_Domains - INFO - 384 pages parsed (9725 domains)
2017-12-30 16:41:59,078 - Srapper_Del_Domains - INFO - 385 pages parsed (9750 domains)
2017-12-30 16:42:41,296 - Srapper_Del_Domains - INFO - 386 pages parsed (9775 domains)
2017-12-30 16:42:51,125 - Srapper_Del_Domains - INFO - 387 pages parsed (9800 domains)
2017-12-30 16:43:02,343 - Srapper_Del_Domains - INFO - 388 pages parsed (9825 domains)
2017-12-30 16:43:07,078 - Srapper_Del_Domains - INFO - 389 pages parsed (9850 domains)
2017-12-30 16:43:14,453 - Srapper_Del_Domains - INFO - 390 pages parsed (9875 domains)
2017-12-30 16:44:15,609 - Srapper_Del_Domains - INFO - 391 pages parsed (9900 domains)
2017-12-30 16:44:23,609 - Srapper_Del_Domains - INFO - 392 pages parsed (9925 domains)
2017-12-30 16:44:33,000 - Srapper_Del_Domains - INFO - 393 pages parsed (9950 domains)
2017-12-30 16:44:42,093 - Srapper_Del_Domains - INFO - 394 pages parsed (9975 domains)
2017-12-30 16:44:50,156 - Srapper_Del_Domains - INFO - 395 pages parsed (10000 domains)
2017-12-30 16:45:28,437 - Srapper_Del_Domains - INFO - 396 pages parsed (10025 domains)
2017-12-30 16:45:36,156 - Srapper_Del_Domains - INFO - 397 pages parsed (10050 domains)
2017-12-30 16:45:42,234 - Srapper_Del_Domains - INFO - 398 pages parsed (10075 domains)
2017-12-30 16:45:48,500 - Srapper_Del_Domains - INFO - 399 pages parsed (10100 domains)
2017-12-30 16:45:57,250 - Srapper_Del_Domains - INFO - 400 pages parsed (10125 domains)
2017-12-30 16:46:38,640 - Srapper_Del_Domains - INFO - 401 pages parsed (10150 domains)
2017-12-30 16:46:42,843 - Srapper_Del_Domains - INFO - 402 pages parsed (10175 domains)
2017-12-30 16:46:51,062 - Srapper_Del_Domains - INFO - 403 pages parsed (10200 domains)
2017-12-30 16:47:03,093 - Srapper_Del_Domains - INFO - 404 pages parsed (10225 domains)
2017-12-30 16:47:04,140 - Srapper_Del_Domains - ERROR - Timeout: https://member.expireddomains.net/domains/expiredinfo/?start=10225. Try 1 of 4 (set timeout to 1)
2017-12-30 16:47:16,265 - Srapper_Del_Domains - INFO - 405 pages parsed (10250 domains)
2017-12-30 16:47:54,328 - Srapper_Del_Domains - INFO - 406 pages parsed (10275 domains)
2017-12-30 16:47:58,671 - Srapper_Del_Domains - INFO - 407 pages parsed (10300 domains)
2017-12-30 16:48:05,734 - Srapper_Del_Domains - INFO - 408 pages parsed (10325 domains)
2017-12-30 16:48:09,171 - Srapper_Del_Domains - INFO - 409 pages parsed (10350 domains)
2017-12-30 16:48:16,671 - Srapper_Del_Domains - INFO - 410 pages parsed (10375 domains)
2017-12-30 16:49:02,281 - Srapper_Del_Domains - INFO - 411 pages parsed (10400 domains)
2017-12-30 16:49:03,328 - Srapper_Del_Domains - ERROR - Timeout: https://member.expireddomains.net/domains/expiredinfo/?start=10400. Try 1 of 4 (set timeout to 1)
2017-12-30 16:49:15,203 - Srapper_Del_Domains - INFO - 412 pages parsed (10425 domains)
2017-12-30 16:49:18,937 - Srapper_Del_Domains - INFO - 413 pages parsed (10450 domains)
2017-12-30 16:49:26,562 - Srapper_Del_Domains - INFO - 414 pages parsed (10475 domains)
2017-12-30 16:49:29,937 - Srapper_Del_Domains - INFO - 415 pages parsed (10500 domains)
2017-12-30 16:50:21,703 - Srapper_Del_Domains - INFO - 416 pages parsed (10525 domains)
2017-12-30 16:50:33,203 - Srapper_Del_Domains - INFO - 417 pages parsed (10550 domains)
2017-12-30 16:50:45,343 - Srapper_Del_Domains - INFO - 418 pages parsed (10575 domains)
2017-12-30 16:50:56,078 - Srapper_Del_Domains - INFO - 419 pages parsed (10600 domains)
2017-12-30 16:51:01,843 - Srapper_Del_Domains - INFO - 420 pages parsed (10625 domains)
2017-12-30 16:51:43,109 - Srapper_Del_Domains - INFO - 421 pages parsed (10650 domains)
2017-12-30 16:51:49,953 - Srapper_Del_Domains - INFO - 422 pages parsed (10675 domains)
2017-12-30 16:51:57,218 - Srapper_Del_Domains - INFO - 423 pages parsed (10700 domains)
2017-12-30 16:52:07,156 - Srapper_Del_Domains - INFO - 424 pages parsed (10725 domains)
2017-12-30 16:52:12,875 - Srapper_Del_Domains - INFO - 425 pages parsed (10750 domains)
2017-12-30 16:53:01,078 - Srapper_Del_Domains - INFO - 426 pages parsed (10775 domains)
2017-12-30 16:53:09,109 - Srapper_Del_Domains - INFO - 427 pages parsed (10800 domains)
2017-12-30 16:53:20,468 - Srapper_Del_Domains - INFO - 428 pages parsed (10825 domains)
2017-12-30 16:53:29,687 - Srapper_Del_Domains - INFO - 429 pages parsed (10850 domains)
2017-12-30 16:53:37,234 - Srapper_Del_Domains - INFO - 430 pages parsed (10875 domains)
2017-12-30 16:54:35,687 - Srapper_Del_Domains - INFO - 431 pages parsed (10900 domains)
2017-12-30 16:54:40,125 - Srapper_Del_Domains - INFO - 432 pages parsed (10925 domains)
2017-12-30 16:54:47,234 - Srapper_Del_Domains - INFO - 433 pages parsed (10950 domains)
2017-12-30 16:54:55,390 - Srapper_Del_Domains - INFO - 434 pages parsed (10975 domains)
2017-12-30 16:55:02,156 - Srapper_Del_Domains - INFO - 435 pages parsed (11000 domains)
2017-12-30 16:55:55,875 - Srapper_Del_Domains - INFO - 436 pages parsed (11025 domains)
2017-12-30 16:55:59,750 - Srapper_Del_Domains - INFO - 437 pages parsed (11050 domains)
2017-12-30 16:56:04,250 - Srapper_Del_Domains - INFO - 438 pages parsed (11075 domains)
2017-12-30 16:56:11,125 - Srapper_Del_Domains - INFO - 439 pages parsed (11100 domains)
2017-12-30 16:56:23,171 - Srapper_Del_Domains - INFO - 440 pages parsed (11125 domains)
2017-12-30 16:57:13,046 - Srapper_Del_Domains - INFO - 441 pages parsed (11150 domains)
2017-12-30 16:57:20,750 - Srapper_Del_Domains - INFO - 442 pages parsed (11175 domains)
2017-12-30 16:57:30,093 - Srapper_Del_Domains - INFO - 443 pages parsed (11200 domains)
2017-12-30 16:57:40,703 - Srapper_Del_Domains - INFO - 444 pages parsed (11225 domains)
2017-12-30 16:57:49,140 - Srapper_Del_Domains - INFO - 445 pages parsed (11250 domains)
2017-12-30 16:58:33,406 - Srapper_Del_Domains - INFO - 446 pages parsed (11275 domains)
2017-12-30 16:58:37,109 - Srapper_Del_Domains - INFO - 447 pages parsed (11300 domains)
2017-12-30 16:58:44,500 - Srapper_Del_Domains - INFO - 448 pages parsed (11325 domains)
2017-12-30 16:58:53,937 - Srapper_Del_Domains - INFO - 449 pages parsed (11350 domains)
2017-12-30 16:59:04,453 - Srapper_Del_Domains - INFO - 450 pages parsed (11375 domains)
2017-12-30 16:59:35,500 - Srapper_Del_Domains - INFO - 451 pages parsed (11400 domains)
2017-12-30 16:59:40,937 - Srapper_Del_Domains - INFO - 452 pages parsed (11425 domains)
2017-12-30 16:59:52,890 - Srapper_Del_Domains - INFO - 453 pages parsed (11450 domains)
2017-12-30 17:00:02,984 - Srapper_Del_Domains - INFO - 454 pages parsed (11475 domains)
2017-12-30 17:00:08,968 - Srapper_Del_Domains - INFO - 455 pages parsed (11500 domains)
2017-12-30 17:00:59,500 - Srapper_Del_Domains - INFO - 456 pages parsed (11525 domains)
2017-12-30 17:01:04,859 - Srapper_Del_Domains - INFO - 457 pages parsed (11550 domains)
2017-12-30 17:01:14,796 - Srapper_Del_Domains - INFO - 458 pages parsed (11575 domains)
2017-12-30 17:01:19,265 - Srapper_Del_Domains - INFO - 459 pages parsed (11600 domains)
2017-12-30 17:01:24,734 - Srapper_Del_Domains - INFO - 460 pages parsed (11625 domains)
2017-12-30 17:02:12,015 - Srapper_Del_Domains - INFO - 461 pages parsed (11650 domains)
2017-12-30 17:02:16,250 - Srapper_Del_Domains - INFO - 462 pages parsed (11675 domains)
2017-12-30 17:02:23,046 - Srapper_Del_Domains - INFO - 463 pages parsed (11700 domains)
2017-12-30 17:02:27,062 - Srapper_Del_Domains - INFO - 464 pages parsed (11725 domains)
2017-12-30 17:02:32,515 - Srapper_Del_Domains - INFO - 465 pages parsed (11750 domains)
2017-12-30 17:03:18,359 - Srapper_Del_Domains - INFO - 466 pages parsed (11775 domains)
2017-12-30 17:03:30,125 - Srapper_Del_Domains - INFO - 467 pages parsed (11800 domains)
2017-12-30 17:03:39,437 - Srapper_Del_Domains - INFO - 468 pages parsed (11825 domains)
2017-12-30 17:03:47,843 - Srapper_Del_Domains - INFO - 469 pages parsed (11850 domains)
2017-12-30 17:03:54,421 - Srapper_Del_Domains - INFO - 470 pages parsed (11875 domains)
2017-12-30 17:04:38,062 - Srapper_Del_Domains - INFO - 471 pages parsed (11900 domains)
2017-12-30 17:04:49,406 - Srapper_Del_Domains - INFO - 472 pages parsed (11925 domains)
2017-12-30 17:04:55,062 - Srapper_Del_Domains - INFO - 473 pages parsed (11950 domains)
2017-12-30 17:05:06,031 - Srapper_Del_Domains - INFO - 474 pages parsed (11975 domains)
2017-12-30 17:05:13,812 - Srapper_Del_Domains - INFO - 475 pages parsed (12000 domains)
2017-12-30 17:06:01,281 - Srapper_Del_Domains - INFO - 476 pages parsed (12025 domains)
2017-12-30 17:06:06,578 - Srapper_Del_Domains - INFO - 477 pages parsed (12050 domains)
2017-12-30 17:06:12,328 - Srapper_Del_Domains - INFO - 478 pages parsed (12075 domains)
2017-12-30 17:06:21,250 - Srapper_Del_Domains - INFO - 479 pages parsed (12100 domains)
2017-12-30 17:06:25,437 - Srapper_Del_Domains - INFO - 480 pages parsed (12125 domains)
2017-12-30 17:06:56,531 - Srapper_Del_Domains - INFO - 481 pages parsed (12150 domains)
2017-12-30 17:07:08,234 - Srapper_Del_Domains - INFO - 482 pages parsed (12175 domains)
2017-12-30 17:07:16,265 - Srapper_Del_Domains - INFO - 483 pages parsed (12200 domains)
2017-12-30 17:07:25,406 - Srapper_Del_Domains - INFO - 484 pages parsed (12225 domains)
2017-12-30 17:07:35,453 - Srapper_Del_Domains - INFO - 485 pages parsed (12250 domains)
2017-12-30 17:08:26,046 - Srapper_Del_Domains - INFO - 486 pages parsed (12275 domains)
2017-12-30 17:08:31,437 - Srapper_Del_Domains - INFO - 487 pages parsed (12300 domains)
2017-12-30 17:08:32,500 - Srapper_Del_Domains - ERROR - Timeout: https://member.expireddomains.net/domains/expiredinfo/?start=12300. Try 1 of 4 (set timeout to 1)
2017-12-30 17:08:49,812 - Srapper_Del_Domains - INFO - 488 pages parsed (12325 domains)
2017-12-30 17:08:58,437 - Srapper_Del_Domains - INFO - 489 pages parsed (12350 domains)
2017-12-30 17:09:08,500 - Srapper_Del_Domains - INFO - 490 pages parsed (12375 domains)
2017-12-30 17:09:58,375 - Srapper_Del_Domains - INFO - 491 pages parsed (12400 domains)
2017-12-30 17:10:02,328 - Srapper_Del_Domains - INFO - 492 pages parsed (12425 domains)
2017-12-30 17:10:13,718 - Srapper_Del_Domains - INFO - 493 pages parsed (12450 domains)
2017-12-30 17:10:24,156 - Srapper_Del_Domains - INFO - 494 pages parsed (12475 domains)
2017-12-30 17:10:34,750 - Srapper_Del_Domains - INFO - 495 pages parsed (12500 domains)
2017-12-30 17:11:07,062 - Srapper_Del_Domains - INFO - 496 pages parsed (12525 domains)
2017-12-30 17:11:19,281 - Srapper_Del_Domains - INFO - 497 pages parsed (12550 domains)
2017-12-30 17:11:27,531 - Srapper_Del_Domains - INFO - 498 pages parsed (12575 domains)
2017-12-30 17:11:38,265 - Srapper_Del_Domains - INFO - 499 pages parsed (12600 domains)
2017-12-30 17:11:41,828 - Srapper_Del_Domains - INFO - 500 pages parsed (12625 domains)
2017-12-30 17:12:15,015 - Srapper_Del_Domains - INFO - 501 pages parsed (12650 domains)
2017-12-30 17:12:20,484 - Srapper_Del_Domains - INFO - 502 pages parsed (12675 domains)
2017-12-30 17:12:26,328 - Srapper_Del_Domains - INFO - 503 pages parsed (12700 domains)
2017-12-30 17:12:33,984 - Srapper_Del_Domains - INFO - 504 pages parsed (12725 domains)
2017-12-30 17:12:47,171 - Srapper_Del_Domains - INFO - 505 pages parsed (12750 domains)
2017-12-30 17:13:19,921 - Srapper_Del_Domains - INFO - 506 pages parsed (12775 domains)
2017-12-30 17:13:25,359 - Srapper_Del_Domains - INFO - 507 pages parsed (12800 domains)
2017-12-30 17:13:31,671 - Srapper_Del_Domains - INFO - 508 pages parsed (12825 domains)
2017-12-30 17:13:42,078 - Srapper_Del_Domains - INFO - 509 pages parsed (12850 domains)
2017-12-30 17:13:50,250 - Srapper_Del_Domains - INFO - 510 pages parsed (12875 domains)
2017-12-30 17:14:33,671 - Srapper_Del_Domains - INFO - 511 pages parsed (12900 domains)
2017-12-30 17:14:37,906 - Srapper_Del_Domains - INFO - 512 pages parsed (12925 domains)
2017-12-30 17:14:45,765 - Srapper_Del_Domains - INFO - 513 pages parsed (12950 domains)
2017-12-30 17:14:50,437 - Srapper_Del_Domains - INFO - 514 pages parsed (12975 domains)
2017-12-30 17:14:59,125 - Srapper_Del_Domains - INFO - 515 pages parsed (13000 domains)
2017-12-30 17:15:41,281 - Srapper_Del_Domains - INFO - 516 pages parsed (13025 domains)
2017-12-30 17:15:49,109 - Srapper_Del_Domains - INFO - 517 pages parsed (13050 domains)
2017-12-30 17:15:57,437 - Srapper_Del_Domains - INFO - 518 pages parsed (13075 domains)
2017-12-30 17:16:02,468 - Srapper_Del_Domains - INFO - 519 pages parsed (13100 domains)
2017-12-30 17:16:06,906 - Srapper_Del_Domains - INFO - 520 pages parsed (13125 domains)
2017-12-30 17:16:47,031 - Srapper_Del_Domains - INFO - 521 pages parsed (13150 domains)
2017-12-30 17:16:51,203 - Srapper_Del_Domains - INFO - 522 pages parsed (13175 domains)
2017-12-30 17:16:57,953 - Srapper_Del_Domains - INFO - 523 pages parsed (13200 domains)
2017-12-30 17:17:05,281 - Srapper_Del_Domains - INFO - 524 pages parsed (13225 domains)
2017-12-30 17:17:16,484 - Srapper_Del_Domains - INFO - 525 pages parsed (13250 domains)
2017-12-30 17:18:09,484 - Srapper_Del_Domains - INFO - 526 pages parsed (13275 domains)
2017-12-30 17:18:19,578 - Srapper_Del_Domains - INFO - 527 pages parsed (13300 domains)
2017-12-30 17:18:24,859 - Srapper_Del_Domains - INFO - 528 pages parsed (13325 domains)
2017-12-30 17:18:31,984 - Srapper_Del_Domains - INFO - 529 pages parsed (13350 domains)
2017-12-30 17:18:36,781 - Srapper_Del_Domains - INFO - 530 pages parsed (13375 domains)
2017-12-30 17:19:13,437 - Srapper_Del_Domains - INFO - 531 pages parsed (13400 domains)
2017-12-30 17:19:22,000 - Srapper_Del_Domains - INFO - 532 pages parsed (13425 domains)
2017-12-30 17:19:26,546 - Srapper_Del_Domains - INFO - 533 pages parsed (13450 domains)
2017-12-30 17:19:36,812 - Srapper_Del_Domains - INFO - 534 pages parsed (13475 domains)
2017-12-30 17:19:46,265 - Srapper_Del_Domains - INFO - 535 pages parsed (13500 domains)
2017-12-30 17:20:30,296 - Srapper_Del_Domains - INFO - 536 pages parsed (13525 domains)
2017-12-30 17:20:40,046 - Srapper_Del_Domains - INFO - 537 pages parsed (13550 domains)
2017-12-30 17:20:47,765 - Srapper_Del_Domains - INFO - 538 pages parsed (13575 domains)
2017-12-30 17:20:54,421 - Srapper_Del_Domains - INFO - 539 pages parsed (13600 domains)
2017-12-30 17:21:05,734 - Srapper_Del_Domains - INFO - 540 pages parsed (13625 domains)
2017-12-30 17:21:37,390 - Srapper_Del_Domains - INFO - 541 pages parsed (13650 domains)
2017-12-30 17:21:44,765 - Srapper_Del_Domains - INFO - 542 pages parsed (13675 domains)
2017-12-30 17:21:53,265 - Srapper_Del_Domains - INFO - 543 pages parsed (13700 domains)
2017-12-30 17:21:57,250 - Srapper_Del_Domains - INFO - 544 pages parsed (13725 domains)
2017-12-30 17:22:01,171 - Srapper_Del_Domains - INFO - 545 pages parsed (13750 domains)
2017-12-30 17:22:40,359 - Srapper_Del_Domains - INFO - 546 pages parsed (13775 domains)
2017-12-30 17:22:48,609 - Srapper_Del_Domains - INFO - 547 pages parsed (13800 domains)
2017-12-30 17:22:58,500 - Srapper_Del_Domains - INFO - 548 pages parsed (13825 domains)
2017-12-30 17:23:09,812 - Srapper_Del_Domains - INFO - 549 pages parsed (13850 domains)
2017-12-30 17:23:13,781 - Srapper_Del_Domains - INFO - 550 pages parsed (13875 domains)
2017-12-30 17:23:54,125 - Srapper_Del_Domains - INFO - 551 pages parsed (13900 domains)
2017-12-30 17:23:59,718 - Srapper_Del_Domains - INFO - 552 pages parsed (13925 domains)
2017-12-30 17:24:10,187 - Srapper_Del_Domains - INFO - 553 pages parsed (13950 domains)
2017-12-30 17:24:15,062 - Srapper_Del_Domains - INFO - 554 pages parsed (13975 domains)
2017-12-30 17:24:25,000 - Srapper_Del_Domains - INFO - 555 pages parsed (14000 domains)
2017-12-30 17:24:53,453 - Srapper_Del_Domains - INFO - 556 pages parsed (14025 domains)
2017-12-30 17:24:58,921 - Srapper_Del_Domains - INFO - 557 pages parsed (14050 domains)
2017-12-30 17:25:08,578 - Srapper_Del_Domains - INFO - 558 pages parsed (14075 domains)
2017-12-30 17:41:09,968 - Srapper_Del_Domains - INFO - Program started
2017-12-30 17:41:10,000 - Srapper_Del_Domains - INFO - JSON Export to results\result.json complete.
2017-12-30 17:42:53,375 - Srapper_Del_Domains - INFO - Program started
2017-12-30 17:46:28,390 - Srapper_Del_Domains - INFO - Program started
2017-12-30 17:46:28,468 - Srapper_Del_Domains - INFO - JSON Export to results\result.json complete.
2017-12-30 17:46:28,484 - Srapper_Del_Domains - INFO - TXT Export to results\result.txt complete.
2017-12-30 17:46:29,828 - Srapper_Del_Domains - INFO - XLS Export to results\result.xls complete.
2017-12-30 17:46:29,828 - Srapper_Del_Domains - INFO - Program finished
2017-12-30 18:57:51,281 - Srapper_Del_Domains - INFO - Program started
2017-12-30 18:57:51,359 - Srapper_Del_Domains - INFO - JSON Export to results\result.json complete.
2017-12-30 18:59:13,687 - Srapper_Del_Domains - INFO - Program started
2017-12-30 18:59:13,765 - Srapper_Del_Domains - INFO - JSON Export to results\result.json complete.
2017-12-30 18:59:13,781 - Srapper_Del_Domains - INFO - TXT Export to results\result.txt complete.
2017-12-30 18:59:14,843 - Srapper_Del_Domains - INFO - XLS Export to results\result.xls complete.
2017-12-30 18:59:14,843 - Srapper_Del_Domains - INFO - Program finished
2017-12-30 18:59:31,906 - Srapper_Del_Domains - INFO - Program started
2017-12-30 19:02:53,984 - Srapper_Del_Domains - INFO - Program started
2017-12-30 19:02:55,484 - Srapper_Del_Domains - INFO - Log in as PPKzavod success!
2017-12-30 19:02:56,484 - Srapper_Del_Domains - ERROR - Timeout: https://member.expireddomains.net/domains/expiredinfo/?start=14075. Try 1 of 4 (set timeout to 1)
2017-12-30 19:03:12,375 - Srapper_Del_Domains - INFO - 1 pages parsed (14100 domains)
2017-12-30 19:03:13,453 - Srapper_Del_Domains - INFO - Parsing canceled!
2017-12-30 19:03:13,453 - Srapper_Del_Domains - INFO - Parsing complete
2017-12-30 19:03:13,531 - Srapper_Del_Domains - INFO - JSON Export to results\result.json complete.
2017-12-30 19:03:13,546 - Srapper_Del_Domains - INFO - TXT Export to results\result.txt complete.
2017-12-30 19:03:14,687 - Srapper_Del_Domains - INFO - XLS Export to results\result.xls complete.
2017-12-30 19:03:14,687 - Srapper_Del_Domains - INFO - Program finished
2018-01-02 18:52:53,984 - Srapper_Del_Domains - INFO - Program started
2018-01-02 18:52:56,140 - Srapper_Del_Domains - INFO - Log in unsuccessful! Scrapping as anonimous.
2018-01-02 18:52:56,390 - Srapper_Del_Domains - ERROR - 404 Client Error: Not Found for url: https://www.expireddomains.net/domains/expiredinfo/?start=14100
2018-01-02 19:18:32,531 - Srapper_Del_Domains - INFO - Program started
2018-01-02 19:18:34,406 - Srapper_Del_Domains - INFO - Log in unsuccessful! Scrapping as anonimous.
2018-01-02 19:18:45,109 - Srapper_Del_Domains - INFO - 1 pages parsed (14125 domains)
2018-01-02 19:18:50,515 - Srapper_Del_Domains - INFO - 2 pages parsed (14150 domains)
2018-01-02 19:18:54,625 - Srapper_Del_Domains - INFO - 3 pages parsed (14175 domains)
2018-01-02 19:18:57,218 - Srapper_Del_Domains - INFO - 4 pages parsed (14200 domains)
2018-01-02 19:19:01,406 - Srapper_Del_Domains - INFO - 5 pages parsed (14225 domains)
2018-01-02 19:19:41,515 - Srapper_Del_Domains - INFO - 6 pages parsed (14250 domains)
2018-01-02 19:19:44,125 - Srapper_Del_Domains - INFO - 7 pages parsed (14275 domains)
2018-01-02 19:19:49,375 - Srapper_Del_Domains - INFO - 8 pages parsed (14300 domains)
2018-01-02 19:19:54,687 - Srapper_Del_Domains - INFO - 9 pages parsed (14325 domains)
2018-01-02 19:19:57,765 - Srapper_Del_Domains - INFO - 10 pages parsed (14350 domains)
2018-01-02 19:20:41,390 - Srapper_Del_Domains - INFO - 11 pages parsed (14375 domains)
2018-01-02 19:20:47,375 - Srapper_Del_Domains - INFO - 12 pages parsed (14400 domains)
2018-01-02 19:20:52,234 - Srapper_Del_Domains - INFO - 13 pages parsed (14425 domains)
2018-01-02 19:20:55,531 - Srapper_Del_Domains - INFO - 14 pages parsed (14450 domains)
2018-01-02 19:20:59,718 - Srapper_Del_Domains - INFO - 15 pages parsed (14475 domains)
2018-01-02 19:21:05,390 - Srapper_Del_Domains - INFO - Program started
2018-01-02 19:21:07,218 - Srapper_Del_Domains - INFO - Log in unsuccessful! Scrapping as anonimous.
2018-01-02 19:21:15,140 - Srapper_Del_Domains - INFO - 1 pages parsed (25 domains)
2018-01-02 19:21:19,359 - Srapper_Del_Domains - INFO - 2 pages parsed (50 domains)
2018-01-02 19:21:22,062 - Srapper_Del_Domains - INFO - 3 pages parsed (75 domains)
2018-01-02 19:21:24,968 - Srapper_Del_Domains - INFO - 4 pages parsed (100 domains)
2018-01-02 19:21:30,453 - Srapper_Del_Domains - INFO - 5 pages parsed (125 domains)
2018-01-02 19:22:12,500 - Srapper_Del_Domains - INFO - 6 pages parsed (150 domains)
2018-01-02 19:22:16,328 - Srapper_Del_Domains - INFO - 7 pages parsed (175 domains)
2018-01-02 19:22:20,796 - Srapper_Del_Domains - INFO - 8 pages parsed (200 domains)
2018-01-02 19:22:25,843 - Srapper_Del_Domains - INFO - 9 pages parsed (225 domains)
2018-01-02 19:22:28,062 - Srapper_Del_Domains - INFO - 10 pages parsed (250 domains)
2018-01-02 19:23:04,562 - Srapper_Del_Domains - INFO - 11 pages parsed (275 domains)
2018-01-02 19:23:09,312 - Srapper_Del_Domains - INFO - 12 pages parsed (300 domains)
2018-01-02 19:23:14,046 - Srapper_Del_Domains - INFO - 13 pages parsed (325 domains)
2018-01-02 19:23:19,750 - Srapper_Del_Domains - INFO - 14 pages parsed (350 domains)
2018-01-02 19:23:22,562 - Srapper_Del_Domains - INFO - 15 pages parsed (375 domains)
2018-01-02 19:23:49,390 - Srapper_Del_Domains - INFO - 16 pages parsed (400 domains)
2018-01-02 19:23:52,890 - Srapper_Del_Domains - INFO - 17 pages parsed (425 domains)
2018-01-02 19:23:57,734 - Srapper_Del_Domains - INFO - 18 pages parsed (450 domains)
2018-01-02 19:24:00,531 - Srapper_Del_Domains - INFO - 19 pages parsed (475 domains)
2018-01-02 19:24:02,968 - Srapper_Del_Domains - INFO - 20 pages parsed (500 domains)
2018-01-02 19:24:51,421 - Srapper_Del_Domains - INFO - 21 pages parsed (525 domains)
2018-01-02 19:24:53,843 - Srapper_Del_Domains - INFO - 22 pages parsed (550 domains)
2018-01-02 19:24:59,843 - Srapper_Del_Domains - INFO - 23 pages parsed (575 domains)
2018-01-02 19:25:04,453 - Srapper_Del_Domains - INFO - 24 pages parsed (600 domains)
2018-01-02 19:25:07,484 - Srapper_Del_Domains - INFO - 25 pages parsed (625 domains)
2018-01-02 19:25:56,500 - Srapper_Del_Domains - INFO - 26 pages parsed (650 domains)
2018-01-02 19:26:01,968 - Srapper_Del_Domains - INFO - 27 pages parsed (675 domains)
2018-01-02 19:26:06,593 - Srapper_Del_Domains - INFO - 28 pages parsed (700 domains)
2018-01-02 19:26:08,609 - Srapper_Del_Domains - INFO - 29 pages parsed (725 domains)
2018-01-02 19:26:11,953 - Srapper_Del_Domains - INFO - 30 pages parsed (750 domains)
2018-01-02 19:26:39,656 - Srapper_Del_Domains - INFO - 31 pages parsed (775 domains)
2018-01-02 19:26:44,515 - Srapper_Del_Domains - INFO - 32 pages parsed (800 domains)
2018-01-02 19:26:49,437 - Srapper_Del_Domains - INFO - 33 pages parsed (825 domains)
2018-01-02 19:26:53,953 - Srapper_Del_Domains - INFO - 34 pages parsed (850 domains)
2018-01-02 19:26:57,843 - Srapper_Del_Domains - INFO - 35 pages parsed (875 domains)
2018-01-02 19:27:40,609 - Srapper_Del_Domains - INFO - 36 pages parsed (900 domains)
2018-01-02 19:27:44,765 - Srapper_Del_Domains - INFO - 37 pages parsed (925 domains)
2018-01-02 19:27:48,921 - Srapper_Del_Domains - INFO - 38 pages parsed (950 domains)
2018-01-02 19:27:53,640 - Srapper_Del_Domains - INFO - 39 pages parsed (975 domains)
2018-01-02 19:27:56,156 - Srapper_Del_Domains - INFO - 40 pages parsed (1000 domains)
2018-01-02 19:28:21,593 - Srapper_Del_Domains - INFO - 41 pages parsed (1025 domains)
2018-01-02 19:28:27,140 - Srapper_Del_Domains - INFO - 42 pages parsed (1050 domains)
2018-01-02 19:28:29,765 - Srapper_Del_Domains - INFO - 43 pages parsed (1075 domains)
2018-01-02 19:28:32,750 - Srapper_Del_Domains - INFO - 44 pages parsed (1100 domains)
2018-01-02 19:28:36,484 - Srapper_Del_Domains - INFO - 45 pages parsed (1125 domains)
2018-01-02 19:29:28,437 - Srapper_Del_Domains - INFO - 46 pages parsed (1150 domains)
2018-01-02 19:29:34,781 - Srapper_Del_Domains - INFO - 47 pages parsed (1175 domains)
2018-01-02 19:29:36,921 - Srapper_Del_Domains - INFO - 48 pages parsed (1200 domains)
2018-01-02 19:29:39,343 - Srapper_Del_Domains - INFO - 49 pages parsed (1225 domains)
2018-01-02 19:29:41,953 - Srapper_Del_Domains - INFO - 50 pages parsed (1250 domains)
2018-01-02 19:30:21,421 - Srapper_Del_Domains - INFO - 51 pages parsed (1275 domains)
2018-01-02 19:30:26,687 - Srapper_Del_Domains - INFO - 52 pages parsed (1300 domains)
2018-01-02 19:30:30,062 - Srapper_Del_Domains - INFO - 53 pages parsed (1325 domains)
2018-01-02 19:30:35,546 - Srapper_Del_Domains - INFO - 54 pages parsed (1350 domains)
2018-01-02 19:30:42,015 - Srapper_Del_Domains - INFO - 55 pages parsed (1375 domains)
2018-01-02 19:31:27,203 - Srapper_Del_Domains - INFO - 56 pages parsed (1400 domains)
2018-01-02 19:31:29,468 - Srapper_Del_Domains - INFO - 57 pages parsed (1425 domains)
2018-01-02 19:31:33,578 - Srapper_Del_Domains - INFO - 58 pages parsed (1450 domains)
2018-01-02 19:31:35,828 - Srapper_Del_Domains - INFO - 59 pages parsed (1475 domains)
2018-01-02 19:31:41,531 - Srapper_Del_Domains - INFO - 60 pages parsed (1500 domains)
2018-01-02 19:32:28,796 - Srapper_Del_Domains - INFO - 61 pages parsed (1525 domains)
2018-01-02 19:32:33,578 - Srapper_Del_Domains - INFO - 62 pages parsed (1550 domains)
2018-01-02 19:32:37,015 - Srapper_Del_Domains - INFO - 63 pages parsed (1575 domains)
2018-01-02 19:32:42,562 - Srapper_Del_Domains - INFO - 64 pages parsed (1600 domains)
2018-01-02 19:32:49,671 - Srapper_Del_Domains - INFO - 65 pages parsed (1625 domains)
2018-01-02 19:33:29,875 - Srapper_Del_Domains - INFO - 66 pages parsed (1650 domains)
2018-01-02 19:33:35,796 - Srapper_Del_Domains - INFO - 67 pages parsed (1675 domains)
2018-01-02 19:33:39,343 - Srapper_Del_Domains - INFO - 68 pages parsed (1700 domains)
2018-01-02 19:33:45,156 - Srapper_Del_Domains - INFO - 69 pages parsed (1725 domains)
2018-01-02 19:33:48,140 - Srapper_Del_Domains - INFO - 70 pages parsed (1750 domains)
2018-01-02 19:34:33,875 - Srapper_Del_Domains - INFO - 71 pages parsed (1775 domains)
2018-01-02 19:34:36,062 - Srapper_Del_Domains - INFO - 72 pages parsed (1800 domains)
2018-01-02 19:34:39,609 - Srapper_Del_Domains - INFO - 73 pages parsed (1825 domains)
2018-01-02 19:34:43,140 - Srapper_Del_Domains - INFO - 74 pages parsed (1850 domains)
2018-01-02 19:34:46,656 - Srapper_Del_Domains - INFO - 75 pages parsed (1875 domains)
2018-01-02 19:35:10,750 - Srapper_Del_Domains - INFO - 76 pages parsed (1900 domains)
2018-01-02 19:35:14,296 - Srapper_Del_Domains - INFO - 77 pages parsed (1925 domains)
2018-01-02 19:35:21,593 - Srapper_Del_Domains - INFO - 78 pages parsed (1950 domains)
2018-01-02 19:35:28,015 - Srapper_Del_Domains - INFO - 79 pages parsed (1975 domains)
2018-01-02 19:35:34,078 - Srapper_Del_Domains - INFO - 80 pages parsed (2000 domains)
2018-01-02 19:35:59,453 - Srapper_Del_Domains - INFO - 81 pages parsed (2025 domains)
2018-01-02 19:36:00,296 - Srapper_Del_Domains - INFO - 82 pages parsed (2025 domains)
2018-01-02 19:36:00,312 - Srapper_Del_Domains - INFO - Parsing complete
2018-01-02 19:36:00,375 - Srapper_Del_Domains - INFO - JSON Export to results\result.json complete.
2018-01-02 19:36:00,375 - Srapper_Del_Domains - INFO - TXT Export to results\result.txt complete.
2018-01-02 19:36:00,609 - Srapper_Del_Domains - INFO - XLS Export to results\result.xls complete.
2018-01-02 19:36:00,609 - Srapper_Del_Domains - INFO - Program finished
